Log file open, 02/17/21 01:50:52
LogInit: Display: Running engine for game: CarbonPushTwo
LogPlatformFile: Not using cached read wrapper
LogTaskGraph: Started task graph with 5 named threads and 23 total threads with 3 sets of task threads.
LogStats: Stats thread started at 0.343478
LogD3D11RHI: Loaded GFSDK_Aftermath_Lib.x64.dll
LogICUInternationalization: ICU TimeZone Detection - Raw Offset: +0:00, Platform Override: ''
LogPluginManager: Mounting plugin Paper2D
LogPluginManager: Mounting plugin AISupport
LogPluginManager: Mounting plugin LightPropagationVolume
LogPluginManager: Mounting plugin CameraShakePreviewer
LogPluginManager: Mounting plugin ActorLayerUtilities
LogPluginManager: Mounting plugin AnimationSharing
LogPluginManager: Mounting plugin CLionSourceCodeAccess
LogPluginManager: Mounting plugin CodeLiteSourceCodeAccess
LogPluginManager: Mounting plugin GitSourceControl
LogPluginManager: Mounting plugin KDevelopSourceCodeAccess
LogPluginManager: Mounting plugin NullSourceCodeAccess
LogPluginManager: Mounting plugin PerforceSourceControl
LogPluginManager: Mounting plugin PlasticSourceControl
LogPluginManager: Mounting plugin RiderSourceCodeAccess
LogPluginManager: Mounting plugin SubversionSourceControl
LogPluginManager: Mounting plugin UObjectPlugin
LogPluginManager: Mounting plugin VisualStudioCodeSourceCodeAccess
LogPluginManager: Mounting plugin VisualStudioSourceCodeAccess
LogPluginManager: Mounting plugin XCodeSourceCodeAccess
LogPluginManager: Mounting plugin AssetManagerEditor
LogPluginManager: Mounting plugin CryptoKeys
LogPluginManager: Mounting plugin CurveEditorTools
LogPluginManager: Mounting plugin DataValidation
LogPluginManager: Mounting plugin EditorScriptingUtilities
LogPluginManager: Mounting plugin FacialAnimation
LogPluginManager: Mounting plugin GameplayTagsEditor
LogPluginManager: Mounting plugin GeometryMode
LogPluginManager: Mounting plugin MacGraphicsSwitching
LogPluginManager: Mounting plugin MaterialAnalyzer
LogPluginManager: Mounting plugin MobileLauncherProfileWizard
LogPluginManager: Mounting plugin PluginBrowser
LogPluginManager: Mounting plugin SpeedTreeImporter
LogPluginManager: Mounting plugin DatasmithContent
LogPluginManager: Mounting plugin VariantManagerContent
LogPluginManager: Mounting plugin AlembicImporter
LogPluginManager: Mounting plugin AutomationUtils
LogPluginManager: Mounting plugin BackChannel
LogPluginManager: Mounting plugin ChaosCloth
LogPluginManager: Mounting plugin ChaosClothEditor
LogPluginManager: Mounting plugin ChaosEditor
LogPluginManager: Mounting plugin ChaosNiagara
LogPluginManager: Mounting plugin ChaosSolverPlugin
LogPluginManager: Mounting plugin CharacterAI
LogPluginManager: Mounting plugin GeometryCache
LogPluginManager: Mounting plugin GeometryCollectionPlugin
LogPluginManager: Mounting plugin GeometryProcessing
LogPluginManager: Mounting plugin PlanarCut
LogPluginManager: Mounting plugin PlatformCrypto
LogPluginManager: Mounting plugin ProxyLODPlugin
LogPluginManager: Mounting plugin SkeletalReduction
LogPluginManager: Mounting plugin Niagara
LogPluginManager: Mounting plugin MagicLeap
LogPluginManager: Mounting plugin MagicLeapLightEstimation
LogPluginManager: Mounting plugin MagicLeapMedia
LogPluginManager: Mounting plugin MagicLeapPassableWorld
LogPluginManager: Mounting plugin MLSDK
LogPluginManager: Mounting plugin AndroidMedia
LogPluginManager: Mounting plugin AvfMedia
LogPluginManager: Mounting plugin ImgMedia
LogPluginManager: Mounting plugin MediaCompositing
LogPluginManager: Mounting plugin MediaPlayerEditor
LogPluginManager: Mounting plugin WebMMedia
LogPluginManager: Mounting plugin WmfMedia
LogPluginManager: Mounting plugin MeshPainting
LogPluginManager: Mounting plugin TcpMessaging
LogPluginManager: Mounting plugin UdpMessaging
LogPluginManager: Mounting plugin ActorSequence
LogPluginManager: Mounting plugin LevelSequenceEditor
LogPluginManager: Mounting plugin MatineeToLevelSequence
LogPluginManager: Mounting plugin MovieRenderPipeline
LogPluginManager: Mounting plugin TemplateSequence
LogPluginManager: Mounting plugin NetcodeUnitTest
LogPluginManager: Mounting plugin NUTUnrealEngine4
LogPluginManager: Mounting plugin OnlineSubsystemGooglePlay
LogPluginManager: Mounting plugin OnlineSubsystemIOS
LogPluginManager: Mounting plugin OnlineSubsystem
LogPluginManager: Mounting plugin OnlineSubsystemNull
LogPluginManager: Mounting plugin OnlineSubsystemUtils
LogPluginManager: Mounting plugin LauncherChunkInstaller
LogPluginManager: Mounting plugin AndroidDeviceProfileSelector
LogPluginManager: Mounting plugin AndroidMoviePlayer
LogPluginManager: Mounting plugin AndroidPermission
LogPluginManager: Mounting plugin ApexDestruction
LogPluginManager: Mounting plugin AppleImageUtils
LogPluginManager: Mounting plugin AppleMoviePlayer
LogPluginManager: Mounting plugin ArchVisCharacter
LogPluginManager: Mounting plugin AssetTags
LogPluginManager: Mounting plugin AudioCapture
LogPluginManager: Mounting plugin CableComponent
LogPluginManager: Mounting plugin CustomMeshComponent
LogPluginManager: Mounting plugin EditableMesh
LogPluginManager: Mounting plugin ExampleDeviceProfileSelector
LogPluginManager: Mounting plugin GoogleCloudMessaging
LogPluginManager: Mounting plugin GooglePAD
LogPluginManager: Mounting plugin IOSDeviceProfileSelector
LogPluginManager: Mounting plugin LinuxDeviceProfileSelector
LogPluginManager: Mounting plugin LocationServicesBPLibrary
LogPluginManager: Mounting plugin MobilePatchingUtils
LogPluginManager: Mounting plugin OculusVR
LogPluginManager: Mounting plugin PhysXVehicles
LogPluginManager: Mounting plugin PostSplashScreen
LogPluginManager: Mounting plugin ProceduralMeshComponent
LogPluginManager: Mounting plugin RuntimePhysXCooking
LogPluginManager: Mounting plugin SignificanceManager
LogPluginManager: Mounting plugin SoundFields
LogPluginManager: Mounting plugin SteamVR
LogPluginManager: Mounting plugin Synthesis
LogPluginManager: Mounting plugin WebMMoviePlayer
LogPluginManager: Mounting plugin WindowsMoviePlayer
LogPluginManager: Mounting plugin ScreenshotTools
LogInit: Using libcurl 7.55.1-DEV
LogInit:  - built for x86_64-pc-win32
LogInit:  - supports SSL with OpenSSL/1.1.1
LogInit:  - supports HTTP deflate (compression) using libz 1.2.8
LogInit:  - other features:
LogInit:      CURL_VERSION_SSL
LogInit:      CURL_VERSION_LIBZ
LogInit:      CURL_VERSION_IPV6
LogInit:      CURL_VERSION_ASYNCHDNS
LogInit:      CURL_VERSION_LARGEFILE
LogInit:      CURL_VERSION_IDN
LogInit:  CurlRequestOptions (configurable via config and command line):
LogInit:  - bVerifyPeer = true  - Libcurl will verify peer certificate
LogInit:  - bUseHttpProxy = false  - Libcurl will NOT use HTTP proxy
LogInit:  - bDontReuseConnections = false  - Libcurl will reuse connections
LogInit:  - MaxHostConnections = 16  - Libcurl will limit the number of connections to a host
LogInit:  - LocalHostAddr = Default
LogInit:  - BufferSize = 65536
LogOnline: OSS: Creating online subsystem instance for: NULL
LogInit: WinSock: version 1.1 (2.2), MaxSocks=32767, MaxUdp=65467
LogOnline: OSS: TryLoadSubsystemAndSetDefault: Loaded subsystem for module [NULL]
LogInit: Build: ++UE4+Release-4.25-CL-14469661
LogInit: Engine Version: 4.25.4-14469661+++UE4+Release-4.25
LogInit: Compatible Engine Version: 4.25.0-13144385+++UE4+Release-4.25
LogInit: Net CL: 13144385
LogInit: OS: Windows 10 (Release 2009) (), CPU: Intel(R) Core(TM) i7-4770 CPU @ 3.40GHz, GPU: NVIDIA GeForce GTX 1060 6GB
LogInit: Compiled (64-bit): Oct 11 2020 08:10:49
LogInit: Compiled with Visual C++: 19.24.28315.00
LogInit: Build Configuration: Development
LogInit: Branch Name: ++UE4+Release-4.25
LogInit: Command Line:  -skipcompile
LogInit: Base Directory: E:/UNREAL ENGINE/UE_4.25/Engine/Binaries/Win64/
LogInit: Allocator: TBB
LogInit: Installed Engine Build: 1
LogDevObjectVersion: Number of dev versions registered: 26
LogDevObjectVersion:   Dev-Blueprints (B0D832E4-1F89-4F0D-ACCF-7EB736FD4AA2): 10
LogDevObjectVersion:   Dev-Build (E1C64328-A22C-4D53-A36C-8E866417BD8C): 0
LogDevObjectVersion:   Dev-Core (375EC13C-06E4-48FB-B500-84F0262A717E): 4
LogDevObjectVersion:   Dev-Editor (E4B068ED-F494-42E9-A231-DA0B2E46BB41): 38
LogDevObjectVersion:   Dev-Framework (CFFC743F-43B0-4480-9391-14DF171D2073): 37
LogDevObjectVersion:   Dev-Mobile (B02B49B5-BB20-44E9-A304-32B752E40360): 2
LogDevObjectVersion:   Dev-Networking (A4E4105C-59A1-49B5-A7C5-40C4547EDFEE): 0
LogDevObjectVersion:   Dev-Online (39C831C9-5AE6-47DC-9A44-9C173E1C8E7C): 0
LogDevObjectVersion:   Dev-Physics (78F01B33-EBEA-4F98-B9B4-84EACCB95AA2): 4
LogDevObjectVersion:   Dev-Platform (6631380F-2D4D-43E0-8009-CF276956A95A): 0
LogDevObjectVersion:   Dev-Rendering (12F88B9F-8875-4AFC-A67C-D90C383ABD29): 43
LogDevObjectVersion:   Dev-Sequencer (7B5AE74C-D270-4C10-A958-57980B212A5A): 12
LogDevObjectVersion:   Dev-VR (D7296918-1DD6-4BDD-9DE2-64A83CC13884): 3
LogDevObjectVersion:   Dev-LoadTimes (C2A15278-BFE7-4AFE-6C17-90FF531DF755): 1
LogDevObjectVersion:   Private-Geometry (6EACA3D4-40EC-4CC1-B786-8BED09428FC5): 3
LogDevObjectVersion:   Dev-AnimPhys (29E575DD-E0A3-4627-9D10-D276232CDCEA): 17
LogDevObjectVersion:   Dev-Anim (AF43A65D-7FD3-4947-9873-3E8ED9C1BB05): 7
LogDevObjectVersion:   Dev-ReflectionCapture (6B266CEC-1EC7-4B8F-A30B-E4D90942FC07): 1
LogDevObjectVersion:   Dev-Automation (0DF73D61-A23F-47EA-B727-89E90C41499A): 1
LogDevObjectVersion:   FortniteMain (601D1886-AC64-4F84-AA16-D3DE0DEAC7D6): 31
LogDevObjectVersion:   Dev-Enterprise (9DFFBCD6-494F-0158-E221-12823C92A888): 10
LogDevObjectVersion:   Dev-Niagara (F2AED0AC-9AFE-416F-8664-AA7FFA26D6FC): 1
LogDevObjectVersion:   Dev-Destruction (174F1F0B-B4C6-45A5-B13F-2EE8D0FB917D): 10
LogDevObjectVersion:   Dev-Physics-Ext (35F94A83-E258-406C-A318-09F59610247C): 37
LogDevObjectVersion:   Dev-PhysicsMaterial-Chaos (B68FC16E-8B1B-42E2-B453-215C058844FE): 1
LogDevObjectVersion:   Dev-CineCamera (B2E18506-4273-CFC2-A54E-F4BB758BBA07): 1
LogInit: Presizing for max 25165824 objects, including 0 objects not considered by GC, pre-allocating 0 bytes for permanent pool.
LogConfig: Applying CVar settings from Section [/Script/Engine.StreamingSettings] File [C:/Users/aveng/Documents/GitHub/CarbonPush2/CarbonPushTwo/Saved/Config/Windows/Engine.ini]
LogConfig: Setting CVar [[s.MinBulkDataSizeForAsyncLoading:131072]]
LogConfig: Setting CVar [[s.AsyncLoadingThreadEnabled:0]]
LogConfig: Setting CVar [[s.EventDrivenLoaderEnabled:1]]
LogConfig: Setting CVar [[s.WarnIfTimeLimitExceeded:0]]
LogConfig: Setting CVar [[s.TimeLimitExceededMultiplier:1.5]]
LogConfig: Setting CVar [[s.TimeLimitExceededMinTime:0.005]]
LogConfig: Setting CVar [[s.UseBackgroundLevelStreaming:1]]
LogConfig: Setting CVar [[s.PriorityAsyncLoadingExtraTime:15.0]]
LogConfig: Setting CVar [[s.LevelStreamingActorsUpdateTimeLimit:5.0]]
LogConfig: Setting CVar [[s.PriorityLevelStreamingActorsUpdateExtraTime:5.0]]
LogConfig: Setting CVar [[s.LevelStreamingComponentsRegistrationGranularity:10]]
LogConfig: Setting CVar [[s.UnregisterComponentsTimeLimit:1.0]]
LogConfig: Setting CVar [[s.LevelStreamingComponentsUnregistrationGranularity:5]]
LogConfig: Setting CVar [[s.FlushStreamingOnExit:1]]
LogInit: Object subsystem initialized
LogConfig: Setting CVar [[con.DebugEarlyDefault:1]]
LogConfig: Setting CVar [[r.setres:1280x720]]
[2021.02.17-01.50.52:995][  0]LogConfig: Setting CVar [[r.VSync:0]]
[2021.02.17-01.50.52:995][  0]LogConfig: Setting CVar [[r.RHICmdBypass:0]]
[2021.02.17-01.50.52:995][  0]LogConfig: Applying CVar settings from Section [/Script/Engine.RendererSettings] File [C:/Users/aveng/Documents/GitHub/CarbonPush2/CarbonPushTwo/Saved/Config/Windows/Engine.ini]
[2021.02.17-01.50.52:995][  0]LogConfig: Setting CVar [[r.GPUCrashDebugging:0]]
[2021.02.17-01.50.52:996][  0]LogConfig: Applying CVar settings from Section [/Script/Engine.RendererOverrideSettings] File [C:/Users/aveng/Documents/GitHub/CarbonPush2/CarbonPushTwo/Saved/Config/Windows/Engine.ini]
[2021.02.17-01.50.52:996][  0]LogConfig: Applying CVar settings from Section [/Script/Engine.StreamingSettings] File [C:/Users/aveng/Documents/GitHub/CarbonPush2/CarbonPushTwo/Saved/Config/Windows/Engine.ini]
[2021.02.17-01.50.52:996][  0]LogConfig: Setting CVar [[s.MinBulkDataSizeForAsyncLoading:131072]]
[2021.02.17-01.50.52:996][  0]LogConfig: Setting CVar [[s.AsyncLoadingThreadEnabled:0]]
[2021.02.17-01.50.52:996][  0]LogConfig: Setting CVar [[s.EventDrivenLoaderEnabled:1]]
[2021.02.17-01.50.52:996][  0]LogConfig: Setting CVar [[s.WarnIfTimeLimitExceeded:0]]
[2021.02.17-01.50.52:996][  0]LogConfig: Setting CVar [[s.TimeLimitExceededMultiplier:1.5]]
[2021.02.17-01.50.52:996][  0]LogConfig: Setting CVar [[s.TimeLimitExceededMinTime:0.005]]
[2021.02.17-01.50.52:996][  0]LogConfig: Setting CVar [[s.UseBackgroundLevelStreaming:1]]
[2021.02.17-01.50.52:996][  0]LogConfig: Setting CVar [[s.PriorityAsyncLoadingExtraTime:15.0]]
[2021.02.17-01.50.52:996][  0]LogConfig: Setting CVar [[s.LevelStreamingActorsUpdateTimeLimit:5.0]]
[2021.02.17-01.50.52:996][  0]LogConfig: Setting CVar [[s.PriorityLevelStreamingActorsUpdateExtraTime:5.0]]
[2021.02.17-01.50.52:996][  0]LogConfig: Setting CVar [[s.LevelStreamingComponentsRegistrationGranularity:10]]
[2021.02.17-01.50.52:996][  0]LogConfig: Setting CVar [[s.UnregisterComponentsTimeLimit:1.0]]
[2021.02.17-01.50.52:996][  0]LogConfig: Setting CVar [[s.LevelStreamingComponentsUnregistrationGranularity:5]]
[2021.02.17-01.50.52:996][  0]LogConfig: Setting CVar [[s.FlushStreamingOnExit:1]]
[2021.02.17-01.50.52:997][  0]LogConfig: Applying CVar settings from Section [/Script/Engine.GarbageCollectionSettings] File [C:/Users/aveng/Documents/GitHub/CarbonPush2/CarbonPushTwo/Saved/Config/Windows/Engine.ini]
[2021.02.17-01.50.52:997][  0]LogConfig: Setting CVar [[gc.MaxObjectsNotConsideredByGC:1]]
[2021.02.17-01.50.52:997][  0]LogConfig: Setting CVar [[gc.SizeOfPermanentObjectPool:0]]
[2021.02.17-01.50.52:997][  0]LogConfig: Setting CVar [[gc.FlushStreamingOnGC:0]]
[2021.02.17-01.50.52:997][  0]LogConfig: Setting CVar [[gc.NumRetriesBeforeForcingGC:10]]
[2021.02.17-01.50.52:997][  0]LogConfig: Setting CVar [[gc.AllowParallelGC:1]]
[2021.02.17-01.50.52:997][  0]LogConfig: Setting CVar [[gc.TimeBetweenPurgingPendingKillObjects:61.1]]
[2021.02.17-01.50.52:997][  0]LogConfig: Setting CVar [[gc.MaxObjectsInEditor:25165824]]
[2021.02.17-01.50.52:997][  0]LogConfig: Setting CVar [[gc.IncrementalBeginDestroyEnabled:1]]
[2021.02.17-01.50.52:997][  0]LogConfig: Setting CVar [[gc.CreateGCClusters:1]]
[2021.02.17-01.50.52:997][  0]LogConfig: Setting CVar [[gc.MinGCClusterSize:5]]
[2021.02.17-01.50.52:997][  0]LogConfig: Setting CVar [[gc.ActorClusteringEnabled:0]]
[2021.02.17-01.50.52:997][  0]LogConfig: Setting CVar [[gc.BlueprintClusteringEnabled:0]]
[2021.02.17-01.50.52:997][  0]LogConfig: Setting CVar [[gc.UseDisregardForGCOnDedicatedServers:0]]
[2021.02.17-01.50.52:997][  0]LogConfig: Applying CVar settings from Section [/Script/Engine.NetworkSettings] File [C:/Users/aveng/Documents/GitHub/CarbonPush2/CarbonPushTwo/Saved/Config/Windows/Engine.ini]
[2021.02.17-01.50.52:997][  0]LogConfig: Applying CVar settings from Section [/Script/UnrealEd.CookerSettings] File [C:/Users/aveng/Documents/GitHub/CarbonPush2/CarbonPushTwo/Saved/Config/Windows/Engine.ini]
[2021.02.17-01.50.53:004][  0]LogConfig: Applying CVar settings from Section [ViewDistanceQuality@3] File [C:/Users/aveng/Documents/GitHub/CarbonPush2/CarbonPushTwo/Saved/Config/Windows/Scalability.ini]
[2021.02.17-01.50.53:004][  0]LogConfig: Setting CVar [[r.SkeletalMeshLODBias:0]]
[2021.02.17-01.50.53:004][  0]LogConfig: Setting CVar [[r.ViewDistanceScale:1.0]]
[2021.02.17-01.50.53:004][  0]LogConfig: Applying CVar settings from Section [AntiAliasingQuality@3] File [C:/Users/aveng/Documents/GitHub/CarbonPush2/CarbonPushTwo/Saved/Config/Windows/Scalability.ini]
[2021.02.17-01.50.53:004][  0]LogConfig: Setting CVar [[r.PostProcessAAQuality:4]]
[2021.02.17-01.50.53:004][  0]LogConfig: Applying CVar settings from Section [ShadowQuality@3] File [C:/Users/aveng/Documents/GitHub/CarbonPush2/CarbonPushTwo/Saved/Config/Windows/Scalability.ini]
[2021.02.17-01.50.53:004][  0]LogConfig: Setting CVar [[r.LightFunctionQuality:1]]
[2021.02.17-01.50.53:004][  0]LogConfig: Setting CVar [[r.ShadowQuality:5]]
[2021.02.17-01.50.53:004][  0]LogConfig: Setting CVar [[r.Shadow.CSM.MaxCascades:10]]
[2021.02.17-01.50.53:005][  0]LogConfig: Setting CVar [[r.Shadow.MaxResolution:2048]]
[2021.02.17-01.50.53:005][  0]LogConfig: Setting CVar [[r.Shadow.MaxCSMResolution:2048]]
[2021.02.17-01.50.53:005][  0]LogConfig: Setting CVar [[r.Shadow.RadiusThreshold:0.01]]
[2021.02.17-01.50.53:005][  0]LogConfig: Setting CVar [[r.Shadow.DistanceScale:1.0]]
[2021.02.17-01.50.53:005][  0]LogConfig: Setting CVar [[r.Shadow.CSM.TransitionScale:1.0]]
[2021.02.17-01.50.53:005][  0]LogConfig: Setting CVar [[r.Shadow.PreShadowResolutionFactor:1.0]]
[2021.02.17-01.50.53:005][  0]LogConfig: Setting CVar [[r.DistanceFieldShadowing:1]]
[2021.02.17-01.50.53:005][  0]LogConfig: Setting CVar [[r.DistanceFieldAO:1]]
[2021.02.17-01.50.53:005][  0]LogConfig: Setting CVar [[r.AOQuality:2]]
[2021.02.17-01.50.53:005][  0]LogConfig: Setting CVar [[r.VolumetricFog:1]]
[2021.02.17-01.50.53:005][  0]LogConfig: Setting CVar [[r.VolumetricFog.GridPixelSize:8]]
[2021.02.17-01.50.53:005][  0]LogConfig: Setting CVar [[r.VolumetricFog.GridSizeZ:128]]
[2021.02.17-01.50.53:005][  0]LogConfig: Setting CVar [[r.VolumetricFog.HistoryMissSupersampleCount:4]]
[2021.02.17-01.50.53:005][  0]LogConfig: Setting CVar [[r.LightMaxDrawDistanceScale:1]]
[2021.02.17-01.50.53:005][  0]LogConfig: Setting CVar [[r.CapsuleShadows:1]]
[2021.02.17-01.50.53:005][  0]LogConfig: Applying CVar settings from Section [PostProcessQuality@3] File [C:/Users/aveng/Documents/GitHub/CarbonPush2/CarbonPushTwo/Saved/Config/Windows/Scalability.ini]
[2021.02.17-01.50.53:005][  0]LogConfig: Setting CVar [[r.MotionBlurQuality:4]]
[2021.02.17-01.50.53:005][  0]LogConfig: Setting CVar [[r.AmbientOcclusionMipLevelFactor:0.4]]
[2021.02.17-01.50.53:005][  0]LogConfig: Setting CVar [[r.AmbientOcclusionMaxQuality:100]]
[2021.02.17-01.50.53:005][  0]LogConfig: Setting CVar [[r.AmbientOcclusionLevels:-1]]
[2021.02.17-01.50.53:006][  0]LogConfig: Setting CVar [[r.AmbientOcclusionRadiusScale:1.0]]
[2021.02.17-01.50.53:006][  0]LogConfig: Setting CVar [[r.DepthOfFieldQuality:2]]
[2021.02.17-01.50.53:006][  0]LogConfig: Setting CVar [[r.RenderTargetPoolMin:400]]
[2021.02.17-01.50.53:006][  0]LogConfig: Setting CVar [[r.LensFlareQuality:2]]
[2021.02.17-01.50.53:006][  0]LogConfig: Setting CVar [[r.SceneColorFringeQuality:1]]
[2021.02.17-01.50.53:006][  0]LogConfig: Setting CVar [[r.EyeAdaptationQuality:2]]
[2021.02.17-01.50.53:006][  0]LogConfig: Setting CVar [[r.BloomQuality:5]]
[2021.02.17-01.50.53:006][  0]LogConfig: Setting CVar [[r.FastBlurThreshold:100]]
[2021.02.17-01.50.53:006][  0]LogConfig: Setting CVar [[r.Upscale.Quality:3]]
[2021.02.17-01.50.53:006][  0]LogConfig: Setting CVar [[r.Tonemapper.GrainQuantization:1]]
[2021.02.17-01.50.53:006][  0]LogConfig: Setting CVar [[r.LightShaftQuality:1]]
[2021.02.17-01.50.53:006][  0]LogConfig: Setting CVar [[r.Filter.SizeScale:1]]
[2021.02.17-01.50.53:006][  0]LogConfig: Setting CVar [[r.Tonemapper.Quality:5]]
[2021.02.17-01.50.53:006][  0]LogConfig: Setting CVar [[r.DOF.Gather.AccumulatorQuality:1        ; higher gathering accumulator quality]]
[2021.02.17-01.50.53:006][  0]LogConfig: Setting CVar [[r.DOF.Gather.PostfilterMethod:1          ; Median3x3 postfilering method]]
[2021.02.17-01.50.53:006][  0]LogConfig: Setting CVar [[r.DOF.Gather.EnableBokehSettings:0       ; no bokeh simulation when gathering]]
[2021.02.17-01.50.53:006][  0]LogConfig: Setting CVar [[r.DOF.Gather.RingCount:4                 ; medium number of samples when gathering]]
[2021.02.17-01.50.53:006][  0]LogConfig: Setting CVar [[r.DOF.Scatter.ForegroundCompositing:1    ; additive foreground scattering]]
[2021.02.17-01.50.53:006][  0]LogConfig: Setting CVar [[r.DOF.Scatter.BackgroundCompositing:2    ; additive background scattering]]
[2021.02.17-01.50.53:007][  0]LogConfig: Setting CVar [[r.DOF.Scatter.EnableBokehSettings:1      ; bokeh simulation when scattering]]
[2021.02.17-01.50.53:007][  0]LogConfig: Setting CVar [[r.DOF.Scatter.MaxSpriteRatio:0.1         ; only a maximum of 10% of scattered bokeh]]
[2021.02.17-01.50.53:007][  0]LogConfig: Setting CVar [[r.DOF.Recombine.Quality:1                ; cheap slight out of focus]]
[2021.02.17-01.50.53:007][  0]LogConfig: Setting CVar [[r.DOF.Recombine.EnableBokehSettings:0    ; no bokeh simulation on slight out of focus]]
[2021.02.17-01.50.53:007][  0]LogConfig: Setting CVar [[r.DOF.TemporalAAQuality:1                ; more stable temporal accumulation]]
[2021.02.17-01.50.53:007][  0]LogConfig: Setting CVar [[r.DOF.Kernel.MaxForegroundRadius:0.025]]
[2021.02.17-01.50.53:007][  0]LogConfig: Setting CVar [[r.DOF.Kernel.MaxBackgroundRadius:0.025]]
[2021.02.17-01.50.53:007][  0]LogConfig: Applying CVar settings from Section [TextureQuality@3] File [C:/Users/aveng/Documents/GitHub/CarbonPush2/CarbonPushTwo/Saved/Config/Windows/Scalability.ini]
[2021.02.17-01.50.53:007][  0]LogConfig: Setting CVar [[r.Streaming.MipBias:0]]
[2021.02.17-01.50.53:007][  0]LogConfig: Setting CVar [[r.Streaming.AmortizeCPUToGPUCopy:0]]
[2021.02.17-01.50.53:007][  0]LogConfig: Setting CVar [[r.Streaming.MaxNumTexturesToStreamPerFrame:0]]
[2021.02.17-01.50.53:007][  0]LogConfig: Setting CVar [[r.Streaming.Boost:1]]
[2021.02.17-01.50.53:007][  0]LogConfig: Setting CVar [[r.MaxAnisotropy:8]]
[2021.02.17-01.50.53:007][  0]LogConfig: Setting CVar [[r.VT.MaxAnisotropy:8]]
[2021.02.17-01.50.53:007][  0]LogConfig: Setting CVar [[r.Streaming.LimitPoolSizeToVRAM:0]]
[2021.02.17-01.50.53:007][  0]LogConfig: Setting CVar [[r.Streaming.PoolSize:1000]]
[2021.02.17-01.50.53:007][  0]LogConfig: Setting CVar [[r.Streaming.MaxEffectiveScreenSize:0]]
[2021.02.17-01.50.53:007][  0]LogConfig: Applying CVar settings from Section [EffectsQuality@3] File [C:/Users/aveng/Documents/GitHub/CarbonPush2/CarbonPushTwo/Saved/Config/Windows/Scalability.ini]
[2021.02.17-01.50.53:007][  0]LogConfig: Setting CVar [[r.TranslucencyLightingVolumeDim:64]]
[2021.02.17-01.50.53:007][  0]LogConfig: Setting CVar [[r.RefractionQuality:2]]
[2021.02.17-01.50.53:008][  0]LogConfig: Setting CVar [[r.SSR.Quality:3]]
[2021.02.17-01.50.53:008][  0]LogConfig: Setting CVar [[r.SSR.HalfResSceneColor:0]]
[2021.02.17-01.50.53:008][  0]LogConfig: Setting CVar [[r.SceneColorFormat:4]]
[2021.02.17-01.50.53:008][  0]LogConfig: Setting CVar [[r.DetailMode:2]]
[2021.02.17-01.50.53:008][  0]LogConfig: Setting CVar [[r.TranslucencyVolumeBlur:1]]
[2021.02.17-01.50.53:008][  0]LogConfig: Setting CVar [[r.MaterialQualityLevel:1 ; High quality]]
[2021.02.17-01.50.53:008][  0]LogConfig: Setting CVar [[r.SSS.Scale:1]]
[2021.02.17-01.50.53:008][  0]LogConfig: Setting CVar [[r.SSS.SampleSet:2]]
[2021.02.17-01.50.53:008][  0]LogConfig: Setting CVar [[r.SSS.Quality:1]]
[2021.02.17-01.50.53:008][  0]LogConfig: Setting CVar [[r.SSS.HalfRes:0]]
[2021.02.17-01.50.53:008][  0]LogConfig: Setting CVar [[r.SSGI.Quality:3]]
[2021.02.17-01.50.53:008][  0]LogConfig: Setting CVar [[r.EmitterSpawnRateScale:1.0]]
[2021.02.17-01.50.53:008][  0]LogConfig: Setting CVar [[r.ParticleLightQuality:2]]
[2021.02.17-01.50.53:008][  0]LogConfig: Setting CVar [[r.SkyAtmosphere.AerialPerspectiveLUT.FastApplyOnOpaque:1 ; Always have FastSkyLUT 1 in this case to avoid wrong sky]]
[2021.02.17-01.50.53:008][  0]LogConfig: Setting CVar [[r.SkyAtmosphere.AerialPerspectiveLUT.SampleCountPerSlice:1]]
[2021.02.17-01.50.53:008][  0]LogConfig: Setting CVar [[r.SkyAtmosphere.AerialPerspectiveLUT.DepthResolution:16.0]]
[2021.02.17-01.50.53:008][  0]LogConfig: Setting CVar [[r.SkyAtmosphere.FastSkyLUT:1]]
[2021.02.17-01.50.53:008][  0]LogConfig: Setting CVar [[r.SkyAtmosphere.FastSkyLUT.SampleCountMin:4.0]]
[2021.02.17-01.50.53:008][  0]LogConfig: Setting CVar [[r.SkyAtmosphere.FastSkyLUT.SampleCountMax:32.0]]
[2021.02.17-01.50.53:008][  0]LogConfig: Setting CVar [[r.SkyAtmosphere.SampleCountMin:4.0]]
[2021.02.17-01.50.53:008][  0]LogConfig: Setting CVar [[r.SkyAtmosphere.SampleCountMax:32.0]]
[2021.02.17-01.50.53:009][  0]LogConfig: Setting CVar [[r.SkyAtmosphere.TransmittanceLUT.UseSmallFormat:0]]
[2021.02.17-01.50.53:009][  0]LogConfig: Setting CVar [[r.SkyAtmosphere.TransmittanceLUT.SampleCount:10.0]]
[2021.02.17-01.50.53:009][  0]LogConfig: Setting CVar [[r.SkyAtmosphere.MultiScatteringLUT.SampleCount:15.0]]
[2021.02.17-01.50.53:009][  0]LogConfig: Applying CVar settings from Section [FoliageQuality@3] File [C:/Users/aveng/Documents/GitHub/CarbonPush2/CarbonPushTwo/Saved/Config/Windows/Scalability.ini]
[2021.02.17-01.50.53:009][  0]LogConfig: Setting CVar [[foliage.DensityScale:1.0]]
[2021.02.17-01.50.53:009][  0]LogConfig: Setting CVar [[grass.DensityScale:1.0]]
[2021.02.17-01.50.53:009][  0]LogConfig: Applying CVar settings from Section [ShadingQuality@3] File [C:/Users/aveng/Documents/GitHub/CarbonPush2/CarbonPushTwo/Saved/Config/Windows/Scalability.ini]
[2021.02.17-01.50.53:009][  0]LogConfig: Setting CVar [[r.HairStrands.SkyLighting.SampleCount:16]]
[2021.02.17-01.50.53:009][  0]LogConfig: Setting CVar [[r.HairStrands.SkyLighting.JitterIntegration:0]]
[2021.02.17-01.50.53:009][  0]LogConfig: Setting CVar [[r.HairStrands.SkyAO.SampleCount:16]]
[2021.02.17-01.50.53:009][  0]LogConfig: Setting CVar [[r.HairStrands.DeepShadow.SuperSampling:0]]
[2021.02.17-01.50.53:009][  0]LogConfig: Setting CVar [[r.HairStrands.VisibilityPPLL:0]]
[2021.02.17-01.50.53:009][  0]LogConfig: Setting CVar [[r.HairStrands.RasterizationScale:0.5]]
[2021.02.17-01.50.53:009][  0]LogConfig: Setting CVar [[r.HairStrands.VelocityRasterizationScale:1]]
[2021.02.17-01.50.53:009][  0]LogInit: Selected Device Profile: [Windows]
[2021.02.17-01.50.53:009][  0]LogInit: Applying CVar settings loaded from the selected device profile: [Windows]
[2021.02.17-01.50.53:009][  0]LogHAL: Display: Platform has ~ 32 GB [34213715968 / 34359738368 / 32], which maps to Largest [LargestMinGB=32, LargerMinGB=12, DefaultMinGB=8, SmallerMinGB=6, SmallestMinGB=0)
[2021.02.17-01.50.53:009][  0]LogInit: Going up to parent DeviceProfile []
[2021.02.17-01.50.53:010][  0]LogConfig: Applying CVar settings from Section [ViewDistanceQuality@3] File [C:/Users/aveng/Documents/GitHub/CarbonPush2/CarbonPushTwo/Saved/Config/Windows/Scalability.ini]
[2021.02.17-01.50.53:010][  0]LogConfig: Setting CVar [[r.SkeletalMeshLODBias:0]]
[2021.02.17-01.50.53:010][  0]LogConfig: Setting CVar [[r.ViewDistanceScale:1.0]]
[2021.02.17-01.50.53:010][  0]LogConfig: Applying CVar settings from Section [AntiAliasingQuality@3] File [C:/Users/aveng/Documents/GitHub/CarbonPush2/CarbonPushTwo/Saved/Config/Windows/Scalability.ini]
[2021.02.17-01.50.53:010][  0]LogConfig: Setting CVar [[r.PostProcessAAQuality:4]]
[2021.02.17-01.50.53:010][  0]LogConfig: Applying CVar settings from Section [ShadowQuality@3] File [C:/Users/aveng/Documents/GitHub/CarbonPush2/CarbonPushTwo/Saved/Config/Windows/Scalability.ini]
[2021.02.17-01.50.53:010][  0]LogConfig: Setting CVar [[r.LightFunctionQuality:1]]
[2021.02.17-01.50.53:010][  0]LogConfig: Setting CVar [[r.ShadowQuality:5]]
[2021.02.17-01.50.53:010][  0]LogConfig: Setting CVar [[r.Shadow.CSM.MaxCascades:10]]
[2021.02.17-01.50.53:010][  0]LogConfig: Setting CVar [[r.Shadow.MaxResolution:2048]]
[2021.02.17-01.50.53:010][  0]LogConfig: Setting CVar [[r.Shadow.MaxCSMResolution:2048]]
[2021.02.17-01.50.53:010][  0]LogConfig: Setting CVar [[r.Shadow.RadiusThreshold:0.01]]
[2021.02.17-01.50.53:010][  0]LogConfig: Setting CVar [[r.Shadow.DistanceScale:1.0]]
[2021.02.17-01.50.53:010][  0]LogConfig: Setting CVar [[r.Shadow.CSM.TransitionScale:1.0]]
[2021.02.17-01.50.53:010][  0]LogConfig: Setting CVar [[r.Shadow.PreShadowResolutionFactor:1.0]]
[2021.02.17-01.50.53:010][  0]LogConfig: Setting CVar [[r.DistanceFieldShadowing:1]]
[2021.02.17-01.50.53:010][  0]LogConfig: Setting CVar [[r.DistanceFieldAO:1]]
[2021.02.17-01.50.53:010][  0]LogConfig: Setting CVar [[r.AOQuality:2]]
[2021.02.17-01.50.53:010][  0]LogConfig: Setting CVar [[r.VolumetricFog:1]]
[2021.02.17-01.50.53:010][  0]LogConfig: Setting CVar [[r.VolumetricFog.GridPixelSize:8]]
[2021.02.17-01.50.53:011][  0]LogConfig: Setting CVar [[r.VolumetricFog.GridSizeZ:128]]
[2021.02.17-01.50.53:011][  0]LogConfig: Setting CVar [[r.VolumetricFog.HistoryMissSupersampleCount:4]]
[2021.02.17-01.50.53:011][  0]LogConfig: Setting CVar [[r.LightMaxDrawDistanceScale:1]]
[2021.02.17-01.50.53:011][  0]LogConfig: Setting CVar [[r.CapsuleShadows:1]]
[2021.02.17-01.50.53:011][  0]LogConfig: Applying CVar settings from Section [PostProcessQuality@3] File [C:/Users/aveng/Documents/GitHub/CarbonPush2/CarbonPushTwo/Saved/Config/Windows/Scalability.ini]
[2021.02.17-01.50.53:011][  0]LogConfig: Setting CVar [[r.MotionBlurQuality:4]]
[2021.02.17-01.50.53:011][  0]LogConfig: Setting CVar [[r.AmbientOcclusionMipLevelFactor:0.4]]
[2021.02.17-01.50.53:011][  0]LogConfig: Setting CVar [[r.AmbientOcclusionMaxQuality:100]]
[2021.02.17-01.50.53:011][  0]LogConfig: Setting CVar [[r.AmbientOcclusionLevels:-1]]
[2021.02.17-01.50.53:011][  0]LogConfig: Setting CVar [[r.AmbientOcclusionRadiusScale:1.0]]
[2021.02.17-01.50.53:011][  0]LogConfig: Setting CVar [[r.DepthOfFieldQuality:2]]
[2021.02.17-01.50.53:011][  0]LogConfig: Setting CVar [[r.RenderTargetPoolMin:400]]
[2021.02.17-01.50.53:011][  0]LogConfig: Setting CVar [[r.LensFlareQuality:2]]
[2021.02.17-01.50.53:011][  0]LogConfig: Setting CVar [[r.SceneColorFringeQuality:1]]
[2021.02.17-01.50.53:011][  0]LogConfig: Setting CVar [[r.EyeAdaptationQuality:2]]
[2021.02.17-01.50.53:011][  0]LogConfig: Setting CVar [[r.BloomQuality:5]]
[2021.02.17-01.50.53:011][  0]LogConfig: Setting CVar [[r.FastBlurThreshold:100]]
[2021.02.17-01.50.53:011][  0]LogConfig: Setting CVar [[r.Upscale.Quality:3]]
[2021.02.17-01.50.53:011][  0]LogConfig: Setting CVar [[r.Tonemapper.GrainQuantization:1]]
[2021.02.17-01.50.53:011][  0]LogConfig: Setting CVar [[r.LightShaftQuality:1]]
[2021.02.17-01.50.53:012][  0]LogConfig: Setting CVar [[r.Filter.SizeScale:1]]
[2021.02.17-01.50.53:012][  0]LogConfig: Setting CVar [[r.Tonemapper.Quality:5]]
[2021.02.17-01.50.53:012][  0]LogConfig: Setting CVar [[r.DOF.Gather.AccumulatorQuality:1        ; higher gathering accumulator quality]]
[2021.02.17-01.50.53:012][  0]LogConfig: Setting CVar [[r.DOF.Gather.PostfilterMethod:1          ; Median3x3 postfilering method]]
[2021.02.17-01.50.53:012][  0]LogConfig: Setting CVar [[r.DOF.Gather.EnableBokehSettings:0       ; no bokeh simulation when gathering]]
[2021.02.17-01.50.53:012][  0]LogConfig: Setting CVar [[r.DOF.Gather.RingCount:4                 ; medium number of samples when gathering]]
[2021.02.17-01.50.53:012][  0]LogConfig: Setting CVar [[r.DOF.Scatter.ForegroundCompositing:1    ; additive foreground scattering]]
[2021.02.17-01.50.53:012][  0]LogConfig: Setting CVar [[r.DOF.Scatter.BackgroundCompositing:2    ; additive background scattering]]
[2021.02.17-01.50.53:012][  0]LogConfig: Setting CVar [[r.DOF.Scatter.EnableBokehSettings:1      ; bokeh simulation when scattering]]
[2021.02.17-01.50.53:012][  0]LogConfig: Setting CVar [[r.DOF.Scatter.MaxSpriteRatio:0.1         ; only a maximum of 10% of scattered bokeh]]
[2021.02.17-01.50.53:012][  0]LogConfig: Setting CVar [[r.DOF.Recombine.Quality:1                ; cheap slight out of focus]]
[2021.02.17-01.50.53:012][  0]LogConfig: Setting CVar [[r.DOF.Recombine.EnableBokehSettings:0    ; no bokeh simulation on slight out of focus]]
[2021.02.17-01.50.53:012][  0]LogConfig: Setting CVar [[r.DOF.TemporalAAQuality:1                ; more stable temporal accumulation]]
[2021.02.17-01.50.53:012][  0]LogConfig: Setting CVar [[r.DOF.Kernel.MaxForegroundRadius:0.025]]
[2021.02.17-01.50.53:012][  0]LogConfig: Setting CVar [[r.DOF.Kernel.MaxBackgroundRadius:0.025]]
[2021.02.17-01.50.53:012][  0]LogConfig: Applying CVar settings from Section [TextureQuality@3] File [C:/Users/aveng/Documents/GitHub/CarbonPush2/CarbonPushTwo/Saved/Config/Windows/Scalability.ini]
[2021.02.17-01.50.53:012][  0]LogConfig: Setting CVar [[r.Streaming.MipBias:0]]
[2021.02.17-01.50.53:012][  0]LogConfig: Setting CVar [[r.Streaming.AmortizeCPUToGPUCopy:0]]
[2021.02.17-01.50.53:012][  0]LogConfig: Setting CVar [[r.Streaming.MaxNumTexturesToStreamPerFrame:0]]
[2021.02.17-01.50.53:012][  0]LogConfig: Setting CVar [[r.Streaming.Boost:1]]
[2021.02.17-01.50.53:013][  0]LogConfig: Setting CVar [[r.MaxAnisotropy:8]]
[2021.02.17-01.50.53:013][  0]LogConfig: Setting CVar [[r.VT.MaxAnisotropy:8]]
[2021.02.17-01.50.53:013][  0]LogConfig: Setting CVar [[r.Streaming.LimitPoolSizeToVRAM:0]]
[2021.02.17-01.50.53:013][  0]LogConfig: Setting CVar [[r.Streaming.PoolSize:1000]]
[2021.02.17-01.50.53:013][  0]LogConfig: Setting CVar [[r.Streaming.MaxEffectiveScreenSize:0]]
[2021.02.17-01.50.53:013][  0]LogConfig: Applying CVar settings from Section [EffectsQuality@3] File [C:/Users/aveng/Documents/GitHub/CarbonPush2/CarbonPushTwo/Saved/Config/Windows/Scalability.ini]
[2021.02.17-01.50.53:013][  0]LogConfig: Setting CVar [[r.TranslucencyLightingVolumeDim:64]]
[2021.02.17-01.50.53:013][  0]LogConfig: Setting CVar [[r.RefractionQuality:2]]
[2021.02.17-01.50.53:013][  0]LogConfig: Setting CVar [[r.SSR.Quality:3]]
[2021.02.17-01.50.53:013][  0]LogConfig: Setting CVar [[r.SSR.HalfResSceneColor:0]]
[2021.02.17-01.50.53:013][  0]LogConfig: Setting CVar [[r.SceneColorFormat:4]]
[2021.02.17-01.50.53:013][  0]LogConfig: Setting CVar [[r.DetailMode:2]]
[2021.02.17-01.50.53:013][  0]LogConfig: Setting CVar [[r.TranslucencyVolumeBlur:1]]
[2021.02.17-01.50.53:013][  0]LogConfig: Setting CVar [[r.MaterialQualityLevel:1 ; High quality]]
[2021.02.17-01.50.53:013][  0]LogConfig: Setting CVar [[r.SSS.Scale:1]]
[2021.02.17-01.50.53:013][  0]LogConfig: Setting CVar [[r.SSS.SampleSet:2]]
[2021.02.17-01.50.53:013][  0]LogConfig: Setting CVar [[r.SSS.Quality:1]]
[2021.02.17-01.50.53:013][  0]LogConfig: Setting CVar [[r.SSS.HalfRes:0]]
[2021.02.17-01.50.53:013][  0]LogConfig: Setting CVar [[r.SSGI.Quality:3]]
[2021.02.17-01.50.53:013][  0]LogConfig: Setting CVar [[r.EmitterSpawnRateScale:1.0]]
[2021.02.17-01.50.53:014][  0]LogConfig: Setting CVar [[r.ParticleLightQuality:2]]
[2021.02.17-01.50.53:014][  0]LogConfig: Setting CVar [[r.SkyAtmosphere.AerialPerspectiveLUT.FastApplyOnOpaque:1 ; Always have FastSkyLUT 1 in this case to avoid wrong sky]]
[2021.02.17-01.50.53:014][  0]LogConfig: Setting CVar [[r.SkyAtmosphere.AerialPerspectiveLUT.SampleCountPerSlice:1]]
[2021.02.17-01.50.53:014][  0]LogConfig: Setting CVar [[r.SkyAtmosphere.AerialPerspectiveLUT.DepthResolution:16.0]]
[2021.02.17-01.50.53:014][  0]LogConfig: Setting CVar [[r.SkyAtmosphere.FastSkyLUT:1]]
[2021.02.17-01.50.53:014][  0]LogConfig: Setting CVar [[r.SkyAtmosphere.FastSkyLUT.SampleCountMin:4.0]]
[2021.02.17-01.50.53:014][  0]LogConfig: Setting CVar [[r.SkyAtmosphere.FastSkyLUT.SampleCountMax:32.0]]
[2021.02.17-01.50.53:014][  0]LogConfig: Setting CVar [[r.SkyAtmosphere.SampleCountMin:4.0]]
[2021.02.17-01.50.53:014][  0]LogConfig: Setting CVar [[r.SkyAtmosphere.SampleCountMax:32.0]]
[2021.02.17-01.50.53:014][  0]LogConfig: Setting CVar [[r.SkyAtmosphere.TransmittanceLUT.UseSmallFormat:0]]
[2021.02.17-01.50.53:014][  0]LogConfig: Setting CVar [[r.SkyAtmosphere.TransmittanceLUT.SampleCount:10.0]]
[2021.02.17-01.50.53:014][  0]LogConfig: Setting CVar [[r.SkyAtmosphere.MultiScatteringLUT.SampleCount:15.0]]
[2021.02.17-01.50.53:014][  0]LogConfig: Applying CVar settings from Section [FoliageQuality@3] File [C:/Users/aveng/Documents/GitHub/CarbonPush2/CarbonPushTwo/Saved/Config/Windows/Scalability.ini]
[2021.02.17-01.50.53:014][  0]LogConfig: Setting CVar [[foliage.DensityScale:1.0]]
[2021.02.17-01.50.53:014][  0]LogConfig: Setting CVar [[grass.DensityScale:1.0]]
[2021.02.17-01.50.53:014][  0]LogConfig: Applying CVar settings from Section [ShadingQuality@3] File [C:/Users/aveng/Documents/GitHub/CarbonPush2/CarbonPushTwo/Saved/Config/Windows/Scalability.ini]
[2021.02.17-01.50.53:014][  0]LogConfig: Setting CVar [[r.HairStrands.SkyLighting.SampleCount:16]]
[2021.02.17-01.50.53:014][  0]LogConfig: Setting CVar [[r.HairStrands.SkyLighting.JitterIntegration:0]]
[2021.02.17-01.50.53:014][  0]LogConfig: Setting CVar [[r.HairStrands.SkyAO.SampleCount:16]]
[2021.02.17-01.50.53:015][  0]LogConfig: Setting CVar [[r.HairStrands.DeepShadow.SuperSampling:0]]
[2021.02.17-01.50.53:015][  0]LogConfig: Setting CVar [[r.HairStrands.VisibilityPPLL:0]]
[2021.02.17-01.50.53:015][  0]LogConfig: Setting CVar [[r.HairStrands.RasterizationScale:0.5]]
[2021.02.17-01.50.53:015][  0]LogConfig: Setting CVar [[r.HairStrands.VelocityRasterizationScale:1]]
[2021.02.17-01.50.53:015][  0]LogConfig: Applying CVar settings from Section [Startup] File [../../../Engine/Config/ConsoleVariables.ini]
[2021.02.17-01.50.53:015][  0]LogConfig: Setting CVar [[net.UseAdaptiveNetUpdateFrequency:0]]
[2021.02.17-01.50.53:015][  0]LogConfig: Setting CVar [[p.chaos.AllowCreatePhysxBodies:1]]
[2021.02.17-01.50.53:015][  0]LogConfig: Setting CVar [[fx.SkipVectorVMBackendOptimizations:1]]
[2021.02.17-01.50.53:015][  0]LogConfig: Applying CVar settings from Section [ConsoleVariables] File [C:/Users/aveng/Documents/GitHub/CarbonPush2/CarbonPushTwo/Saved/Config/Windows/Engine.ini]
[2021.02.17-01.50.53:015][  0]LogInit: Computer: PROGRAMMING-PC
[2021.02.17-01.50.53:015][  0]LogInit: User: aveng
[2021.02.17-01.50.53:015][  0]LogInit: CPU Page size=4096, Cores=4
[2021.02.17-01.50.53:015][  0]LogInit: High frequency timer resolution =10.000000 MHz
[2021.02.17-01.50.53:016][  0]LogMemory: Memory total: Physical=31.9GB (32GB approx)
[2021.02.17-01.50.53:016][  0]LogMemory: Platform Memory Stats for Windows
[2021.02.17-01.50.53:016][  0]LogMemory: Process Physical Memory: 116.40 MB used, 116.41 MB peak
[2021.02.17-01.50.53:016][  0]LogMemory: Process Virtual Memory: 96.80 MB used, 96.80 MB peak
[2021.02.17-01.50.53:016][  0]LogMemory: Physical Memory: 12311.92 MB used,  20316.82 MB free, 32628.74 MB total
[2021.02.17-01.50.53:016][  0]LogMemory: Virtual Memory: 5144.93 MB used,  134212584.00 MB free, 134217728.00 MB total
[2021.02.17-01.50.53:031][  0]LogWindows: WindowsPlatformFeatures enabled
[2021.02.17-01.50.53:281][  0]LogInit: Physics initialised using underlying interface: PhysX
[2021.02.17-01.50.53:282][  0]LogInit: Using OS detected language (en-GB).
[2021.02.17-01.50.53:282][  0]LogInit: Using OS detected locale (en-GB).
[2021.02.17-01.50.53:285][  0]LogTextLocalizationManager: No specific localization for 'en-GB' exists, so the 'en' localization will be used.
[2021.02.17-01.50.53:514][  0]LogInit: Setting process to per monitor DPI aware
[2021.02.17-01.50.53:578][  0]LogSlate: New Slate User Created.  User Index 0, Is Virtual User: 0
[2021.02.17-01.50.53:578][  0]LogSlate: Slate User Registered.  User Index 0, Is Virtual User: 0
[2021.02.17-01.50.53:771][  0]LogHMD: Failed to initialize OpenVR with code 110
[2021.02.17-01.50.53:771][  0]LogD3D11RHI: D3D11 min allowed feature level: 11_0
[2021.02.17-01.50.53:771][  0]LogD3D11RHI: D3D11 max allowed feature level: 11_0
[2021.02.17-01.50.53:771][  0]LogD3D11RHI: D3D11 adapters:
[2021.02.17-01.50.53:925][  0]LogD3D11RHI:    0. 'NVIDIA GeForce GTX 1060 6GB' (Feature Level 11_0)
[2021.02.17-01.50.53:925][  0]LogD3D11RHI:       6052/0/16314 MB DedicatedVideo/DedicatedSystem/SharedSystem, Outputs:1, VendorId:0x10de
[2021.02.17-01.50.53:942][  0]LogD3D11RHI:    1. 'Intel(R) HD Graphics 4600' (Feature Level 11_0)
[2021.02.17-01.50.53:943][  0]LogD3D11RHI:       112/0/2048 MB DedicatedVideo/DedicatedSystem/SharedSystem, Outputs:0, VendorId:0x8086
[2021.02.17-01.50.53:948][  0]LogD3D11RHI:    2. 'Microsoft Basic Render Driver' (Feature Level 11_0)
[2021.02.17-01.50.53:948][  0]LogD3D11RHI:       0/0/16314 MB DedicatedVideo/DedicatedSystem/SharedSystem, Outputs:0, VendorId:0x1414
[2021.02.17-01.50.53:948][  0]LogD3D11RHI: Chosen D3D11 Adapter: 0
[2021.02.17-01.50.53:955][  0]LogD3D11RHI: Creating new Direct3DDevice
[2021.02.17-01.50.53:955][  0]LogD3D11RHI:     GPU DeviceId: 0x1c03 (for the marketing name, search the web for "GPU Device Id")
[2021.02.17-01.50.53:955][  0]LogWindows: EnumDisplayDevices:
[2021.02.17-01.50.53:955][  0]LogWindows:    0. 'NVIDIA GeForce GTX 1060 6GB' (P:1 D:1)
[2021.02.17-01.50.53:956][  0]LogWindows:    1. 'NVIDIA GeForce GTX 1060 6GB' (P:0 D:0)
[2021.02.17-01.50.53:957][  0]LogWindows:    2. 'NVIDIA GeForce GTX 1060 6GB' (P:0 D:0)
[2021.02.17-01.50.53:957][  0]LogWindows:    3. 'NVIDIA GeForce GTX 1060 6GB' (P:0 D:0)
[2021.02.17-01.50.53:958][  0]LogWindows:    4. 'Intel(R) HD Graphics 4600' (P:0 D:0)
[2021.02.17-01.50.53:959][  0]LogWindows:    5. 'Intel(R) HD Graphics 4600' (P:0 D:0)
[2021.02.17-01.50.53:960][  0]LogWindows:    6. 'Intel(R) HD Graphics 4600' (P:0 D:0)
[2021.02.17-01.50.53:960][  0]LogWindows: DebugString: PrimaryIsNotTheChoosenAdapter PrimaryIsNotTheChoosenAdapter PrimaryIsNotTheChoosenAdapter FoundDriverCount:4 
[2021.02.17-01.50.53:960][  0]LogD3D11RHI:     Adapter Name: NVIDIA GeForce GTX 1060 6GB
[2021.02.17-01.50.53:961][  0]LogD3D11RHI:   Driver Version: 461.40 (internal:27.21.14.6140, unified:461.40)
[2021.02.17-01.50.53:961][  0]LogD3D11RHI:      Driver Date: 1-22-2021
[2021.02.17-01.50.53:961][  0]LogRHI: Texture pool is 4236 MB (70% of 6052 MB)
[2021.02.17-01.50.54:048][  0]LogD3D11RHI: RHI has support for 64 bit atomics
[2021.02.17-01.50.54:049][  0]LogD3D11RHI: Async texture creation enabled
[2021.02.17-01.50.54:049][  0]LogD3D11RHI: Array index from any shader is supported
[2021.02.17-01.50.54:075][  0]LogD3D11RHI: GPU Timing Frequency: 1000.000000 (Debug: 2 1)
[2021.02.17-01.50.54:622][  0]LogTargetPlatformManager: Display: Loaded TargetPlatform 'AllDesktop'
[2021.02.17-01.50.54:650][  0]LogTargetPlatformManager: Display: Loaded TargetPlatform 'Android'
[2021.02.17-01.50.54:651][  0]LogTargetPlatformManager: Display: Loaded TargetPlatform 'Android_ASTC'
[2021.02.17-01.50.54:651][  0]LogTargetPlatformManager: Display: Loaded TargetPlatform 'Android_DXT'
[2021.02.17-01.50.54:651][  0]LogTargetPlatformManager: Display: Loaded TargetPlatform 'Android_ETC2'
[2021.02.17-01.50.54:651][  0]LogTargetPlatformManager: Display: Loaded TargetPlatform 'AndroidClient'
[2021.02.17-01.50.54:651][  0]LogTargetPlatformManager: Display: Loaded TargetPlatform 'Android_ASTCClient'
[2021.02.17-01.50.54:651][  0]LogTargetPlatformManager: Display: Loaded TargetPlatform 'Android_DXTClient'
[2021.02.17-01.50.54:651][  0]LogTargetPlatformManager: Display: Loaded TargetPlatform 'Android_ETC2Client'
[2021.02.17-01.50.54:651][  0]LogTargetPlatformManager: Display: Loaded TargetPlatform 'Android_Multi'
[2021.02.17-01.50.54:651][  0]LogTargetPlatformManager: Display: Loaded TargetPlatform 'Android_MultiClient'
[2021.02.17-01.50.54:695][  0]LogTargetPlatformManager: Display: Loaded TargetPlatform 'IOSClient'
[2021.02.17-01.50.54:695][  0]LogTargetPlatformManager: Display: Loaded TargetPlatform 'IOS'
[2021.02.17-01.50.54:713][  0]LogTargetPlatformManager: Display: Loaded TargetPlatform 'Linux'
[2021.02.17-01.50.54:729][  0]LogTargetPlatformManager: Display: Loaded TargetPlatform 'LinuxNoEditor'
[2021.02.17-01.50.54:744][  0]LogTargetPlatformManager: Display: Loaded TargetPlatform 'LinuxClient'
[2021.02.17-01.50.54:759][  0]LogTargetPlatformManager: Display: Loaded TargetPlatform 'LinuxServer'
[2021.02.17-01.50.54:775][  0]LogTargetPlatformManager: Display: Loaded TargetPlatform 'LinuxAArch64NoEditor'
[2021.02.17-01.50.54:790][  0]LogTargetPlatformManager: Display: Loaded TargetPlatform 'LinuxAArch64Client'
[2021.02.17-01.50.54:805][  0]LogTargetPlatformManager: Display: Loaded TargetPlatform 'LinuxAArch64Server'
[2021.02.17-01.50.54:840][  0]LogTargetPlatformManager: Display: Loaded TargetPlatform 'Lumin'
[2021.02.17-01.50.54:840][  0]LogTargetPlatformManager: Display: Loaded TargetPlatform 'LuminClient'
[2021.02.17-01.50.54:864][  0]LogTargetPlatformManager: Display: Loaded TargetPlatform 'TVOSClient'
[2021.02.17-01.50.54:864][  0]LogTargetPlatformManager: Display: Loaded TargetPlatform 'TVOS'
[2021.02.17-01.50.54:883][  0]LogTargetPlatformManager: Display: Loaded TargetPlatform 'WindowsNoEditor'
[2021.02.17-01.50.54:904][  0]LogTargetPlatformManager: Display: Loaded TargetPlatform 'Windows'
[2021.02.17-01.50.54:923][  0]LogTargetPlatformManager: Display: Loaded TargetPlatform 'WindowsClient'
[2021.02.17-01.50.54:942][  0]LogTargetPlatformManager: Display: Loaded TargetPlatform 'WindowsServer'
[2021.02.17-01.50.54:942][  0]LogTargetPlatformManager: Display: Building Assets For Windows
[2021.02.17-01.50.54:973][  0]LogAudioDebug: Display: Lib vorbis DLL was dynamically loaded.
[2021.02.17-01.50.55:179][  0]LogShaderCompilers: Guid format shader working directory is -11 characters bigger than the processId version (C:/Users/aveng/Documents/GitHub/CarbonPush2/CarbonPushTwo/Intermediate/Shaders/WorkingDirectory/3152/).
[2021.02.17-01.50.55:179][  0]LogShaderCompilers: Cleaned the shader compiler working directory 'C:/Users/aveng/AppData/Local/Temp/UnrealShaderWorkingDir/21BB74DF4D48404C86286BB0EC13B535/'.
[2021.02.17-01.50.55:180][  0]LogXGEController: Cleaning working directory: C:/Users/aveng/AppData/Local/Temp/UnrealXGEWorkingDir/
[2021.02.17-01.50.55:180][  0]LogXGEController: Cannot use XGE Controller as Incredibuild is not installed on this machine.
[2021.02.17-01.50.55:180][  0]LogShaderCompilers: Cannot use XGE Shader Compiler as Incredibuild is not installed on this machine.
[2021.02.17-01.50.55:181][  0]LogShaderCompilers: Display: Using Local Shader Compiler.
[2021.02.17-01.50.55:987][  0]LogDerivedDataCache: Display: Max Cache Size: 512 MB
[2021.02.17-01.50.56:056][  0]LogDerivedDataCache: Loaded boot cache 0.07s 76MB C:/Users/aveng/AppData/Local/UnrealEngine/4.25/DerivedDataCache/Boot.ddc.
[2021.02.17-01.50.56:056][  0]LogDerivedDataCache: Display: Loaded Boot cache: C:/Users/aveng/AppData/Local/UnrealEngine/4.25/DerivedDataCache/Boot.ddc
[2021.02.17-01.50.56:056][  0]LogDerivedDataCache: FDerivedDataBackendGraph:  Pak pak cache file C:/Users/aveng/Documents/GitHub/CarbonPush2/CarbonPushTwo/DerivedDataCache/DDC.ddp not found, will not use a pak cache.
[2021.02.17-01.50.56:057][  0]LogDerivedDataCache: Unable to find inner node Pak for hierarchical cache Hierarchy.
[2021.02.17-01.50.56:057][  0]LogDerivedDataCache: FDerivedDataBackendGraph:  CompressedPak pak cache file C:/Users/aveng/Documents/GitHub/CarbonPush2/CarbonPushTwo/DerivedDataCache/Compressed.ddp not found, will not use a pak cache.
[2021.02.17-01.50.56:057][  0]LogDerivedDataCache: Unable to find inner node CompressedPak for hierarchical cache Hierarchy.
[2021.02.17-01.50.56:067][  0]LogDerivedDataCache: Display: Pak cache opened for reading ../../../Engine/DerivedDataCache/Compressed.ddp.
[2021.02.17-01.50.56:067][  0]LogDerivedDataCache: FDerivedDataBackendGraph:  EnterprisePak pak cache file ../../../Enterprise/DerivedDataCache/Compressed.ddp not found, will not use a pak cache.
[2021.02.17-01.50.56:067][  0]LogDerivedDataCache: Unable to find inner node EnterprisePak for hierarchical cache Hierarchy.
[2021.02.17-01.50.56:070][  0]LogDerivedDataCache: Using Local data cache path C:/Users/aveng/AppData/Local/UnrealEngine/Common/DerivedDataCache: Writable
[2021.02.17-01.50.56:070][  0]LogDerivedDataCache: Shared data cache path not found in *engine.ini, will not use an Shared cache.
[2021.02.17-01.50.56:070][  0]LogDerivedDataCache: Unable to find inner node Shared for hierarchical cache Hierarchy.
[2021.02.17-01.50.56:121][  0]LogSlate: Using FreeType 2.10.0
[2021.02.17-01.50.56:122][  0]LogSlate: SlateFontServices - WITH_FREETYPE: 1, WITH_HARFBUZZ: 1
[2021.02.17-01.50.56:159][  0]LogAssetRegistry: FAssetRegistry took 0.0047 seconds to start up
[2021.02.17-01.50.56:406][  0]LogInit: Selected Device Profile: [Windows]
[2021.02.17-01.50.56:609][  0]LogMeshReduction: Using QuadricMeshReduction for automatic static mesh reduction
[2021.02.17-01.50.56:609][  0]LogMeshReduction: Using SimplygonMeshReduction for automatic skeletal mesh reduction
[2021.02.17-01.50.56:609][  0]LogMeshReduction: Using ProxyLODMeshReduction for automatic mesh merging
[2021.02.17-01.50.56:609][  0]LogMeshReduction: No distributed automatic mesh merging module available
[2021.02.17-01.50.56:610][  0]LogMeshMerging: No distributed automatic mesh merging module available
[2021.02.17-01.50.56:634][  0]LogNetVersion: CarbonPushTwo 1.0.0, NetCL: 13144385, EngineNetVer: 14, GameNetVer: 0 (Checksum: 1376232862)
[2021.02.17-01.50.57:097][  0]LogAISub: UAISubsystem::UAISubsystem AISubsystem (0000012FD82FDB40), frame # 0
[2021.02.17-01.50.57:097][  0]LogAISub: UAISubsystem::UAISubsystem AIPerceptionSystem (0000012FD9227C40), frame # 0
[2021.02.17-01.50.57:098][  0]LogAISub: UAISubsystem::UAISubsystem EnvQueryManager (0000012FD928E600), frame # 0
[2021.02.17-01.50.57:167][  0]LogPackageLocalizationCache: Processed 19 localized package path(s) for 1 prioritized culture(s) in 0.063149 seconds
[2021.02.17-01.50.57:172][  0]LogUObjectArray: 15917 objects as part of root set at end of initial load.
[2021.02.17-01.50.57:172][  0]LogUObjectAllocator: 3965568 out of 0 bytes used by permanent object pool.
[2021.02.17-01.50.57:172][  0]LogUObjectArray: CloseDisregardForGC: 0/0 objects in disregard for GC pool
[2021.02.17-01.50.58:163][  0]LogTcpMessaging: Initializing TcpMessaging bridge
[2021.02.17-01.50.58:176][  0]LogUdpMessaging: Initializing bridge on interface 0.0.0.0:0 to multicast group 230.0.0.1:6666.
[2021.02.17-01.50.58:540][  0]SourceControl: Source control is disabled
[2021.02.17-01.51.00:109][  0]LogAndroidPermission: UAndroidPermissionCallbackProxy::GetInstance
[2021.02.17-01.51.00:180][  0]LogAudioCaptureCore: Display: No Audio Capture implementations found. Audio input will be silent.
[2021.02.17-01.51.00:180][  0]LogAudioCaptureCore: Display: No Audio Capture implementations found. Audio input will be silent.
[2021.02.17-01.51.00:310][  0]LogOcInput: OculusInput pre-init called
[2021.02.17-01.51.00:342][  0]LogWindows: Failed to load 'OVRPlugin.dll' (GetLastError=126)
[2021.02.17-01.51.00:342][  0]LogWindows: File 'OVRPlugin.dll' does not exist
[2021.02.17-01.51.00:472][  0]LogEngine: Initializing Engine...
[2021.02.17-01.51.00:473][  0]LogHMD: Failed to initialize OpenVR with code 110
[2021.02.17-01.51.00:473][  0]LogMagicLeap: Warning: VR disabled because ZI is not enabled.  To enable, in the editor, Edit -> Project Settings -> Plugins -> Magic Leap Plugin -> Enable Zero Iteration
[2021.02.17-01.51.00:474][  0]LogStats: UGameplayTagsManager::InitializeManager -  0.000 s
[2021.02.17-01.51.00:588][  0]LogInit: Initializing FReadOnlyCVARCache
[2021.02.17-01.51.00:605][  0]LogAIModule: Creating AISystem for world Untitled
[2021.02.17-01.51.00:606][  0]LogAISub: UAISubsystem::UAISubsystem EnvQueryManager (0000012FDBEDFC00), frame # 0
[2021.02.17-01.51.00:606][  0]LogAISub: UAISubsystem::UAISubsystem AIPerceptionSystem (0000012FDBF651C0), frame # 0
[2021.02.17-01.51.00:637][  0]LogAudioMixer: Display: Audio Mixer Platform Settings:
[2021.02.17-01.51.00:637][  0]LogAudioMixer: Display: 	Sample Rate:						  48000
[2021.02.17-01.51.00:637][  0]LogAudioMixer: Display: 	Callback Buffer Frame Size Requested: 1024
[2021.02.17-01.51.00:637][  0]LogAudioMixer: Display: 	Callback Buffer Frame Size To Use:	  1024
[2021.02.17-01.51.00:637][  0]LogAudioMixer: Display: 	Number of buffers to queue:			  2
[2021.02.17-01.51.00:637][  0]LogAudioMixer: Display: 	Max Channels (voices):				  32
[2021.02.17-01.51.00:637][  0]LogAudioMixer: Display: 	Number of Async Source Workers:		  0
[2021.02.17-01.51.00:637][  0]LogAudio: Display: AudioDevice MaxSources: 32
[2021.02.17-01.51.00:638][  0]LogAudio: Display: Using built-in audio occlusion.
[2021.02.17-01.51.00:638][  0]LogAudioMixer: Display: Initializing audio mixer.
[2021.02.17-01.51.00:689][  0]LogAudioMixer: Display: 0: FrontLeft
[2021.02.17-01.51.00:689][  0]LogAudioMixer: Display: 1: FrontRight
[2021.02.17-01.51.00:689][  0]LogAudioMixer: Display: 2: FrontCenter
[2021.02.17-01.51.00:690][  0]LogAudioMixer: Display: 3: LowFrequency
[2021.02.17-01.51.00:690][  0]LogAudioMixer: Display: 4: BackLeft
[2021.02.17-01.51.00:690][  0]LogAudioMixer: Display: 5: BackRight
[2021.02.17-01.51.00:690][  0]LogAudioMixer: Display: 6: SideLeft
[2021.02.17-01.51.00:690][  0]LogAudioMixer: Display: 7: SideRight
[2021.02.17-01.51.00:769][  0]LogAudioMixer: Display: Using Audio Device Speakers (THX Spatial Audio)
[2021.02.17-01.51.00:772][  0]LogAudioMixer: Display: Initializing Sound Submixes...
[2021.02.17-01.51.00:774][  0]LogAudioMixer: Display: Creating Master Submix 'MasterSubmixDefault'
[2021.02.17-01.51.00:775][  0]LogAudioMixer: Display: Creating Master Submix 'MasterReverbSubmixDefault'
[2021.02.17-01.51.00:776][  0]LogAudioMixer: Display: Creating Master Submix 'MasterEQSubmixDefault'
[2021.02.17-01.51.00:778][  0]LogInit: FAudioDevice initialized.
[2021.02.17-01.51.00:779][  0]LogNetVersion: Set ProjectVersion to 1.0.0.0. Version Checksum will be recalculated on next use.
[2021.02.17-01.51.00:993][  0]LogDerivedDataCache: Saved boot cache 0.21s 76MB C:/Users/aveng/AppData/Local/UnrealEngine/4.25/DerivedDataCache/Boot.ddc.
[2021.02.17-01.51.00:995][  0]LogInit: Texture streaming: Enabled
[2021.02.17-01.51.01:041][  0]LogEngineSessionManager: EngineSessionManager initialized
[2021.02.17-01.51.01:042][  0]LogEngineSessionManager: EngineSessionManager sent abnormal shutdown report. Type=Debugger, SessionId={A20EC57C-4EE8-2BCF-47FF-3D891C39D85F}
[2021.02.17-01.51.01:042][  0]LogEditorSessionSummary: Verbose: Initializing EditorSessionSummaryWriter for editor session tracking
[2021.02.17-01.51.01:046][  0]LogEditorSessionSummary: EditorSessionSummaryWriter initialized
[2021.02.17-01.51.01:105][  0]LogInit: Transaction tracking system initialized
[2021.02.17-01.51.01:184][  0]BlueprintLog: New page: Editor Load
[2021.02.17-01.51.01:443][  0]LocalizationService: Localization service is disabled
[2021.02.17-01.51.01:780][  0]LogCook: Display: Max memory allowance for cook 16384mb min free memory 0mb
[2021.02.17-01.51.01:780][  0]LogCook: Display: Mobile HDR setting 1
[2021.02.17-01.51.02:195][  0]LogFileCache: Scanning file cache for directory 'C:/Users/aveng/Documents/GitHub/CarbonPush2/CarbonPushTwo/Content/' took 0.01s
[2021.02.17-01.51.02:505][  0]LogUnrealEdMisc: Loading editor; pre map load, took 12.401
[2021.02.17-01.51.02:505][  0]Cmd: MAP LOAD FILE="C:/Users/aveng/Documents/GitHub/CarbonPush2/CarbonPushTwo/Content/Levels/Main_Screen.umap" TEMPLATE=0 SHOWPROGRESS=1 FEATURELEVEL=3
[2021.02.17-01.51.02:506][  0]LightingResults: New page: Lighting Build
[2021.02.17-01.51.02:507][  0]LogWorld: UWorld::CleanupWorld for Untitled, bSessionEnded=true, bCleanupResources=true
[2021.02.17-01.51.02:507][  0]LogSlate: InvalidateAllWidgets triggered.  All widgets were invalidated
[2021.02.17-01.51.02:507][  0]MapCheck: New page: Map Check
[2021.02.17-01.51.02:507][  0]LightingResults: New page: Lighting Build
[2021.02.17-01.51.02:516][  0]LogAISub: UAISubsystem::~UAISubsystem EnvQueryManager (0000012FDBEDFC00), frame # 0
[2021.02.17-01.51.02:516][  0]LogAISub: UAISubsystem::~UAISubsystem AIPerceptionSystem (0000012FDBF651C0), frame # 0
[2021.02.17-01.51.02:518][  0]LogUObjectHash: Compacting FUObjectHashTables data took   0.90ms
[2021.02.17-01.51.02:866][  0]LogAIModule: Creating AISystem for world Main_Screen
[2021.02.17-01.51.02:866][  0]LogAISub: UAISubsystem::UAISubsystem EnvQueryManager (0000012FC927FE00), frame # 0
[2021.02.17-01.51.02:866][  0]LogAISub: UAISubsystem::UAISubsystem AIPerceptionSystem (0000012FCBC8F4C0), frame # 0
[2021.02.17-01.51.02:883][  0]LogEditorServer: Finished looking for orphan Actors (0.000 secs)
[2021.02.17-01.51.02:915][  0]LogUObjectHash: Compacting FUObjectHashTables data took   0.86ms
[2021.02.17-01.51.02:916][  0]Cmd: MAP CHECKDEP NOCLEARLOG
[2021.02.17-01.51.02:916][  0]MapCheck: Map check complete: 0 Error(s), 0 Warning(s), took 0.244ms to complete.
[2021.02.17-01.51.02:916][  0]LogFileHelpers: Loading map 'Main_Screen' took 0.411
[2021.02.17-01.51.02:920][  0]LogUnrealEdMisc: Total Editor Startup Time, took 12.816
[2021.02.17-01.51.03:075][  0]LogSlate: Updating window title bar state: overlay mode, drag disabled, window buttons hidden, title bar hidden
[2021.02.17-01.51.03:086][  0]LogSlate: Updating window title bar state: overlay mode, drag disabled, window buttons hidden, title bar hidden
[2021.02.17-01.51.03:096][  0]LogSlate: Updating window title bar state: overlay mode, drag disabled, window buttons hidden, title bar hidden
[2021.02.17-01.51.03:105][  0]LogSlate: Updating window title bar state: overlay mode, drag disabled, window buttons hidden, title bar hidden
[2021.02.17-01.51.03:126][  0]LogCollectionManager: Loaded 0 collections in 0.002283 seconds
[2021.02.17-01.51.03:146][  0]LogFileCache: Scanning file cache for directory 'C:/Users/aveng/Documents/GitHub/CarbonPush2/CarbonPushTwo/Saved/Collections/' took 0.00s
[2021.02.17-01.51.03:146][  0]LogFileCache: Scanning file cache for directory 'C:/Users/aveng/Documents/GitHub/CarbonPush2/CarbonPushTwo/Content/Developers/aveng/Collections/' took 0.00s
[2021.02.17-01.51.03:146][  0]LogFileCache: Scanning file cache for directory 'C:/Users/aveng/Documents/GitHub/CarbonPush2/CarbonPushTwo/Content/Collections/' took 0.00s
[2021.02.17-01.51.03:146][  0]LogContentBrowser: Native class hierarchy populated in 0.0138 seconds. Added 3448 classes and 828 folders.
[2021.02.17-01.51.03:150][  0]LogContentBrowser: Native class hierarchy updated for 'WidgetCarousel' in 0.0005 seconds. Added 0 classes and 0 folders.
[2021.02.17-01.51.03:235][  0]LogContentBrowser: Native class hierarchy updated for 'AddContentDialog' in 0.0005 seconds. Added 0 classes and 0 folders.
[2021.02.17-01.51.03:237][  0]LogContentBrowser: Native class hierarchy updated for 'SceneOutliner' in 0.0005 seconds. Added 2 classes and 0 folders.
[2021.02.17-01.51.03:379][  0]LogSlate: Took 0.000273 seconds to synchronously load lazily loaded font '../../../Engine/Content/Slate/Fonts/Roboto-Regular.ttf' (155K)
[2021.02.17-01.51.03:382][  0]LogSlate: Took 0.000186 seconds to synchronously load lazily loaded font '../../../Engine/Content/Slate/Fonts/Roboto-Bold.ttf' (160K)
[2021.02.17-01.51.03:388][  0]LogSlate: Took 0.000188 seconds to synchronously load lazily loaded font '../../../Engine/Content/Editor/Slate/Fonts/FontAwesome.ttf' (139K)
[2021.02.17-01.51.03:475][  0]LogRenderer: Reallocating scene render targets to support 256x256 Format 10 NumSamples 1 (Frame:1).
[2021.02.17-01.51.03:498][  0]LogRenderer: Reallocating scene render targets to support 1108x628 Format 10 NumSamples 1 (Frame:1).
[2021.02.17-01.51.03:616][  0]LogContentBrowser: Native class hierarchy updated for 'HierarchicalLODOutliner' in 0.0006 seconds. Added 0 classes and 0 folders.
[2021.02.17-01.51.03:616][  0]LogLoad: (Engine Initialization) Total time: 13.51 seconds
[2021.02.17-01.51.03:617][  0]LogLoad: (Engine Initialization) Total Blueprint compile time: 0.00 seconds
[2021.02.17-01.51.03:751][  0]LogAssetRegistry: Asset discovery search completed in 7.5941 seconds
[2021.02.17-01.51.03:756][  0]LogCollectionManager: Fixed up redirectors for 0 collections in 0.000002 seconds (updated 0 objects)
[2021.02.17-01.51.03:757][  0]LogContentStreaming: Texture pool size now 1000 MB
[2021.02.17-01.51.03:805][  0]LogSlate: Took 0.000191 seconds to synchronously load lazily loaded font '../../../Engine/Content/Slate/Fonts/Roboto-Light.ttf' (167K)
[2021.02.17-01.51.06:447][296]Candidate modules for hot reload:
[2021.02.17-01.51.06:448][296]  CarbonPushTwo
[2021.02.17-01.51.06:448][296]Launching UnrealBuildTool... [E:/UNREAL ENGINE/UE_4.25/Engine/Binaries/DotNET/UnrealBuildTool.exe  -ModuleWithSuffix=CarbonPushTwo,2932 CarbonPushTwoEditor Win64 Development -Project="C:/Users/aveng/Documents/GitHub/CarbonPush2/CarbonPushTwo/CarbonPushTwo.uproject" "C:/Users/aveng/Documents/GitHub/CarbonPush2/CarbonPushTwo/CarbonPushTwo.uproject"  -IgnoreJunk]
[2021.02.17-01.51.06:526][296]Warning: Starting HotReload took  0.1s.
[2021.02.17-01.51.09:346][583]CompilerResultsLog: New page: Compilation - 17 Feb 2021, 01:51:09
[2021.02.17-01.51.09:346][583]CompilerResultsLog: Using 'git status' to determine working set for adaptive non-unity build (C:\Users\aveng\Documents\GitHub\CarbonPush2).
[2021.02.17-01.51.09:346][583]CompilerResultsLog: Building CarbonPushTwoEditor...
[2021.02.17-01.51.09:346][583]CompilerResultsLog: Using Visual Studio 2019 14.28.29337 toolchain (C:\Program Files (x86)\Microsoft Visual Studio\2019\Community\VC\Tools\MSVC\14.28.29333) and Windows 10.0.18362.0 SDK (C:\Program Files (x86)\Windows Kits\10).
[2021.02.17-01.51.09:347][583]CompilerResultsLog: Building 3 actions with 8 processes...
[2021.02.17-01.51.09:347][583]CompilerResultsLog:   [1/3] UE4Editor-CarbonPushTwo-2932.lib
[2021.02.17-01.51.09:347][583]CompilerResultsLog:      Creating library C:\Users\aveng\Documents\GitHub\CarbonPush2\CarbonPushTwo\Intermediate\Build\Win64\UE4Editor\Development\CarbonPushTwo\UE4Editor-CarbonPushTwo-2932.lib and object C:\Users\aveng\Documents\GitHub\CarbonPush2\CarbonPushTwo\Intermediate\Build\Win64\UE4Editor\Development\CarbonPushTwo\UE4Editor-CarbonPushTwo-2932.exp
[2021.02.17-01.51.09:347][583]CompilerResultsLog:   [2/3] UE4Editor-CarbonPushTwo-2932.dll
[2021.02.17-01.51.09:347][583]CompilerResultsLog:      Creating library C:\Users\aveng\Documents\GitHub\CarbonPush2\CarbonPushTwo\Intermediate\Build\Win64\UE4Editor\Development\CarbonPushTwo\UE4Editor-CarbonPushTwo-2932.suppressed.lib and object C:\Users\aveng\Documents\GitHub\CarbonPush2\CarbonPushTwo\Intermediate\Build\Win64\UE4Editor\Development\CarbonPushTwo\UE4Editor-CarbonPushTwo-2932.suppressed.exp
[2021.02.17-01.51.09:347][583]CompilerResultsLog:   [3/3] CarbonPushTwoEditor.target
[2021.02.17-01.51.09:347][583]CompilerResultsLog: Total time in Parallel executor: 1.58 seconds
[2021.02.17-01.51.09:347][583]CompilerResultsLog: Total execution time: 2.70 seconds
[2021.02.17-01.51.09:347][583]LogMainFrame: MainFrame: Module compiling took 2.903 seconds
[2021.02.17-01.51.09:375][583]LogContentBrowser: Native class hierarchy updated for 'CarbonPushTwo' in 0.0006 seconds. Added 12 classes and 2 folders.
[2021.02.17-01.51.09:378][583]Display: HotReload successful (14 functions remapped  0 scriptstructs remapped)
[2021.02.17-01.51.09:439][583]LogContentBrowser: Native class hierarchy populated in 0.0125 seconds. Added 3448 classes and 828 folders.
[2021.02.17-01.51.09:439][583]Display: HotReload took  3.0s.
[2021.02.17-01.51.14:958][242]LogTemp: Repeating last play command: Selected Viewport
[2021.02.17-01.51.14:975][242]LogPlayLevel: PlayLevel: No blueprints needed recompiling
[2021.02.17-01.51.14:975][242]PIE: New page: PIE session: Main_Screen (17 Feb 2021, 01:51:14)
[2021.02.17-01.51.14:978][242]LogOnline: OSS: Creating online subsystem instance for: NULL
[2021.02.17-01.51.14:980][242]LogOnline: OSS: TryLoadSubsystemAndSetDefault: Loaded subsystem for module [NULL]
[2021.02.17-01.51.14:981][242]LogPlayLevel: Creating play world package: /Game/Levels/UEDPIE_0_Main_Screen
[2021.02.17-01.51.14:995][242]LogPlayLevel: PIE: StaticDuplicateObject took: (0.014514s)
[2021.02.17-01.51.14:997][242]LogAIModule: Creating AISystem for world Main_Screen
[2021.02.17-01.51.14:997][242]LogAISub: UAISubsystem::UAISubsystem EnvQueryManager (0000012FFFD0FE00), frame # 1242
[2021.02.17-01.51.14:997][242]LogAISub: UAISubsystem::UAISubsystem AIPerceptionSystem (0000012FC9140180), frame # 1242
[2021.02.17-01.51.14:997][242]LogPlayLevel: PIE: World Init took: (0.001953s)
[2021.02.17-01.51.14:998][242]LogPlayLevel: PIE: Created PIE world by copying editor world from /Game/Levels/Main_Screen.Main_Screen to /Game/Levels/UEDPIE_0_Main_Screen.Main_Screen (0.017076s)
[2021.02.17-01.51.15:009][242]LogUObjectHash: Compacting FUObjectHashTables data took   0.73ms
[2021.02.17-01.51.15:010][242]LogAudioMixer: Display: Audio Mixer Platform Settings:
[2021.02.17-01.51.15:010][242]LogAudioMixer: Display: 	Sample Rate:						  48000
[2021.02.17-01.51.15:010][242]LogAudioMixer: Display: 	Callback Buffer Frame Size Requested: 1024
[2021.02.17-01.51.15:011][242]LogAudioMixer: Display: 	Callback Buffer Frame Size To Use:	  1024
[2021.02.17-01.51.15:011][242]LogAudioMixer: Display: 	Number of buffers to queue:			  2
[2021.02.17-01.51.15:011][242]LogAudioMixer: Display: 	Max Channels (voices):				  32
[2021.02.17-01.51.15:011][242]LogAudioMixer: Display: 	Number of Async Source Workers:		  0
[2021.02.17-01.51.15:011][242]LogAudio: Display: AudioDevice MaxSources: 32
[2021.02.17-01.51.15:012][242]LogAudio: Display: Using built-in audio occlusion.
[2021.02.17-01.51.15:012][242]LogAudioMixer: Display: Initializing audio mixer.
[2021.02.17-01.51.15:026][242]LogAudioMixer: Display: 0: FrontLeft
[2021.02.17-01.51.15:026][242]LogAudioMixer: Display: 1: FrontRight
[2021.02.17-01.51.15:026][242]LogAudioMixer: Display: 2: FrontCenter
[2021.02.17-01.51.15:027][242]LogAudioMixer: Display: 3: LowFrequency
[2021.02.17-01.51.15:027][242]LogAudioMixer: Display: 4: BackLeft
[2021.02.17-01.51.15:027][242]LogAudioMixer: Display: 5: BackRight
[2021.02.17-01.51.15:027][242]LogAudioMixer: Display: 6: SideLeft
[2021.02.17-01.51.15:027][242]LogAudioMixer: Display: 7: SideRight
[2021.02.17-01.51.15:089][242]LogAudioMixer: Display: Using Audio Device Speakers (THX Spatial Audio)
[2021.02.17-01.51.15:090][242]LogAudioMixer: Display: Initializing Sound Submixes...
[2021.02.17-01.51.15:090][242]LogAudioMixer: Display: Creating Master Submix 'MasterSubmixDefault'
[2021.02.17-01.51.15:090][242]LogAudioMixer: Display: Creating Master Submix 'MasterReverbSubmixDefault'
[2021.02.17-01.51.15:091][242]LogAudioMixer: Display: Creating Master Submix 'MasterEQSubmixDefault'
[2021.02.17-01.51.15:104][242]LogInit: FAudioDevice initialized.
[2021.02.17-01.51.15:164][242]LogLoad: Game class is 'BP_CarbonPushTwoGameModeBase_C'
[2021.02.17-01.51.15:173][242]LogWorld: Bringing World /Game/Levels/UEDPIE_0_Main_Screen.Main_Screen up for play (max tick rate 0) at 2021.02.17-01.51.15
[2021.02.17-01.51.15:174][242]LogWorld: Bringing up level for play took: 0.008426
[2021.02.17-01.51.15:174][242]LogOnline: OSS: Creating online subsystem instance for: :Context_1
[2021.02.17-01.51.15:258][242]LogContentBrowser: Native class hierarchy updated for 'MovieSceneCapture' in 0.0006 seconds. Added 20 classes and 0 folders.
[2021.02.17-01.51.15:263][242]PIE: Server logged in
[2021.02.17-01.51.15:265][242]PIE: Play in editor total start time 0.295 seconds.
[2021.02.17-01.51.17:887][547]LogSlate: Took 0.000172 seconds to synchronously load lazily loaded font '../../../Engine/Content/Slate/Fonts/DroidSansMono.ttf' (77K)
[2021.02.17-01.51.25:160][412]LogTemp: Warning: false
[2021.02.17-01.51.25:319][431]LogTemp: Warning: false
[2021.02.17-01.51.25:611][466]LogTemp: Warning: false
[2021.02.17-01.51.25:803][489]LogTemp: Warning: false
[2021.02.17-01.51.26:077][522]LogTemp: Warning: false
[2021.02.17-01.51.26:078][522]LogTemp: Warning: Dont Switch
[2021.02.17-01.51.31:745][202]LogTemp: Warning: true
[2021.02.17-01.51.33:011][354]LogTemp: Warning: true
[2021.02.17-01.51.34:278][506]LogTemp: Warning: true
[2021.02.17-01.51.35:545][658]LogTemp: Warning: true
[2021.02.17-01.51.36:812][810]LogTemp: Warning: true
[2021.02.17-01.51.38:079][962]LogTemp: Warning: true
[2021.02.17-01.51.39:345][114]LogTemp: Warning: true
[2021.02.17-01.51.40:615][266]LogTemp: Warning: true
[2021.02.17-01.51.40:615][266]LogTemp: Warning: Dont Switch
[2021.02.17-01.51.48:171][168]LogSlate: Updating window title bar state: overlay mode, drag disabled, window buttons hidden, title bar hidden
[2021.02.17-01.51.48:172][168]LogWorld: BeginTearingDown for /Game/Levels/UEDPIE_0_Main_Screen
[2021.02.17-01.51.48:172][168]LogWorld: UWorld::CleanupWorld for Main_Screen, bSessionEnded=true, bCleanupResources=true
[2021.02.17-01.51.48:173][168]LogSlate: InvalidateAllWidgets triggered.  All widgets were invalidated
[2021.02.17-01.51.48:187][168]LogPlayLevel: Display: Shutting down PIE online subsystems
[2021.02.17-01.51.48:189][168]LogSlate: InvalidateAllWidgets triggered.  All widgets were invalidated
[2021.02.17-01.51.48:240][168]LogSlate: Updating window title bar state: overlay mode, drag disabled, window buttons hidden, title bar hidden
[2021.02.17-01.51.48:243][168]LogAISub: UAISubsystem::~UAISubsystem EnvQueryManager (0000012FFFD0FE00), frame # 5168
[2021.02.17-01.51.48:243][168]LogAISub: UAISubsystem::~UAISubsystem AIPerceptionSystem (0000012FC9140180), frame # 5168
[2021.02.17-01.51.48:244][168]LogUObjectHash: Compacting FUObjectHashTables data took   0.89ms
[2021.02.17-01.51.48:272][169]LogPlayLevel: Display: Destroying online subsystem :Context_1
[2021.02.17-01.52.38:968][439]Candidate modules for hot reload:
[2021.02.17-01.52.38:968][439]  CarbonPushTwo
[2021.02.17-01.52.38:968][439]Launching UnrealBuildTool... [E:/UNREAL ENGINE/UE_4.25/Engine/Binaries/DotNET/UnrealBuildTool.exe  -ModuleWithSuffix=CarbonPushTwo,1821 CarbonPushTwoEditor Win64 Development -Project="C:/Users/aveng/Documents/GitHub/CarbonPush2/CarbonPushTwo/CarbonPushTwo.uproject" "C:/Users/aveng/Documents/GitHub/CarbonPush2/CarbonPushTwo/CarbonPushTwo.uproject"  -IgnoreJunk]
[2021.02.17-01.52.39:048][439]Warning: Starting HotReload took  0.1s.
[2021.02.17-01.52.43:526][929]CompilerResultsLog: New page: Compilation - 17 Feb 2021, 01:52:43
[2021.02.17-01.52.43:526][929]CompilerResultsLog: Using 'git status' to determine working set for adaptive non-unity build (C:\Users\aveng\Documents\GitHub\CarbonPush2).
[2021.02.17-01.52.43:527][929]CompilerResultsLog: Building CarbonPushTwoEditor...
[2021.02.17-01.52.43:527][929]CompilerResultsLog: Using Visual Studio 2019 14.28.29337 toolchain (C:\Program Files (x86)\Microsoft Visual Studio\2019\Community\VC\Tools\MSVC\14.28.29333) and Windows 10.0.18362.0 SDK (C:\Program Files (x86)\Windows Kits\10).
[2021.02.17-01.52.43:527][929]CompilerResultsLog: Building 4 actions with 8 processes...
[2021.02.17-01.52.43:527][929]CompilerResultsLog:   [1/4] Base_Character.cpp
[2021.02.17-01.52.43:527][929]CompilerResultsLog:   [2/4] UE4Editor-CarbonPushTwo-1821.lib
[2021.02.17-01.52.43:527][929]CompilerResultsLog:      Creating library C:\Users\aveng\Documents\GitHub\CarbonPush2\CarbonPushTwo\Intermediate\Build\Win64\UE4Editor\Development\CarbonPushTwo\UE4Editor-CarbonPushTwo-1821.lib and object C:\Users\aveng\Documents\GitHub\CarbonPush2\CarbonPushTwo\Intermediate\Build\Win64\UE4Editor\Development\CarbonPushTwo\UE4Editor-CarbonPushTwo-1821.exp
[2021.02.17-01.52.43:527][929]CompilerResultsLog:   [3/4] UE4Editor-CarbonPushTwo-1821.dll
[2021.02.17-01.52.43:527][929]CompilerResultsLog:      Creating library C:\Users\aveng\Documents\GitHub\CarbonPush2\CarbonPushTwo\Intermediate\Build\Win64\UE4Editor\Development\CarbonPushTwo\UE4Editor-CarbonPushTwo-1821.suppressed.lib and object C:\Users\aveng\Documents\GitHub\CarbonPush2\CarbonPushTwo\Intermediate\Build\Win64\UE4Editor\Development\CarbonPushTwo\UE4Editor-CarbonPushTwo-1821.suppressed.exp
[2021.02.17-01.52.43:527][929]CompilerResultsLog:   [4/4] CarbonPushTwoEditor.target
[2021.02.17-01.52.43:527][929]CompilerResultsLog: Total time in Parallel executor: 3.27 seconds
[2021.02.17-01.52.43:528][929]CompilerResultsLog: Total execution time: 4.35 seconds
[2021.02.17-01.52.43:528][929]LogMainFrame: MainFrame: Module compiling took 4.562 seconds
[2021.02.17-01.52.43:560][929]LogContentBrowser: Native class hierarchy updated for 'CarbonPushTwo' in 0.0006 seconds. Added 12 classes and 2 folders.
[2021.02.17-01.52.43:561][929]Display: HotReload successful (14 functions remapped  0 scriptstructs remapped)
[2021.02.17-01.52.43:604][929]LogContentBrowser: Native class hierarchy populated in 0.0093 seconds. Added 3448 classes and 828 folders.
[2021.02.17-01.52.43:604][929]Display: HotReload took  4.6s.
[2021.02.17-01.52.52:627][  7]LogTemp: Repeating last play command: Selected Viewport
[2021.02.17-01.52.52:645][  7]LogPlayLevel: PlayLevel: No blueprints needed recompiling
[2021.02.17-01.52.52:645][  7]PIE: New page: PIE session: Main_Screen (17 Feb 2021, 01:52:52)
[2021.02.17-01.52.52:679][  7]LogPlayLevel: Creating play world package: /Game/Levels/UEDPIE_0_Main_Screen
[2021.02.17-01.52.52:694][  7]LogPlayLevel: PIE: StaticDuplicateObject took: (0.015026s)
[2021.02.17-01.52.52:695][  7]LogAIModule: Creating AISystem for world Main_Screen
[2021.02.17-01.52.52:695][  7]LogAISub: UAISubsystem::UAISubsystem EnvQueryManager (0000012FC927E400), frame # 7007
[2021.02.17-01.52.52:695][  7]LogAISub: UAISubsystem::UAISubsystem AIPerceptionSystem (0000012FFFB24B80), frame # 7007
[2021.02.17-01.52.52:696][  7]LogPlayLevel: PIE: World Init took: (0.001407s)
[2021.02.17-01.52.52:696][  7]LogPlayLevel: PIE: Created PIE world by copying editor world from /Game/Levels/Main_Screen.Main_Screen to /Game/Levels/UEDPIE_0_Main_Screen.Main_Screen (0.016894s)
[2021.02.17-01.52.52:706][  7]LogUObjectHash: Compacting FUObjectHashTables data took   0.74ms
[2021.02.17-01.52.52:707][  7]LogAudioMixer: Display: Audio Mixer Platform Settings:
[2021.02.17-01.52.52:708][  7]LogAudioMixer: Display: 	Sample Rate:						  48000
[2021.02.17-01.52.52:708][  7]LogAudioMixer: Display: 	Callback Buffer Frame Size Requested: 1024
[2021.02.17-01.52.52:708][  7]LogAudioMixer: Display: 	Callback Buffer Frame Size To Use:	  1024
[2021.02.17-01.52.52:708][  7]LogAudioMixer: Display: 	Number of buffers to queue:			  2
[2021.02.17-01.52.52:708][  7]LogAudioMixer: Display: 	Max Channels (voices):				  32
[2021.02.17-01.52.52:708][  7]LogAudioMixer: Display: 	Number of Async Source Workers:		  0
[2021.02.17-01.52.52:708][  7]LogAudio: Display: AudioDevice MaxSources: 32
[2021.02.17-01.52.52:709][  7]LogAudio: Display: Using built-in audio occlusion.
[2021.02.17-01.52.52:709][  7]LogAudioMixer: Display: Initializing audio mixer.
[2021.02.17-01.52.52:727][  7]LogAudioMixer: Display: 0: FrontLeft
[2021.02.17-01.52.52:727][  7]LogAudioMixer: Display: 1: FrontRight
[2021.02.17-01.52.52:727][  7]LogAudioMixer: Display: 2: FrontCenter
[2021.02.17-01.52.52:727][  7]LogAudioMixer: Display: 3: LowFrequency
[2021.02.17-01.52.52:727][  7]LogAudioMixer: Display: 4: BackLeft
[2021.02.17-01.52.52:727][  7]LogAudioMixer: Display: 5: BackRight
[2021.02.17-01.52.52:727][  7]LogAudioMixer: Display: 6: SideLeft
[2021.02.17-01.52.52:727][  7]LogAudioMixer: Display: 7: SideRight
[2021.02.17-01.52.52:783][  7]LogAudioMixer: Display: Using Audio Device Speakers (THX Spatial Audio)
[2021.02.17-01.52.52:784][  7]LogAudioMixer: Display: Initializing Sound Submixes...
[2021.02.17-01.52.52:784][  7]LogAudioMixer: Display: Creating Master Submix 'MasterSubmixDefault'
[2021.02.17-01.52.52:784][  7]LogAudioMixer: Display: Creating Master Submix 'MasterReverbSubmixDefault'
[2021.02.17-01.52.52:784][  7]LogAudioMixer: Display: Creating Master Submix 'MasterEQSubmixDefault'
[2021.02.17-01.52.52:798][  7]LogInit: FAudioDevice initialized.
[2021.02.17-01.52.52:814][  7]LogLoad: Game class is 'BP_CarbonPushTwoGameModeBase_C'
[2021.02.17-01.52.52:821][  7]LogWorld: Bringing World /Game/Levels/UEDPIE_0_Main_Screen.Main_Screen up for play (max tick rate 0) at 2021.02.17-01.52.52
[2021.02.17-01.52.52:823][  7]LogWorld: Bringing up level for play took: 0.008022
[2021.02.17-01.52.52:823][  7]LogOnline: OSS: Creating online subsystem instance for: :Context_2
[2021.02.17-01.52.52:830][  7]PIE: Server logged in
[2021.02.17-01.52.52:832][  7]PIE: Play in editor total start time 0.192 seconds.
