Log file open, 02/12/21 22:39:15
LogInit: Display: Running engine for game: CarbonPushTwo
LogPlatformFile: Not using cached read wrapper
LogTaskGraph: Started task graph with 5 named threads and 23 total threads with 3 sets of task threads.
LogStats: Stats thread started at 0.273679
LogD3D11RHI: Loaded GFSDK_Aftermath_Lib.x64.dll
LogICUInternationalization: ICU TimeZone Detection - Raw Offset: +0:00, Platform Override: ''
LogPluginManager: Mounting plugin Paper2D
LogPluginManager: Mounting plugin AISupport
LogPluginManager: Mounting plugin LightPropagationVolume
LogPluginManager: Mounting plugin CameraShakePreviewer
LogPluginManager: Mounting plugin ActorLayerUtilities
LogPluginManager: Mounting plugin AnimationSharing
LogPluginManager: Mounting plugin CLionSourceCodeAccess
LogPluginManager: Mounting plugin CodeLiteSourceCodeAccess
LogPluginManager: Mounting plugin GitSourceControl
LogPluginManager: Mounting plugin KDevelopSourceCodeAccess
LogPluginManager: Mounting plugin NullSourceCodeAccess
LogPluginManager: Mounting plugin PerforceSourceControl
LogPluginManager: Mounting plugin PlasticSourceControl
LogPluginManager: Mounting plugin RiderSourceCodeAccess
LogPluginManager: Mounting plugin SubversionSourceControl
LogPluginManager: Mounting plugin UObjectPlugin
LogPluginManager: Mounting plugin VisualStudioCodeSourceCodeAccess
LogPluginManager: Mounting plugin VisualStudioSourceCodeAccess
LogPluginManager: Mounting plugin XCodeSourceCodeAccess
LogPluginManager: Mounting plugin AssetManagerEditor
LogPluginManager: Mounting plugin CryptoKeys
LogPluginManager: Mounting plugin CurveEditorTools
LogPluginManager: Mounting plugin DataValidation
LogPluginManager: Mounting plugin EditorScriptingUtilities
LogPluginManager: Mounting plugin FacialAnimation
LogPluginManager: Mounting plugin GameplayTagsEditor
LogPluginManager: Mounting plugin GeometryMode
LogPluginManager: Mounting plugin MacGraphicsSwitching
LogPluginManager: Mounting plugin MaterialAnalyzer
LogPluginManager: Mounting plugin MobileLauncherProfileWizard
LogPluginManager: Mounting plugin PluginBrowser
LogPluginManager: Mounting plugin SpeedTreeImporter
LogPluginManager: Mounting plugin DatasmithContent
LogPluginManager: Mounting plugin VariantManagerContent
LogPluginManager: Mounting plugin AlembicImporter
LogPluginManager: Mounting plugin AutomationUtils
LogPluginManager: Mounting plugin BackChannel
LogPluginManager: Mounting plugin ChaosCloth
LogPluginManager: Mounting plugin ChaosClothEditor
LogPluginManager: Mounting plugin ChaosEditor
LogPluginManager: Mounting plugin ChaosNiagara
LogPluginManager: Mounting plugin ChaosSolverPlugin
LogPluginManager: Mounting plugin CharacterAI
LogPluginManager: Mounting plugin GeometryCache
LogPluginManager: Mounting plugin GeometryCollectionPlugin
LogPluginManager: Mounting plugin GeometryProcessing
LogPluginManager: Mounting plugin PlanarCut
LogPluginManager: Mounting plugin PlatformCrypto
LogPluginManager: Mounting plugin ProxyLODPlugin
LogPluginManager: Mounting plugin SkeletalReduction
LogPluginManager: Mounting plugin Niagara
LogPluginManager: Mounting plugin MagicLeap
LogPluginManager: Mounting plugin MagicLeapLightEstimation
LogPluginManager: Mounting plugin MagicLeapMedia
LogPluginManager: Mounting plugin MagicLeapPassableWorld
LogPluginManager: Mounting plugin MLSDK
LogPluginManager: Mounting plugin AndroidMedia
LogPluginManager: Mounting plugin AvfMedia
LogPluginManager: Mounting plugin ImgMedia
LogPluginManager: Mounting plugin MediaCompositing
LogPluginManager: Mounting plugin MediaPlayerEditor
LogPluginManager: Mounting plugin WebMMedia
LogPluginManager: Mounting plugin WmfMedia
LogPluginManager: Mounting plugin MeshPainting
LogPluginManager: Mounting plugin TcpMessaging
LogPluginManager: Mounting plugin UdpMessaging
LogPluginManager: Mounting plugin ActorSequence
LogPluginManager: Mounting plugin LevelSequenceEditor
LogPluginManager: Mounting plugin MatineeToLevelSequence
LogPluginManager: Mounting plugin MovieRenderPipeline
LogPluginManager: Mounting plugin TemplateSequence
LogPluginManager: Mounting plugin NetcodeUnitTest
LogPluginManager: Mounting plugin NUTUnrealEngine4
LogPluginManager: Mounting plugin OnlineSubsystemGooglePlay
LogPluginManager: Mounting plugin OnlineSubsystemIOS
LogPluginManager: Mounting plugin OnlineSubsystem
LogPluginManager: Mounting plugin OnlineSubsystemNull
LogPluginManager: Mounting plugin OnlineSubsystemUtils
LogPluginManager: Mounting plugin LauncherChunkInstaller
LogPluginManager: Mounting plugin AndroidDeviceProfileSelector
LogPluginManager: Mounting plugin AndroidMoviePlayer
LogPluginManager: Mounting plugin AndroidPermission
LogPluginManager: Mounting plugin AppleImageUtils
LogPluginManager: Mounting plugin AppleMoviePlayer
LogPluginManager: Mounting plugin ArchVisCharacter
LogPluginManager: Mounting plugin AssetTags
LogPluginManager: Mounting plugin AudioCapture
LogPluginManager: Mounting plugin CableComponent
LogPluginManager: Mounting plugin CustomMeshComponent
LogPluginManager: Mounting plugin EditableMesh
LogPluginManager: Mounting plugin ExampleDeviceProfileSelector
LogPluginManager: Mounting plugin GoogleCloudMessaging
LogPluginManager: Mounting plugin GooglePAD
LogPluginManager: Mounting plugin IOSDeviceProfileSelector
LogPluginManager: Mounting plugin LinuxDeviceProfileSelector
LogPluginManager: Mounting plugin LocationServicesBPLibrary
LogPluginManager: Mounting plugin MobilePatchingUtils
LogPluginManager: Mounting plugin OculusVR
LogPluginManager: Mounting plugin PhysXVehicles
LogPluginManager: Mounting plugin PostSplashScreen
LogPluginManager: Mounting plugin ProceduralMeshComponent
LogPluginManager: Mounting plugin RuntimePhysXCooking
LogPluginManager: Mounting plugin SignificanceManager
LogPluginManager: Mounting plugin SoundFields
LogPluginManager: Mounting plugin SteamVR
LogPluginManager: Mounting plugin Synthesis
LogPluginManager: Mounting plugin WebMMoviePlayer
LogPluginManager: Mounting plugin WindowsMoviePlayer
LogPluginManager: Mounting plugin ScreenshotTools
LogInit: Using libcurl 7.55.1-DEV
LogInit:  - built for x86_64-pc-win32
LogInit:  - supports SSL with OpenSSL/1.1.1
LogInit:  - supports HTTP deflate (compression) using libz 1.2.8
LogInit:  - other features:
LogInit:      CURL_VERSION_SSL
LogInit:      CURL_VERSION_LIBZ
LogInit:      CURL_VERSION_IPV6
LogInit:      CURL_VERSION_ASYNCHDNS
LogInit:      CURL_VERSION_LARGEFILE
LogInit:      CURL_VERSION_IDN
LogInit:  CurlRequestOptions (configurable via config and command line):
LogInit:  - bVerifyPeer = true  - Libcurl will verify peer certificate
LogInit:  - bUseHttpProxy = false  - Libcurl will NOT use HTTP proxy
LogInit:  - bDontReuseConnections = false  - Libcurl will reuse connections
LogInit:  - MaxHostConnections = 16  - Libcurl will limit the number of connections to a host
LogInit:  - LocalHostAddr = Default
LogInit:  - BufferSize = 65536
LogOnline: OSS: Creating online subsystem instance for: NULL
LogInit: WinSock: version 1.1 (2.2), MaxSocks=32767, MaxUdp=65467
LogOnline: OSS: TryLoadSubsystemAndSetDefault: Loaded subsystem for module [NULL]
LogInit: Build: ++UE4+Release-4.25-CL-14469661
LogInit: Engine Version: 4.25.4-14469661+++UE4+Release-4.25
LogInit: Compatible Engine Version: 4.25.0-13144385+++UE4+Release-4.25
LogInit: Net CL: 13144385
LogInit: OS: Windows 10 (Release 2009) (), CPU: Intel(R) Core(TM) i7-4770 CPU @ 3.40GHz, GPU: NVIDIA GeForce GTX 1060 6GB
LogInit: Compiled (64-bit): Oct 11 2020 08:10:49
LogInit: Compiled with Visual C++: 19.24.28315.00
LogInit: Build Configuration: Development
LogInit: Branch Name: ++UE4+Release-4.25
LogInit: Command Line: 
LogInit: Base Directory: E:/UNREAL ENGINE/UE_4.25/Engine/Binaries/Win64/
LogInit: Allocator: TBB
LogInit: Installed Engine Build: 1
LogDevObjectVersion: Number of dev versions registered: 26
LogDevObjectVersion:   Dev-Blueprints (B0D832E4-1F89-4F0D-ACCF-7EB736FD4AA2): 10
LogDevObjectVersion:   Dev-Build (E1C64328-A22C-4D53-A36C-8E866417BD8C): 0
LogDevObjectVersion:   Dev-Core (375EC13C-06E4-48FB-B500-84F0262A717E): 4
LogDevObjectVersion:   Dev-Editor (E4B068ED-F494-42E9-A231-DA0B2E46BB41): 38
LogDevObjectVersion:   Dev-Framework (CFFC743F-43B0-4480-9391-14DF171D2073): 37
LogDevObjectVersion:   Dev-Mobile (B02B49B5-BB20-44E9-A304-32B752E40360): 2
LogDevObjectVersion:   Dev-Networking (A4E4105C-59A1-49B5-A7C5-40C4547EDFEE): 0
LogDevObjectVersion:   Dev-Online (39C831C9-5AE6-47DC-9A44-9C173E1C8E7C): 0
LogDevObjectVersion:   Dev-Physics (78F01B33-EBEA-4F98-B9B4-84EACCB95AA2): 4
LogDevObjectVersion:   Dev-Platform (6631380F-2D4D-43E0-8009-CF276956A95A): 0
LogDevObjectVersion:   Dev-Rendering (12F88B9F-8875-4AFC-A67C-D90C383ABD29): 43
LogDevObjectVersion:   Dev-Sequencer (7B5AE74C-D270-4C10-A958-57980B212A5A): 12
LogDevObjectVersion:   Dev-VR (D7296918-1DD6-4BDD-9DE2-64A83CC13884): 3
LogDevObjectVersion:   Dev-LoadTimes (C2A15278-BFE7-4AFE-6C17-90FF531DF755): 1
LogDevObjectVersion:   Private-Geometry (6EACA3D4-40EC-4CC1-B786-8BED09428FC5): 3
LogDevObjectVersion:   Dev-AnimPhys (29E575DD-E0A3-4627-9D10-D276232CDCEA): 17
LogDevObjectVersion:   Dev-Anim (AF43A65D-7FD3-4947-9873-3E8ED9C1BB05): 7
LogDevObjectVersion:   Dev-ReflectionCapture (6B266CEC-1EC7-4B8F-A30B-E4D90942FC07): 1
LogDevObjectVersion:   Dev-Automation (0DF73D61-A23F-47EA-B727-89E90C41499A): 1
LogDevObjectVersion:   FortniteMain (601D1886-AC64-4F84-AA16-D3DE0DEAC7D6): 31
LogDevObjectVersion:   Dev-Enterprise (9DFFBCD6-494F-0158-E221-12823C92A888): 10
LogDevObjectVersion:   Dev-Niagara (F2AED0AC-9AFE-416F-8664-AA7FFA26D6FC): 1
LogDevObjectVersion:   Dev-Destruction (174F1F0B-B4C6-45A5-B13F-2EE8D0FB917D): 10
LogDevObjectVersion:   Dev-Physics-Ext (35F94A83-E258-406C-A318-09F59610247C): 37
LogDevObjectVersion:   Dev-PhysicsMaterial-Chaos (B68FC16E-8B1B-42E2-B453-215C058844FE): 1
LogDevObjectVersion:   Dev-CineCamera (B2E18506-4273-CFC2-A54E-F4BB758BBA07): 1
LogInit: Presizing for max 25165824 objects, including 0 objects not considered by GC, pre-allocating 0 bytes for permanent pool.
LogConfig: Applying CVar settings from Section [/Script/Engine.StreamingSettings] File [C:/Users/aveng/Documents/GitHub/CarbonPush2/CarbonPushTwo/Saved/Config/Windows/Engine.ini]
LogConfig: Setting CVar [[s.MinBulkDataSizeForAsyncLoading:131072]]
LogConfig: Setting CVar [[s.AsyncLoadingThreadEnabled:0]]
LogConfig: Setting CVar [[s.EventDrivenLoaderEnabled:1]]
LogConfig: Setting CVar [[s.WarnIfTimeLimitExceeded:0]]
LogConfig: Setting CVar [[s.TimeLimitExceededMultiplier:1.5]]
LogConfig: Setting CVar [[s.TimeLimitExceededMinTime:0.005]]
LogConfig: Setting CVar [[s.UseBackgroundLevelStreaming:1]]
LogConfig: Setting CVar [[s.PriorityAsyncLoadingExtraTime:15.0]]
LogConfig: Setting CVar [[s.LevelStreamingActorsUpdateTimeLimit:5.0]]
LogConfig: Setting CVar [[s.PriorityLevelStreamingActorsUpdateExtraTime:5.0]]
LogConfig: Setting CVar [[s.LevelStreamingComponentsRegistrationGranularity:10]]
LogConfig: Setting CVar [[s.UnregisterComponentsTimeLimit:1.0]]
LogConfig: Setting CVar [[s.LevelStreamingComponentsUnregistrationGranularity:5]]
LogConfig: Setting CVar [[s.FlushStreamingOnExit:1]]
LogInit: Object subsystem initialized
LogConfig: Setting CVar [[con.DebugEarlyDefault:1]]
LogConfig: Setting CVar [[r.setres:1280x720]]
[2021.02.12-22.39.15:872][  0]LogConfig: Setting CVar [[r.VSync:0]]
[2021.02.12-22.39.15:872][  0]LogConfig: Setting CVar [[r.RHICmdBypass:0]]
[2021.02.12-22.39.15:872][  0]LogConfig: Applying CVar settings from Section [/Script/Engine.RendererSettings] File [C:/Users/aveng/Documents/GitHub/CarbonPush2/CarbonPushTwo/Saved/Config/Windows/Engine.ini]
[2021.02.12-22.39.15:872][  0]LogConfig: Setting CVar [[r.GPUCrashDebugging:0]]
[2021.02.12-22.39.15:872][  0]LogConfig: Applying CVar settings from Section [/Script/Engine.RendererOverrideSettings] File [C:/Users/aveng/Documents/GitHub/CarbonPush2/CarbonPushTwo/Saved/Config/Windows/Engine.ini]
[2021.02.12-22.39.15:872][  0]LogConfig: Applying CVar settings from Section [/Script/Engine.StreamingSettings] File [C:/Users/aveng/Documents/GitHub/CarbonPush2/CarbonPushTwo/Saved/Config/Windows/Engine.ini]
[2021.02.12-22.39.15:872][  0]LogConfig: Setting CVar [[s.MinBulkDataSizeForAsyncLoading:131072]]
[2021.02.12-22.39.15:872][  0]LogConfig: Setting CVar [[s.AsyncLoadingThreadEnabled:0]]
[2021.02.12-22.39.15:872][  0]LogConfig: Setting CVar [[s.EventDrivenLoaderEnabled:1]]
[2021.02.12-22.39.15:872][  0]LogConfig: Setting CVar [[s.WarnIfTimeLimitExceeded:0]]
[2021.02.12-22.39.15:872][  0]LogConfig: Setting CVar [[s.TimeLimitExceededMultiplier:1.5]]
[2021.02.12-22.39.15:872][  0]LogConfig: Setting CVar [[s.TimeLimitExceededMinTime:0.005]]
[2021.02.12-22.39.15:872][  0]LogConfig: Setting CVar [[s.UseBackgroundLevelStreaming:1]]
[2021.02.12-22.39.15:872][  0]LogConfig: Setting CVar [[s.PriorityAsyncLoadingExtraTime:15.0]]
[2021.02.12-22.39.15:872][  0]LogConfig: Setting CVar [[s.LevelStreamingActorsUpdateTimeLimit:5.0]]
[2021.02.12-22.39.15:872][  0]LogConfig: Setting CVar [[s.PriorityLevelStreamingActorsUpdateExtraTime:5.0]]
[2021.02.12-22.39.15:872][  0]LogConfig: Setting CVar [[s.LevelStreamingComponentsRegistrationGranularity:10]]
[2021.02.12-22.39.15:872][  0]LogConfig: Setting CVar [[s.UnregisterComponentsTimeLimit:1.0]]
[2021.02.12-22.39.15:872][  0]LogConfig: Setting CVar [[s.LevelStreamingComponentsUnregistrationGranularity:5]]
[2021.02.12-22.39.15:872][  0]LogConfig: Setting CVar [[s.FlushStreamingOnExit:1]]
[2021.02.12-22.39.15:872][  0]LogConfig: Applying CVar settings from Section [/Script/Engine.GarbageCollectionSettings] File [C:/Users/aveng/Documents/GitHub/CarbonPush2/CarbonPushTwo/Saved/Config/Windows/Engine.ini]
[2021.02.12-22.39.15:872][  0]LogConfig: Setting CVar [[gc.MaxObjectsNotConsideredByGC:1]]
[2021.02.12-22.39.15:872][  0]LogConfig: Setting CVar [[gc.SizeOfPermanentObjectPool:0]]
[2021.02.12-22.39.15:872][  0]LogConfig: Setting CVar [[gc.FlushStreamingOnGC:0]]
[2021.02.12-22.39.15:872][  0]LogConfig: Setting CVar [[gc.NumRetriesBeforeForcingGC:10]]
[2021.02.12-22.39.15:872][  0]LogConfig: Setting CVar [[gc.AllowParallelGC:1]]
[2021.02.12-22.39.15:872][  0]LogConfig: Setting CVar [[gc.TimeBetweenPurgingPendingKillObjects:61.1]]
[2021.02.12-22.39.15:872][  0]LogConfig: Setting CVar [[gc.MaxObjectsInEditor:25165824]]
[2021.02.12-22.39.15:872][  0]LogConfig: Setting CVar [[gc.IncrementalBeginDestroyEnabled:1]]
[2021.02.12-22.39.15:872][  0]LogConfig: Setting CVar [[gc.CreateGCClusters:1]]
[2021.02.12-22.39.15:872][  0]LogConfig: Setting CVar [[gc.MinGCClusterSize:5]]
[2021.02.12-22.39.15:872][  0]LogConfig: Setting CVar [[gc.ActorClusteringEnabled:0]]
[2021.02.12-22.39.15:872][  0]LogConfig: Setting CVar [[gc.BlueprintClusteringEnabled:0]]
[2021.02.12-22.39.15:872][  0]LogConfig: Setting CVar [[gc.UseDisregardForGCOnDedicatedServers:0]]
[2021.02.12-22.39.15:872][  0]LogConfig: Applying CVar settings from Section [/Script/Engine.NetworkSettings] File [C:/Users/aveng/Documents/GitHub/CarbonPush2/CarbonPushTwo/Saved/Config/Windows/Engine.ini]
[2021.02.12-22.39.15:872][  0]LogConfig: Applying CVar settings from Section [/Script/UnrealEd.CookerSettings] File [C:/Users/aveng/Documents/GitHub/CarbonPush2/CarbonPushTwo/Saved/Config/Windows/Engine.ini]
[2021.02.12-22.39.15:877][  0]LogConfig: Applying CVar settings from Section [ViewDistanceQuality@3] File [C:/Users/aveng/Documents/GitHub/CarbonPush2/CarbonPushTwo/Saved/Config/Windows/Scalability.ini]
[2021.02.12-22.39.15:877][  0]LogConfig: Setting CVar [[r.SkeletalMeshLODBias:0]]
[2021.02.12-22.39.15:877][  0]LogConfig: Setting CVar [[r.ViewDistanceScale:1.0]]
[2021.02.12-22.39.15:877][  0]LogConfig: Applying CVar settings from Section [AntiAliasingQuality@3] File [C:/Users/aveng/Documents/GitHub/CarbonPush2/CarbonPushTwo/Saved/Config/Windows/Scalability.ini]
[2021.02.12-22.39.15:877][  0]LogConfig: Setting CVar [[r.PostProcessAAQuality:4]]
[2021.02.12-22.39.15:877][  0]LogConfig: Applying CVar settings from Section [ShadowQuality@3] File [C:/Users/aveng/Documents/GitHub/CarbonPush2/CarbonPushTwo/Saved/Config/Windows/Scalability.ini]
[2021.02.12-22.39.15:877][  0]LogConfig: Setting CVar [[r.LightFunctionQuality:1]]
[2021.02.12-22.39.15:877][  0]LogConfig: Setting CVar [[r.ShadowQuality:5]]
[2021.02.12-22.39.15:877][  0]LogConfig: Setting CVar [[r.Shadow.CSM.MaxCascades:10]]
[2021.02.12-22.39.15:877][  0]LogConfig: Setting CVar [[r.Shadow.MaxResolution:2048]]
[2021.02.12-22.39.15:877][  0]LogConfig: Setting CVar [[r.Shadow.MaxCSMResolution:2048]]
[2021.02.12-22.39.15:877][  0]LogConfig: Setting CVar [[r.Shadow.RadiusThreshold:0.01]]
[2021.02.12-22.39.15:877][  0]LogConfig: Setting CVar [[r.Shadow.DistanceScale:1.0]]
[2021.02.12-22.39.15:877][  0]LogConfig: Setting CVar [[r.Shadow.CSM.TransitionScale:1.0]]
[2021.02.12-22.39.15:877][  0]LogConfig: Setting CVar [[r.Shadow.PreShadowResolutionFactor:1.0]]
[2021.02.12-22.39.15:877][  0]LogConfig: Setting CVar [[r.DistanceFieldShadowing:1]]
[2021.02.12-22.39.15:877][  0]LogConfig: Setting CVar [[r.DistanceFieldAO:1]]
[2021.02.12-22.39.15:877][  0]LogConfig: Setting CVar [[r.AOQuality:2]]
[2021.02.12-22.39.15:877][  0]LogConfig: Setting CVar [[r.VolumetricFog:1]]
[2021.02.12-22.39.15:877][  0]LogConfig: Setting CVar [[r.VolumetricFog.GridPixelSize:8]]
[2021.02.12-22.39.15:877][  0]LogConfig: Setting CVar [[r.VolumetricFog.GridSizeZ:128]]
[2021.02.12-22.39.15:877][  0]LogConfig: Setting CVar [[r.VolumetricFog.HistoryMissSupersampleCount:4]]
[2021.02.12-22.39.15:877][  0]LogConfig: Setting CVar [[r.LightMaxDrawDistanceScale:1]]
[2021.02.12-22.39.15:877][  0]LogConfig: Setting CVar [[r.CapsuleShadows:1]]
[2021.02.12-22.39.15:877][  0]LogConfig: Applying CVar settings from Section [PostProcessQuality@3] File [C:/Users/aveng/Documents/GitHub/CarbonPush2/CarbonPushTwo/Saved/Config/Windows/Scalability.ini]
[2021.02.12-22.39.15:877][  0]LogConfig: Setting CVar [[r.MotionBlurQuality:4]]
[2021.02.12-22.39.15:877][  0]LogConfig: Setting CVar [[r.AmbientOcclusionMipLevelFactor:0.4]]
[2021.02.12-22.39.15:877][  0]LogConfig: Setting CVar [[r.AmbientOcclusionMaxQuality:100]]
[2021.02.12-22.39.15:877][  0]LogConfig: Setting CVar [[r.AmbientOcclusionLevels:-1]]
[2021.02.12-22.39.15:877][  0]LogConfig: Setting CVar [[r.AmbientOcclusionRadiusScale:1.0]]
[2021.02.12-22.39.15:877][  0]LogConfig: Setting CVar [[r.DepthOfFieldQuality:2]]
[2021.02.12-22.39.15:877][  0]LogConfig: Setting CVar [[r.RenderTargetPoolMin:400]]
[2021.02.12-22.39.15:877][  0]LogConfig: Setting CVar [[r.LensFlareQuality:2]]
[2021.02.12-22.39.15:877][  0]LogConfig: Setting CVar [[r.SceneColorFringeQuality:1]]
[2021.02.12-22.39.15:877][  0]LogConfig: Setting CVar [[r.EyeAdaptationQuality:2]]
[2021.02.12-22.39.15:877][  0]LogConfig: Setting CVar [[r.BloomQuality:5]]
[2021.02.12-22.39.15:877][  0]LogConfig: Setting CVar [[r.FastBlurThreshold:100]]
[2021.02.12-22.39.15:877][  0]LogConfig: Setting CVar [[r.Upscale.Quality:3]]
[2021.02.12-22.39.15:877][  0]LogConfig: Setting CVar [[r.Tonemapper.GrainQuantization:1]]
[2021.02.12-22.39.15:877][  0]LogConfig: Setting CVar [[r.LightShaftQuality:1]]
[2021.02.12-22.39.15:877][  0]LogConfig: Setting CVar [[r.Filter.SizeScale:1]]
[2021.02.12-22.39.15:877][  0]LogConfig: Setting CVar [[r.Tonemapper.Quality:5]]
[2021.02.12-22.39.15:877][  0]LogConfig: Setting CVar [[r.DOF.Gather.AccumulatorQuality:1        ; higher gathering accumulator quality]]
[2021.02.12-22.39.15:877][  0]LogConfig: Setting CVar [[r.DOF.Gather.PostfilterMethod:1          ; Median3x3 postfilering method]]
[2021.02.12-22.39.15:877][  0]LogConfig: Setting CVar [[r.DOF.Gather.EnableBokehSettings:0       ; no bokeh simulation when gathering]]
[2021.02.12-22.39.15:877][  0]LogConfig: Setting CVar [[r.DOF.Gather.RingCount:4                 ; medium number of samples when gathering]]
[2021.02.12-22.39.15:877][  0]LogConfig: Setting CVar [[r.DOF.Scatter.ForegroundCompositing:1    ; additive foreground scattering]]
[2021.02.12-22.39.15:877][  0]LogConfig: Setting CVar [[r.DOF.Scatter.BackgroundCompositing:2    ; additive background scattering]]
[2021.02.12-22.39.15:877][  0]LogConfig: Setting CVar [[r.DOF.Scatter.EnableBokehSettings:1      ; bokeh simulation when scattering]]
[2021.02.12-22.39.15:877][  0]LogConfig: Setting CVar [[r.DOF.Scatter.MaxSpriteRatio:0.1         ; only a maximum of 10% of scattered bokeh]]
[2021.02.12-22.39.15:877][  0]LogConfig: Setting CVar [[r.DOF.Recombine.Quality:1                ; cheap slight out of focus]]
[2021.02.12-22.39.15:877][  0]LogConfig: Setting CVar [[r.DOF.Recombine.EnableBokehSettings:0    ; no bokeh simulation on slight out of focus]]
[2021.02.12-22.39.15:877][  0]LogConfig: Setting CVar [[r.DOF.TemporalAAQuality:1                ; more stable temporal accumulation]]
[2021.02.12-22.39.15:878][  0]LogConfig: Setting CVar [[r.DOF.Kernel.MaxForegroundRadius:0.025]]
[2021.02.12-22.39.15:878][  0]LogConfig: Setting CVar [[r.DOF.Kernel.MaxBackgroundRadius:0.025]]
[2021.02.12-22.39.15:878][  0]LogConfig: Applying CVar settings from Section [TextureQuality@3] File [C:/Users/aveng/Documents/GitHub/CarbonPush2/CarbonPushTwo/Saved/Config/Windows/Scalability.ini]
[2021.02.12-22.39.15:878][  0]LogConfig: Setting CVar [[r.Streaming.MipBias:0]]
[2021.02.12-22.39.15:878][  0]LogConfig: Setting CVar [[r.Streaming.AmortizeCPUToGPUCopy:0]]
[2021.02.12-22.39.15:878][  0]LogConfig: Setting CVar [[r.Streaming.MaxNumTexturesToStreamPerFrame:0]]
[2021.02.12-22.39.15:878][  0]LogConfig: Setting CVar [[r.Streaming.Boost:1]]
[2021.02.12-22.39.15:878][  0]LogConfig: Setting CVar [[r.MaxAnisotropy:8]]
[2021.02.12-22.39.15:878][  0]LogConfig: Setting CVar [[r.VT.MaxAnisotropy:8]]
[2021.02.12-22.39.15:878][  0]LogConfig: Setting CVar [[r.Streaming.LimitPoolSizeToVRAM:0]]
[2021.02.12-22.39.15:878][  0]LogConfig: Setting CVar [[r.Streaming.PoolSize:1000]]
[2021.02.12-22.39.15:878][  0]LogConfig: Setting CVar [[r.Streaming.MaxEffectiveScreenSize:0]]
[2021.02.12-22.39.15:878][  0]LogConfig: Applying CVar settings from Section [EffectsQuality@3] File [C:/Users/aveng/Documents/GitHub/CarbonPush2/CarbonPushTwo/Saved/Config/Windows/Scalability.ini]
[2021.02.12-22.39.15:878][  0]LogConfig: Setting CVar [[r.TranslucencyLightingVolumeDim:64]]
[2021.02.12-22.39.15:878][  0]LogConfig: Setting CVar [[r.RefractionQuality:2]]
[2021.02.12-22.39.15:878][  0]LogConfig: Setting CVar [[r.SSR.Quality:3]]
[2021.02.12-22.39.15:878][  0]LogConfig: Setting CVar [[r.SSR.HalfResSceneColor:0]]
[2021.02.12-22.39.15:878][  0]LogConfig: Setting CVar [[r.SceneColorFormat:4]]
[2021.02.12-22.39.15:878][  0]LogConfig: Setting CVar [[r.DetailMode:2]]
[2021.02.12-22.39.15:878][  0]LogConfig: Setting CVar [[r.TranslucencyVolumeBlur:1]]
[2021.02.12-22.39.15:878][  0]LogConfig: Setting CVar [[r.MaterialQualityLevel:1 ; High quality]]
[2021.02.12-22.39.15:878][  0]LogConfig: Setting CVar [[r.SSS.Scale:1]]
[2021.02.12-22.39.15:878][  0]LogConfig: Setting CVar [[r.SSS.SampleSet:2]]
[2021.02.12-22.39.15:878][  0]LogConfig: Setting CVar [[r.SSS.Quality:1]]
[2021.02.12-22.39.15:878][  0]LogConfig: Setting CVar [[r.SSS.HalfRes:0]]
[2021.02.12-22.39.15:878][  0]LogConfig: Setting CVar [[r.SSGI.Quality:3]]
[2021.02.12-22.39.15:878][  0]LogConfig: Setting CVar [[r.EmitterSpawnRateScale:1.0]]
[2021.02.12-22.39.15:878][  0]LogConfig: Setting CVar [[r.ParticleLightQuality:2]]
[2021.02.12-22.39.15:878][  0]LogConfig: Setting CVar [[r.SkyAtmosphere.AerialPerspectiveLUT.FastApplyOnOpaque:1 ; Always have FastSkyLUT 1 in this case to avoid wrong sky]]
[2021.02.12-22.39.15:878][  0]LogConfig: Setting CVar [[r.SkyAtmosphere.AerialPerspectiveLUT.SampleCountPerSlice:1]]
[2021.02.12-22.39.15:878][  0]LogConfig: Setting CVar [[r.SkyAtmosphere.AerialPerspectiveLUT.DepthResolution:16.0]]
[2021.02.12-22.39.15:878][  0]LogConfig: Setting CVar [[r.SkyAtmosphere.FastSkyLUT:1]]
[2021.02.12-22.39.15:878][  0]LogConfig: Setting CVar [[r.SkyAtmosphere.FastSkyLUT.SampleCountMin:4.0]]
[2021.02.12-22.39.15:878][  0]LogConfig: Setting CVar [[r.SkyAtmosphere.FastSkyLUT.SampleCountMax:32.0]]
[2021.02.12-22.39.15:878][  0]LogConfig: Setting CVar [[r.SkyAtmosphere.SampleCountMin:4.0]]
[2021.02.12-22.39.15:878][  0]LogConfig: Setting CVar [[r.SkyAtmosphere.SampleCountMax:32.0]]
[2021.02.12-22.39.15:878][  0]LogConfig: Setting CVar [[r.SkyAtmosphere.TransmittanceLUT.UseSmallFormat:0]]
[2021.02.12-22.39.15:878][  0]LogConfig: Setting CVar [[r.SkyAtmosphere.TransmittanceLUT.SampleCount:10.0]]
[2021.02.12-22.39.15:878][  0]LogConfig: Setting CVar [[r.SkyAtmosphere.MultiScatteringLUT.SampleCount:15.0]]
[2021.02.12-22.39.15:878][  0]LogConfig: Applying CVar settings from Section [FoliageQuality@3] File [C:/Users/aveng/Documents/GitHub/CarbonPush2/CarbonPushTwo/Saved/Config/Windows/Scalability.ini]
[2021.02.12-22.39.15:878][  0]LogConfig: Setting CVar [[foliage.DensityScale:1.0]]
[2021.02.12-22.39.15:878][  0]LogConfig: Setting CVar [[grass.DensityScale:1.0]]
[2021.02.12-22.39.15:878][  0]LogConfig: Applying CVar settings from Section [ShadingQuality@3] File [C:/Users/aveng/Documents/GitHub/CarbonPush2/CarbonPushTwo/Saved/Config/Windows/Scalability.ini]
[2021.02.12-22.39.15:878][  0]LogConfig: Setting CVar [[r.HairStrands.SkyLighting.SampleCount:16]]
[2021.02.12-22.39.15:878][  0]LogConfig: Setting CVar [[r.HairStrands.SkyLighting.JitterIntegration:0]]
[2021.02.12-22.39.15:878][  0]LogConfig: Setting CVar [[r.HairStrands.SkyAO.SampleCount:16]]
[2021.02.12-22.39.15:878][  0]LogConfig: Setting CVar [[r.HairStrands.DeepShadow.SuperSampling:0]]
[2021.02.12-22.39.15:878][  0]LogConfig: Setting CVar [[r.HairStrands.VisibilityPPLL:0]]
[2021.02.12-22.39.15:878][  0]LogConfig: Setting CVar [[r.HairStrands.RasterizationScale:0.5]]
[2021.02.12-22.39.15:878][  0]LogConfig: Setting CVar [[r.HairStrands.VelocityRasterizationScale:1]]
[2021.02.12-22.39.15:878][  0]LogInit: Selected Device Profile: [Windows]
[2021.02.12-22.39.15:878][  0]LogInit: Applying CVar settings loaded from the selected device profile: [Windows]
[2021.02.12-22.39.15:878][  0]LogHAL: Display: Platform has ~ 32 GB [34213715968 / 34359738368 / 32], which maps to Largest [LargestMinGB=32, LargerMinGB=12, DefaultMinGB=8, SmallerMinGB=6, SmallestMinGB=0)
[2021.02.12-22.39.15:878][  0]LogInit: Going up to parent DeviceProfile []
[2021.02.12-22.39.15:878][  0]LogConfig: Applying CVar settings from Section [ViewDistanceQuality@3] File [C:/Users/aveng/Documents/GitHub/CarbonPush2/CarbonPushTwo/Saved/Config/Windows/Scalability.ini]
[2021.02.12-22.39.15:878][  0]LogConfig: Setting CVar [[r.SkeletalMeshLODBias:0]]
[2021.02.12-22.39.15:878][  0]LogConfig: Setting CVar [[r.ViewDistanceScale:1.0]]
[2021.02.12-22.39.15:878][  0]LogConfig: Applying CVar settings from Section [AntiAliasingQuality@3] File [C:/Users/aveng/Documents/GitHub/CarbonPush2/CarbonPushTwo/Saved/Config/Windows/Scalability.ini]
[2021.02.12-22.39.15:878][  0]LogConfig: Setting CVar [[r.PostProcessAAQuality:4]]
[2021.02.12-22.39.15:878][  0]LogConfig: Applying CVar settings from Section [ShadowQuality@3] File [C:/Users/aveng/Documents/GitHub/CarbonPush2/CarbonPushTwo/Saved/Config/Windows/Scalability.ini]
[2021.02.12-22.39.15:878][  0]LogConfig: Setting CVar [[r.LightFunctionQuality:1]]
[2021.02.12-22.39.15:878][  0]LogConfig: Setting CVar [[r.ShadowQuality:5]]
[2021.02.12-22.39.15:878][  0]LogConfig: Setting CVar [[r.Shadow.CSM.MaxCascades:10]]
[2021.02.12-22.39.15:878][  0]LogConfig: Setting CVar [[r.Shadow.MaxResolution:2048]]
[2021.02.12-22.39.15:878][  0]LogConfig: Setting CVar [[r.Shadow.MaxCSMResolution:2048]]
[2021.02.12-22.39.15:878][  0]LogConfig: Setting CVar [[r.Shadow.RadiusThreshold:0.01]]
[2021.02.12-22.39.15:878][  0]LogConfig: Setting CVar [[r.Shadow.DistanceScale:1.0]]
[2021.02.12-22.39.15:878][  0]LogConfig: Setting CVar [[r.Shadow.CSM.TransitionScale:1.0]]
[2021.02.12-22.39.15:879][  0]LogConfig: Setting CVar [[r.Shadow.PreShadowResolutionFactor:1.0]]
[2021.02.12-22.39.15:879][  0]LogConfig: Setting CVar [[r.DistanceFieldShadowing:1]]
[2021.02.12-22.39.15:879][  0]LogConfig: Setting CVar [[r.DistanceFieldAO:1]]
[2021.02.12-22.39.15:879][  0]LogConfig: Setting CVar [[r.AOQuality:2]]
[2021.02.12-22.39.15:879][  0]LogConfig: Setting CVar [[r.VolumetricFog:1]]
[2021.02.12-22.39.15:879][  0]LogConfig: Setting CVar [[r.VolumetricFog.GridPixelSize:8]]
[2021.02.12-22.39.15:879][  0]LogConfig: Setting CVar [[r.VolumetricFog.GridSizeZ:128]]
[2021.02.12-22.39.15:879][  0]LogConfig: Setting CVar [[r.VolumetricFog.HistoryMissSupersampleCount:4]]
[2021.02.12-22.39.15:879][  0]LogConfig: Setting CVar [[r.LightMaxDrawDistanceScale:1]]
[2021.02.12-22.39.15:879][  0]LogConfig: Setting CVar [[r.CapsuleShadows:1]]
[2021.02.12-22.39.15:879][  0]LogConfig: Applying CVar settings from Section [PostProcessQuality@3] File [C:/Users/aveng/Documents/GitHub/CarbonPush2/CarbonPushTwo/Saved/Config/Windows/Scalability.ini]
[2021.02.12-22.39.15:879][  0]LogConfig: Setting CVar [[r.MotionBlurQuality:4]]
[2021.02.12-22.39.15:879][  0]LogConfig: Setting CVar [[r.AmbientOcclusionMipLevelFactor:0.4]]
[2021.02.12-22.39.15:879][  0]LogConfig: Setting CVar [[r.AmbientOcclusionMaxQuality:100]]
[2021.02.12-22.39.15:879][  0]LogConfig: Setting CVar [[r.AmbientOcclusionLevels:-1]]
[2021.02.12-22.39.15:879][  0]LogConfig: Setting CVar [[r.AmbientOcclusionRadiusScale:1.0]]
[2021.02.12-22.39.15:879][  0]LogConfig: Setting CVar [[r.DepthOfFieldQuality:2]]
[2021.02.12-22.39.15:879][  0]LogConfig: Setting CVar [[r.RenderTargetPoolMin:400]]
[2021.02.12-22.39.15:879][  0]LogConfig: Setting CVar [[r.LensFlareQuality:2]]
[2021.02.12-22.39.15:879][  0]LogConfig: Setting CVar [[r.SceneColorFringeQuality:1]]
[2021.02.12-22.39.15:879][  0]LogConfig: Setting CVar [[r.EyeAdaptationQuality:2]]
[2021.02.12-22.39.15:879][  0]LogConfig: Setting CVar [[r.BloomQuality:5]]
[2021.02.12-22.39.15:879][  0]LogConfig: Setting CVar [[r.FastBlurThreshold:100]]
[2021.02.12-22.39.15:879][  0]LogConfig: Setting CVar [[r.Upscale.Quality:3]]
[2021.02.12-22.39.15:879][  0]LogConfig: Setting CVar [[r.Tonemapper.GrainQuantization:1]]
[2021.02.12-22.39.15:879][  0]LogConfig: Setting CVar [[r.LightShaftQuality:1]]
[2021.02.12-22.39.15:879][  0]LogConfig: Setting CVar [[r.Filter.SizeScale:1]]
[2021.02.12-22.39.15:879][  0]LogConfig: Setting CVar [[r.Tonemapper.Quality:5]]
[2021.02.12-22.39.15:879][  0]LogConfig: Setting CVar [[r.DOF.Gather.AccumulatorQuality:1        ; higher gathering accumulator quality]]
[2021.02.12-22.39.15:879][  0]LogConfig: Setting CVar [[r.DOF.Gather.PostfilterMethod:1          ; Median3x3 postfilering method]]
[2021.02.12-22.39.15:879][  0]LogConfig: Setting CVar [[r.DOF.Gather.EnableBokehSettings:0       ; no bokeh simulation when gathering]]
[2021.02.12-22.39.15:879][  0]LogConfig: Setting CVar [[r.DOF.Gather.RingCount:4                 ; medium number of samples when gathering]]
[2021.02.12-22.39.15:879][  0]LogConfig: Setting CVar [[r.DOF.Scatter.ForegroundCompositing:1    ; additive foreground scattering]]
[2021.02.12-22.39.15:879][  0]LogConfig: Setting CVar [[r.DOF.Scatter.BackgroundCompositing:2    ; additive background scattering]]
[2021.02.12-22.39.15:879][  0]LogConfig: Setting CVar [[r.DOF.Scatter.EnableBokehSettings:1      ; bokeh simulation when scattering]]
[2021.02.12-22.39.15:879][  0]LogConfig: Setting CVar [[r.DOF.Scatter.MaxSpriteRatio:0.1         ; only a maximum of 10% of scattered bokeh]]
[2021.02.12-22.39.15:879][  0]LogConfig: Setting CVar [[r.DOF.Recombine.Quality:1                ; cheap slight out of focus]]
[2021.02.12-22.39.15:879][  0]LogConfig: Setting CVar [[r.DOF.Recombine.EnableBokehSettings:0    ; no bokeh simulation on slight out of focus]]
[2021.02.12-22.39.15:879][  0]LogConfig: Setting CVar [[r.DOF.TemporalAAQuality:1                ; more stable temporal accumulation]]
[2021.02.12-22.39.15:879][  0]LogConfig: Setting CVar [[r.DOF.Kernel.MaxForegroundRadius:0.025]]
[2021.02.12-22.39.15:879][  0]LogConfig: Setting CVar [[r.DOF.Kernel.MaxBackgroundRadius:0.025]]
[2021.02.12-22.39.15:879][  0]LogConfig: Applying CVar settings from Section [TextureQuality@3] File [C:/Users/aveng/Documents/GitHub/CarbonPush2/CarbonPushTwo/Saved/Config/Windows/Scalability.ini]
[2021.02.12-22.39.15:879][  0]LogConfig: Setting CVar [[r.Streaming.MipBias:0]]
[2021.02.12-22.39.15:879][  0]LogConfig: Setting CVar [[r.Streaming.AmortizeCPUToGPUCopy:0]]
[2021.02.12-22.39.15:879][  0]LogConfig: Setting CVar [[r.Streaming.MaxNumTexturesToStreamPerFrame:0]]
[2021.02.12-22.39.15:879][  0]LogConfig: Setting CVar [[r.Streaming.Boost:1]]
[2021.02.12-22.39.15:879][  0]LogConfig: Setting CVar [[r.MaxAnisotropy:8]]
[2021.02.12-22.39.15:879][  0]LogConfig: Setting CVar [[r.VT.MaxAnisotropy:8]]
[2021.02.12-22.39.15:879][  0]LogConfig: Setting CVar [[r.Streaming.LimitPoolSizeToVRAM:0]]
[2021.02.12-22.39.15:879][  0]LogConfig: Setting CVar [[r.Streaming.PoolSize:1000]]
[2021.02.12-22.39.15:879][  0]LogConfig: Setting CVar [[r.Streaming.MaxEffectiveScreenSize:0]]
[2021.02.12-22.39.15:879][  0]LogConfig: Applying CVar settings from Section [EffectsQuality@3] File [C:/Users/aveng/Documents/GitHub/CarbonPush2/CarbonPushTwo/Saved/Config/Windows/Scalability.ini]
[2021.02.12-22.39.15:879][  0]LogConfig: Setting CVar [[r.TranslucencyLightingVolumeDim:64]]
[2021.02.12-22.39.15:879][  0]LogConfig: Setting CVar [[r.RefractionQuality:2]]
[2021.02.12-22.39.15:879][  0]LogConfig: Setting CVar [[r.SSR.Quality:3]]
[2021.02.12-22.39.15:879][  0]LogConfig: Setting CVar [[r.SSR.HalfResSceneColor:0]]
[2021.02.12-22.39.15:879][  0]LogConfig: Setting CVar [[r.SceneColorFormat:4]]
[2021.02.12-22.39.15:879][  0]LogConfig: Setting CVar [[r.DetailMode:2]]
[2021.02.12-22.39.15:879][  0]LogConfig: Setting CVar [[r.TranslucencyVolumeBlur:1]]
[2021.02.12-22.39.15:879][  0]LogConfig: Setting CVar [[r.MaterialQualityLevel:1 ; High quality]]
[2021.02.12-22.39.15:879][  0]LogConfig: Setting CVar [[r.SSS.Scale:1]]
[2021.02.12-22.39.15:879][  0]LogConfig: Setting CVar [[r.SSS.SampleSet:2]]
[2021.02.12-22.39.15:879][  0]LogConfig: Setting CVar [[r.SSS.Quality:1]]
[2021.02.12-22.39.15:879][  0]LogConfig: Setting CVar [[r.SSS.HalfRes:0]]
[2021.02.12-22.39.15:879][  0]LogConfig: Setting CVar [[r.SSGI.Quality:3]]
[2021.02.12-22.39.15:879][  0]LogConfig: Setting CVar [[r.EmitterSpawnRateScale:1.0]]
[2021.02.12-22.39.15:879][  0]LogConfig: Setting CVar [[r.ParticleLightQuality:2]]
[2021.02.12-22.39.15:879][  0]LogConfig: Setting CVar [[r.SkyAtmosphere.AerialPerspectiveLUT.FastApplyOnOpaque:1 ; Always have FastSkyLUT 1 in this case to avoid wrong sky]]
[2021.02.12-22.39.15:879][  0]LogConfig: Setting CVar [[r.SkyAtmosphere.AerialPerspectiveLUT.SampleCountPerSlice:1]]
[2021.02.12-22.39.15:879][  0]LogConfig: Setting CVar [[r.SkyAtmosphere.AerialPerspectiveLUT.DepthResolution:16.0]]
[2021.02.12-22.39.15:879][  0]LogConfig: Setting CVar [[r.SkyAtmosphere.FastSkyLUT:1]]
[2021.02.12-22.39.15:879][  0]LogConfig: Setting CVar [[r.SkyAtmosphere.FastSkyLUT.SampleCountMin:4.0]]
[2021.02.12-22.39.15:879][  0]LogConfig: Setting CVar [[r.SkyAtmosphere.FastSkyLUT.SampleCountMax:32.0]]
[2021.02.12-22.39.15:879][  0]LogConfig: Setting CVar [[r.SkyAtmosphere.SampleCountMin:4.0]]
[2021.02.12-22.39.15:880][  0]LogConfig: Setting CVar [[r.SkyAtmosphere.SampleCountMax:32.0]]
[2021.02.12-22.39.15:880][  0]LogConfig: Setting CVar [[r.SkyAtmosphere.TransmittanceLUT.UseSmallFormat:0]]
[2021.02.12-22.39.15:880][  0]LogConfig: Setting CVar [[r.SkyAtmosphere.TransmittanceLUT.SampleCount:10.0]]
[2021.02.12-22.39.15:880][  0]LogConfig: Setting CVar [[r.SkyAtmosphere.MultiScatteringLUT.SampleCount:15.0]]
[2021.02.12-22.39.15:880][  0]LogConfig: Applying CVar settings from Section [FoliageQuality@3] File [C:/Users/aveng/Documents/GitHub/CarbonPush2/CarbonPushTwo/Saved/Config/Windows/Scalability.ini]
[2021.02.12-22.39.15:880][  0]LogConfig: Setting CVar [[foliage.DensityScale:1.0]]
[2021.02.12-22.39.15:880][  0]LogConfig: Setting CVar [[grass.DensityScale:1.0]]
[2021.02.12-22.39.15:880][  0]LogConfig: Applying CVar settings from Section [ShadingQuality@3] File [C:/Users/aveng/Documents/GitHub/CarbonPush2/CarbonPushTwo/Saved/Config/Windows/Scalability.ini]
[2021.02.12-22.39.15:880][  0]LogConfig: Setting CVar [[r.HairStrands.SkyLighting.SampleCount:16]]
[2021.02.12-22.39.15:880][  0]LogConfig: Setting CVar [[r.HairStrands.SkyLighting.JitterIntegration:0]]
[2021.02.12-22.39.15:880][  0]LogConfig: Setting CVar [[r.HairStrands.SkyAO.SampleCount:16]]
[2021.02.12-22.39.15:880][  0]LogConfig: Setting CVar [[r.HairStrands.DeepShadow.SuperSampling:0]]
[2021.02.12-22.39.15:880][  0]LogConfig: Setting CVar [[r.HairStrands.VisibilityPPLL:0]]
[2021.02.12-22.39.15:880][  0]LogConfig: Setting CVar [[r.HairStrands.RasterizationScale:0.5]]
[2021.02.12-22.39.15:880][  0]LogConfig: Setting CVar [[r.HairStrands.VelocityRasterizationScale:1]]
[2021.02.12-22.39.15:880][  0]LogConfig: Applying CVar settings from Section [Startup] File [../../../Engine/Config/ConsoleVariables.ini]
[2021.02.12-22.39.15:880][  0]LogConfig: Setting CVar [[net.UseAdaptiveNetUpdateFrequency:0]]
[2021.02.12-22.39.15:880][  0]LogConfig: Setting CVar [[p.chaos.AllowCreatePhysxBodies:1]]
[2021.02.12-22.39.15:880][  0]LogConfig: Setting CVar [[fx.SkipVectorVMBackendOptimizations:1]]
[2021.02.12-22.39.15:880][  0]LogConfig: Applying CVar settings from Section [ConsoleVariables] File [C:/Users/aveng/Documents/GitHub/CarbonPush2/CarbonPushTwo/Saved/Config/Windows/Engine.ini]
[2021.02.12-22.39.15:880][  0]LogInit: Computer: PROGRAMMING-PC
[2021.02.12-22.39.15:880][  0]LogInit: User: aveng
[2021.02.12-22.39.15:880][  0]LogInit: CPU Page size=4096, Cores=4
[2021.02.12-22.39.15:880][  0]LogInit: High frequency timer resolution =10.000000 MHz
[2021.02.12-22.39.15:880][  0]LogMemory: Memory total: Physical=31.9GB (32GB approx)
[2021.02.12-22.39.15:880][  0]LogMemory: Platform Memory Stats for Windows
[2021.02.12-22.39.15:880][  0]LogMemory: Process Physical Memory: 118.51 MB used, 118.52 MB peak
[2021.02.12-22.39.15:880][  0]LogMemory: Process Virtual Memory: 99.00 MB used, 99.00 MB peak
[2021.02.12-22.39.15:880][  0]LogMemory: Physical Memory: 15430.07 MB used,  17198.67 MB free, 32628.74 MB total
[2021.02.12-22.39.15:880][  0]LogMemory: Virtual Memory: 5127.98 MB used,  134212600.00 MB free, 134217728.00 MB total
[2021.02.12-22.39.15:890][  0]LogWindows: WindowsPlatformFeatures enabled
[2021.02.12-22.39.15:987][  0]LogInit: Physics initialised using underlying interface: PhysX
[2021.02.12-22.39.15:988][  0]LogInit: Using OS detected language (en-GB).
[2021.02.12-22.39.15:988][  0]LogInit: Using OS detected locale (en-GB).
[2021.02.12-22.39.15:990][  0]LogTextLocalizationManager: No specific localization for 'en-GB' exists, so the 'en' localization will be used.
[2021.02.12-22.39.16:213][  0]LogInit: Setting process to per monitor DPI aware
[2021.02.12-22.39.16:264][  0]LogSlate: New Slate User Created.  User Index 0, Is Virtual User: 0
[2021.02.12-22.39.16:264][  0]LogSlate: Slate User Registered.  User Index 0, Is Virtual User: 0
[2021.02.12-22.39.16:472][  0]LogHMD: Failed to initialize OpenVR with code 110
[2021.02.12-22.39.16:472][  0]LogD3D11RHI: D3D11 min allowed feature level: 11_0
[2021.02.12-22.39.16:472][  0]LogD3D11RHI: D3D11 max allowed feature level: 11_0
[2021.02.12-22.39.16:472][  0]LogD3D11RHI: D3D11 adapters:
[2021.02.12-22.39.16:593][  0]LogD3D11RHI:    0. 'NVIDIA GeForce GTX 1060 6GB' (Feature Level 11_0)
[2021.02.12-22.39.16:593][  0]LogD3D11RHI:       6052/0/16314 MB DedicatedVideo/DedicatedSystem/SharedSystem, Outputs:1, VendorId:0x10de
[2021.02.12-22.39.16:602][  0]LogD3D11RHI:    1. 'Intel(R) HD Graphics 4600' (Feature Level 11_0)
[2021.02.12-22.39.16:602][  0]LogD3D11RHI:       112/0/2048 MB DedicatedVideo/DedicatedSystem/SharedSystem, Outputs:0, VendorId:0x8086
[2021.02.12-22.39.16:605][  0]LogD3D11RHI:    2. 'Microsoft Basic Render Driver' (Feature Level 11_0)
[2021.02.12-22.39.16:605][  0]LogD3D11RHI:       0/0/16314 MB DedicatedVideo/DedicatedSystem/SharedSystem, Outputs:0, VendorId:0x1414
[2021.02.12-22.39.16:605][  0]LogD3D11RHI: Chosen D3D11 Adapter: 0
[2021.02.12-22.39.16:614][  0]LogD3D11RHI: Creating new Direct3DDevice
[2021.02.12-22.39.16:614][  0]LogD3D11RHI:     GPU DeviceId: 0x1c03 (for the marketing name, search the web for "GPU Device Id")
[2021.02.12-22.39.16:614][  0]LogWindows: EnumDisplayDevices:
[2021.02.12-22.39.16:615][  0]LogWindows:    0. 'NVIDIA GeForce GTX 1060 6GB' (P:1 D:1)
[2021.02.12-22.39.16:615][  0]LogWindows:    1. 'NVIDIA GeForce GTX 1060 6GB' (P:0 D:0)
[2021.02.12-22.39.16:616][  0]LogWindows:    2. 'NVIDIA GeForce GTX 1060 6GB' (P:0 D:0)
[2021.02.12-22.39.16:617][  0]LogWindows:    3. 'NVIDIA GeForce GTX 1060 6GB' (P:0 D:0)
[2021.02.12-22.39.16:617][  0]LogWindows:    4. 'Intel(R) HD Graphics 4600' (P:0 D:0)
[2021.02.12-22.39.16:618][  0]LogWindows:    5. 'Intel(R) HD Graphics 4600' (P:0 D:0)
[2021.02.12-22.39.16:619][  0]LogWindows:    6. 'Intel(R) HD Graphics 4600' (P:0 D:0)
[2021.02.12-22.39.16:619][  0]LogWindows: DebugString: PrimaryIsNotTheChoosenAdapter PrimaryIsNotTheChoosenAdapter PrimaryIsNotTheChoosenAdapter FoundDriverCount:4 
[2021.02.12-22.39.16:619][  0]LogD3D11RHI:     Adapter Name: NVIDIA GeForce GTX 1060 6GB
[2021.02.12-22.39.16:619][  0]LogD3D11RHI:   Driver Version: 461.40 (internal:27.21.14.6140, unified:461.40)
[2021.02.12-22.39.16:619][  0]LogD3D11RHI:      Driver Date: 1-22-2021
[2021.02.12-22.39.16:619][  0]LogRHI: Texture pool is 4236 MB (70% of 6052 MB)
[2021.02.12-22.39.16:712][  0]LogD3D11RHI: RHI has support for 64 bit atomics
[2021.02.12-22.39.16:712][  0]LogD3D11RHI: Async texture creation enabled
[2021.02.12-22.39.16:712][  0]LogD3D11RHI: Array index from any shader is supported
[2021.02.12-22.39.16:739][  0]LogD3D11RHI: GPU Timing Frequency: 1000.000000 (Debug: 2 1)
[2021.02.12-22.39.17:323][  0]LogTargetPlatformManager: Display: Loaded TargetPlatform 'AllDesktop'
[2021.02.12-22.39.17:349][  0]LogTargetPlatformManager: Display: Loaded TargetPlatform 'Android'
[2021.02.12-22.39.17:349][  0]LogTargetPlatformManager: Display: Loaded TargetPlatform 'Android_ASTC'
[2021.02.12-22.39.17:349][  0]LogTargetPlatformManager: Display: Loaded TargetPlatform 'Android_DXT'
[2021.02.12-22.39.17:349][  0]LogTargetPlatformManager: Display: Loaded TargetPlatform 'Android_ETC2'
[2021.02.12-22.39.17:349][  0]LogTargetPlatformManager: Display: Loaded TargetPlatform 'AndroidClient'
[2021.02.12-22.39.17:349][  0]LogTargetPlatformManager: Display: Loaded TargetPlatform 'Android_ASTCClient'
[2021.02.12-22.39.17:349][  0]LogTargetPlatformManager: Display: Loaded TargetPlatform 'Android_DXTClient'
[2021.02.12-22.39.17:349][  0]LogTargetPlatformManager: Display: Loaded TargetPlatform 'Android_ETC2Client'
[2021.02.12-22.39.17:349][  0]LogTargetPlatformManager: Display: Loaded TargetPlatform 'Android_Multi'
[2021.02.12-22.39.17:349][  0]LogTargetPlatformManager: Display: Loaded TargetPlatform 'Android_MultiClient'
[2021.02.12-22.39.17:380][  0]LogTargetPlatformManager: Display: Loaded TargetPlatform 'IOSClient'
[2021.02.12-22.39.17:380][  0]LogTargetPlatformManager: Display: Loaded TargetPlatform 'IOS'
[2021.02.12-22.39.17:392][  0]LogTargetPlatformManager: Display: Loaded TargetPlatform 'Linux'
[2021.02.12-22.39.17:402][  0]LogTargetPlatformManager: Display: Loaded TargetPlatform 'LinuxNoEditor'
[2021.02.12-22.39.17:412][  0]LogTargetPlatformManager: Display: Loaded TargetPlatform 'LinuxClient'
[2021.02.12-22.39.17:422][  0]LogTargetPlatformManager: Display: Loaded TargetPlatform 'LinuxServer'
[2021.02.12-22.39.17:437][  0]LogTargetPlatformManager: Display: Loaded TargetPlatform 'LinuxAArch64NoEditor'
[2021.02.12-22.39.17:447][  0]LogTargetPlatformManager: Display: Loaded TargetPlatform 'LinuxAArch64Client'
[2021.02.12-22.39.17:458][  0]LogTargetPlatformManager: Display: Loaded TargetPlatform 'LinuxAArch64Server'
[2021.02.12-22.39.17:489][  0]LogTargetPlatformManager: Display: Loaded TargetPlatform 'Lumin'
[2021.02.12-22.39.17:489][  0]LogTargetPlatformManager: Display: Loaded TargetPlatform 'LuminClient'
[2021.02.12-22.39.17:507][  0]LogTargetPlatformManager: Display: Loaded TargetPlatform 'TVOSClient'
[2021.02.12-22.39.17:507][  0]LogTargetPlatformManager: Display: Loaded TargetPlatform 'TVOS'
[2021.02.12-22.39.17:518][  0]LogTargetPlatformManager: Display: Loaded TargetPlatform 'WindowsNoEditor'
[2021.02.12-22.39.17:529][  0]LogTargetPlatformManager: Display: Loaded TargetPlatform 'Windows'
[2021.02.12-22.39.17:539][  0]LogTargetPlatformManager: Display: Loaded TargetPlatform 'WindowsClient'
[2021.02.12-22.39.17:550][  0]LogTargetPlatformManager: Display: Loaded TargetPlatform 'WindowsServer'
[2021.02.12-22.39.17:550][  0]LogTargetPlatformManager: Display: Building Assets For Windows
[2021.02.12-22.39.17:559][  0]LogAudioDebug: Display: Lib vorbis DLL was dynamically loaded.
[2021.02.12-22.39.17:627][  0]LogShaderCompilers: Guid format shader working directory is -12 characters bigger than the processId version (C:/Users/aveng/Documents/GitHub/CarbonPush2/CarbonPushTwo/Intermediate/Shaders/WorkingDirectory/29684/).
[2021.02.12-22.39.17:627][  0]LogShaderCompilers: Cleaned the shader compiler working directory 'C:/Users/aveng/AppData/Local/Temp/UnrealShaderWorkingDir/6DF198084A7FDA1C9564F1BB39997394/'.
[2021.02.12-22.39.17:628][  0]LogXGEController: Cannot use XGE Controller as Incredibuild is not installed on this machine.
[2021.02.12-22.39.17:628][  0]LogShaderCompilers: Cannot use XGE Shader Compiler as Incredibuild is not installed on this machine.
[2021.02.12-22.39.17:628][  0]LogShaderCompilers: Display: Using Local Shader Compiler.
[2021.02.12-22.39.18:485][  0]LogDerivedDataCache: Display: Max Cache Size: 512 MB
[2021.02.12-22.39.18:553][  0]LogDerivedDataCache: Loaded boot cache 0.07s 76MB C:/Users/aveng/AppData/Local/UnrealEngine/4.25/DerivedDataCache/Boot.ddc.
[2021.02.12-22.39.18:553][  0]LogDerivedDataCache: Display: Loaded Boot cache: C:/Users/aveng/AppData/Local/UnrealEngine/4.25/DerivedDataCache/Boot.ddc
[2021.02.12-22.39.18:553][  0]LogDerivedDataCache: FDerivedDataBackendGraph:  Pak pak cache file C:/Users/aveng/Documents/GitHub/CarbonPush2/CarbonPushTwo/DerivedDataCache/DDC.ddp not found, will not use a pak cache.
[2021.02.12-22.39.18:553][  0]LogDerivedDataCache: Unable to find inner node Pak for hierarchical cache Hierarchy.
[2021.02.12-22.39.18:553][  0]LogDerivedDataCache: FDerivedDataBackendGraph:  CompressedPak pak cache file C:/Users/aveng/Documents/GitHub/CarbonPush2/CarbonPushTwo/DerivedDataCache/Compressed.ddp not found, will not use a pak cache.
[2021.02.12-22.39.18:553][  0]LogDerivedDataCache: Unable to find inner node CompressedPak for hierarchical cache Hierarchy.
[2021.02.12-22.39.18:563][  0]LogDerivedDataCache: Display: Pak cache opened for reading ../../../Engine/DerivedDataCache/Compressed.ddp.
[2021.02.12-22.39.18:563][  0]LogDerivedDataCache: FDerivedDataBackendGraph:  EnterprisePak pak cache file ../../../Enterprise/DerivedDataCache/Compressed.ddp not found, will not use a pak cache.
[2021.02.12-22.39.18:564][  0]LogDerivedDataCache: Unable to find inner node EnterprisePak for hierarchical cache Hierarchy.
[2021.02.12-22.39.18:565][  0]LogDerivedDataCache: Using Local data cache path C:/Users/aveng/AppData/Local/UnrealEngine/Common/DerivedDataCache: Writable
[2021.02.12-22.39.18:565][  0]LogDerivedDataCache: Shared data cache path not found in *engine.ini, will not use an Shared cache.
[2021.02.12-22.39.18:565][  0]LogDerivedDataCache: Unable to find inner node Shared for hierarchical cache Hierarchy.
[2021.02.12-22.39.18:619][  0]LogSlate: Using FreeType 2.10.0
[2021.02.12-22.39.18:619][  0]LogSlate: SlateFontServices - WITH_FREETYPE: 1, WITH_HARFBUZZ: 1
[2021.02.12-22.39.18:649][  0]LogAssetRegistry: FAssetRegistry took 0.0028 seconds to start up
[2021.02.12-22.39.18:907][  0]LogInit: Selected Device Profile: [Windows]
[2021.02.12-22.39.19:031][  0]LogMeshReduction: Using QuadricMeshReduction for automatic static mesh reduction
[2021.02.12-22.39.19:031][  0]LogMeshReduction: Using SimplygonMeshReduction for automatic skeletal mesh reduction
[2021.02.12-22.39.19:031][  0]LogMeshReduction: Using ProxyLODMeshReduction for automatic mesh merging
[2021.02.12-22.39.19:031][  0]LogMeshReduction: No distributed automatic mesh merging module available
[2021.02.12-22.39.19:031][  0]LogMeshMerging: No distributed automatic mesh merging module available
[2021.02.12-22.39.19:051][  0]LogNetVersion: CarbonPushTwo 1.0.0, NetCL: 13144385, EngineNetVer: 14, GameNetVer: 0 (Checksum: 1376232862)
[2021.02.12-22.39.19:543][  0]LogAISub: UAISubsystem::UAISubsystem AISubsystem (00000146090C83C0), frame # 0
[2021.02.12-22.39.19:543][  0]LogAISub: UAISubsystem::UAISubsystem AIPerceptionSystem (000001460C8EAAC0), frame # 0
[2021.02.12-22.39.19:544][  0]LogAISub: UAISubsystem::UAISubsystem EnvQueryManager (000001460C941E00), frame # 0
[2021.02.12-22.39.19:627][  0]LogPackageLocalizationCache: Processed 19 localized package path(s) for 1 prioritized culture(s) in 0.076975 seconds
[2021.02.12-22.39.19:632][  0]LogUObjectArray: 15917 objects as part of root set at end of initial load.
[2021.02.12-22.39.19:632][  0]LogUObjectAllocator: 3965568 out of 0 bytes used by permanent object pool.
[2021.02.12-22.39.19:632][  0]LogUObjectArray: CloseDisregardForGC: 0/0 objects in disregard for GC pool
[2021.02.12-22.39.20:003][  0]LogTcpMessaging: Initializing TcpMessaging bridge
[2021.02.12-22.39.20:008][  0]LogUdpMessaging: Initializing bridge on interface 0.0.0.0:0 to multicast group 230.0.0.1:6666.
[2021.02.12-22.39.20:113][  0]SourceControl: Source control is disabled
[2021.02.12-22.39.21:190][  0]LogAndroidPermission: UAndroidPermissionCallbackProxy::GetInstance
[2021.02.12-22.39.21:213][  0]LogAudioCaptureCore: Display: No Audio Capture implementations found. Audio input will be silent.
[2021.02.12-22.39.21:213][  0]LogAudioCaptureCore: Display: No Audio Capture implementations found. Audio input will be silent.
[2021.02.12-22.39.21:266][  0]LogOcInput: OculusInput pre-init called
[2021.02.12-22.39.21:280][  0]LogWindows: Failed to load 'OVRPlugin.dll' (GetLastError=126)
[2021.02.12-22.39.21:280][  0]LogWindows: File 'OVRPlugin.dll' does not exist
[2021.02.12-22.39.21:351][  0]LogEngine: Initializing Engine...
[2021.02.12-22.39.21:352][  0]LogHMD: Failed to initialize OpenVR with code 110
[2021.02.12-22.39.21:352][  0]LogMagicLeap: Warning: VR disabled because ZI is not enabled.  To enable, in the editor, Edit -> Project Settings -> Plugins -> Magic Leap Plugin -> Enable Zero Iteration
[2021.02.12-22.39.21:353][  0]LogStats: UGameplayTagsManager::InitializeManager -  0.000 s
[2021.02.12-22.39.21:475][  0]LogInit: Initializing FReadOnlyCVARCache
[2021.02.12-22.39.21:483][  0]LogAIModule: Creating AISystem for world Untitled
[2021.02.12-22.39.21:483][  0]LogAISub: UAISubsystem::UAISubsystem EnvQueryManager (000001460FE0BC00), frame # 0
[2021.02.12-22.39.21:483][  0]LogAISub: UAISubsystem::UAISubsystem AIPerceptionSystem (000001460FE656C0), frame # 0
[2021.02.12-22.39.21:502][  0]LogAudioMixer: Display: Audio Mixer Platform Settings:
[2021.02.12-22.39.21:502][  0]LogAudioMixer: Display: 	Sample Rate:						  48000
[2021.02.12-22.39.21:502][  0]LogAudioMixer: Display: 	Callback Buffer Frame Size Requested: 1024
[2021.02.12-22.39.21:502][  0]LogAudioMixer: Display: 	Callback Buffer Frame Size To Use:	  1024
[2021.02.12-22.39.21:502][  0]LogAudioMixer: Display: 	Number of buffers to queue:			  2
[2021.02.12-22.39.21:502][  0]LogAudioMixer: Display: 	Max Channels (voices):				  32
[2021.02.12-22.39.21:502][  0]LogAudioMixer: Display: 	Number of Async Source Workers:		  0
[2021.02.12-22.39.21:502][  0]LogAudio: Display: AudioDevice MaxSources: 32
[2021.02.12-22.39.21:502][  0]LogAudio: Display: Using built-in audio occlusion.
[2021.02.12-22.39.21:502][  0]LogAudioMixer: Display: Initializing audio mixer.
[2021.02.12-22.39.21:549][  0]LogAudioMixer: Display: 0: FrontLeft
[2021.02.12-22.39.21:549][  0]LogAudioMixer: Display: 1: FrontRight
[2021.02.12-22.39.21:549][  0]LogAudioMixer: Display: 2: FrontCenter
[2021.02.12-22.39.21:549][  0]LogAudioMixer: Display: 3: LowFrequency
[2021.02.12-22.39.21:549][  0]LogAudioMixer: Display: 4: BackLeft
[2021.02.12-22.39.21:549][  0]LogAudioMixer: Display: 5: BackRight
[2021.02.12-22.39.21:549][  0]LogAudioMixer: Display: 6: SideLeft
[2021.02.12-22.39.21:549][  0]LogAudioMixer: Display: 7: SideRight
[2021.02.12-22.39.21:619][  0]LogAudioMixer: Display: Using Audio Device Speakers (THX Spatial Audio)
[2021.02.12-22.39.21:625][  0]LogAudioMixer: Display: Initializing Sound Submixes...
[2021.02.12-22.39.21:627][  0]LogAudioMixer: Display: Creating Master Submix 'MasterSubmixDefault'
[2021.02.12-22.39.21:627][  0]LogAudioMixer: Display: Creating Master Submix 'MasterReverbSubmixDefault'
[2021.02.12-22.39.21:628][  0]LogAudioMixer: Display: Creating Master Submix 'MasterEQSubmixDefault'
[2021.02.12-22.39.21:629][  0]LogInit: FAudioDevice initialized.
[2021.02.12-22.39.21:629][  0]LogNetVersion: Set ProjectVersion to 1.0.0.0. Version Checksum will be recalculated on next use.
[2021.02.12-22.39.21:921][  0]LogDerivedDataCache: Saved boot cache 0.29s 76MB C:/Users/aveng/AppData/Local/UnrealEngine/4.25/DerivedDataCache/Boot.ddc.
[2021.02.12-22.39.21:922][  0]LogInit: Texture streaming: Enabled
[2021.02.12-22.39.21:945][  0]LogEngineSessionManager: EngineSessionManager initialized
[2021.02.12-22.39.21:945][  0]LogEngineSessionManager: EngineSessionManager sent abnormal shutdown report. Type=Crashed, SessionId={11EC539B-496B-A084-02F3-8EAD50ACA17F}
[2021.02.12-22.39.21:945][  0]LogEditorSessionSummary: Verbose: Initializing EditorSessionSummaryWriter for editor session tracking
[2021.02.12-22.39.21:951][  0]LogEditorSessionSummary: EditorSessionSummaryWriter initialized
[2021.02.12-22.39.22:002][  0]LogInit: Transaction tracking system initialized
[2021.02.12-22.39.22:025][  0]BlueprintLog: New page: Editor Load
[2021.02.12-22.39.22:106][  0]LocalizationService: Localization service is disabled
[2021.02.12-22.39.22:258][  0]LogCook: Display: Max memory allowance for cook 16384mb min free memory 0mb
[2021.02.12-22.39.22:258][  0]LogCook: Display: Mobile HDR setting 1
[2021.02.12-22.39.22:418][  0]LogFileCache: Scanning file cache for directory 'C:/Users/aveng/Documents/GitHub/CarbonPush2/CarbonPushTwo/Content/' took 0.00s
[2021.02.12-22.39.22:653][  0]LogUnrealEdMisc: Loading editor; pre map load, took 9.077
[2021.02.12-22.39.22:653][  0]Cmd: MAP LOAD FILE="C:/Users/aveng/Documents/GitHub/CarbonPush2/CarbonPushTwo/Content/Levels/Title_Screen.umap" TEMPLATE=0 SHOWPROGRESS=1 FEATURELEVEL=3
[2021.02.12-22.39.22:653][  0]LightingResults: New page: Lighting Build
[2021.02.12-22.39.22:654][  0]LogWorld: UWorld::CleanupWorld for Untitled, bSessionEnded=true, bCleanupResources=true
[2021.02.12-22.39.22:654][  0]LogSlate: InvalidateAllWidgets triggered.  All widgets were invalidated
[2021.02.12-22.39.22:654][  0]MapCheck: New page: Map Check
[2021.02.12-22.39.22:654][  0]LightingResults: New page: Lighting Build
[2021.02.12-22.39.22:663][  0]LogAISub: UAISubsystem::~UAISubsystem EnvQueryManager (000001460FE0BC00), frame # 0
[2021.02.12-22.39.22:663][  0]LogAISub: UAISubsystem::~UAISubsystem AIPerceptionSystem (000001460FE656C0), frame # 0
[2021.02.12-22.39.22:663][  0]LogUObjectHash: Compacting FUObjectHashTables data took   0.70ms
[2021.02.12-22.39.22:862][  0]LogAIModule: Creating AISystem for world Title_Screen
[2021.02.12-22.39.22:862][  0]LogAISub: UAISubsystem::UAISubsystem EnvQueryManager (0000014602AABE00), frame # 0
[2021.02.12-22.39.22:862][  0]LogAISub: UAISubsystem::UAISubsystem AIPerceptionSystem (0000014603271080), frame # 0
[2021.02.12-22.39.22:869][  0]LogEditorServer: Finished looking for orphan Actors (0.000 secs)
[2021.02.12-22.39.22:882][  0]LogUObjectHash: Compacting FUObjectHashTables data took   0.85ms
[2021.02.12-22.39.22:882][  0]Cmd: MAP CHECKDEP NOCLEARLOG
[2021.02.12-22.39.22:883][  0]MapCheck: Map check complete: 0 Error(s), 0 Warning(s), took 0.227ms to complete.
[2021.02.12-22.39.22:883][  0]LogFileHelpers: Loading map 'Title_Screen' took 0.230
[2021.02.12-22.39.22:887][  0]LogUnrealEdMisc: Total Editor Startup Time, took 9.311
[2021.02.12-22.39.23:025][  0]LogSlate: Updating window title bar state: overlay mode, drag disabled, window buttons hidden, title bar hidden
[2021.02.12-22.39.23:033][  0]LogSlate: Updating window title bar state: overlay mode, drag disabled, window buttons hidden, title bar hidden
[2021.02.12-22.39.23:041][  0]LogSlate: Updating window title bar state: overlay mode, drag disabled, window buttons hidden, title bar hidden
[2021.02.12-22.39.23:049][  0]LogSlate: Updating window title bar state: overlay mode, drag disabled, window buttons hidden, title bar hidden
[2021.02.12-22.39.23:066][  0]LogCollectionManager: Loaded 0 collections in 0.003489 seconds
[2021.02.12-22.39.23:082][  0]LogFileCache: Scanning file cache for directory 'C:/Users/aveng/Documents/GitHub/CarbonPush2/CarbonPushTwo/Saved/Collections/' took 0.00s
[2021.02.12-22.39.23:082][  0]LogFileCache: Scanning file cache for directory 'C:/Users/aveng/Documents/GitHub/CarbonPush2/CarbonPushTwo/Content/Developers/aveng/Collections/' took 0.00s
[2021.02.12-22.39.23:082][  0]LogFileCache: Scanning file cache for directory 'C:/Users/aveng/Documents/GitHub/CarbonPush2/CarbonPushTwo/Content/Collections/' took 0.00s
[2021.02.12-22.39.23:082][  0]LogContentBrowser: Native class hierarchy populated in 0.0129 seconds. Added 3432 classes and 823 folders.
[2021.02.12-22.39.23:086][  0]LogContentBrowser: Native class hierarchy updated for 'WidgetCarousel' in 0.0010 seconds. Added 0 classes and 0 folders.
[2021.02.12-22.39.23:166][  0]LogContentBrowser: Native class hierarchy updated for 'AddContentDialog' in 0.0008 seconds. Added 0 classes and 0 folders.
[2021.02.12-22.39.23:168][  0]LogContentBrowser: Native class hierarchy updated for 'SceneOutliner' in 0.0005 seconds. Added 2 classes and 0 folders.
[2021.02.12-22.39.23:282][  0]LogSlate: Took 0.000201 seconds to synchronously load lazily loaded font '../../../Engine/Content/Slate/Fonts/Roboto-Regular.ttf' (155K)
[2021.02.12-22.39.23:285][  0]LogSlate: Took 0.000277 seconds to synchronously load lazily loaded font '../../../Engine/Content/Slate/Fonts/Roboto-Bold.ttf' (160K)
[2021.02.12-22.39.23:291][  0]LogSlate: Took 0.000185 seconds to synchronously load lazily loaded font '../../../Engine/Content/Editor/Slate/Fonts/FontAwesome.ttf' (139K)
[2021.02.12-22.39.23:372][  0]LogRenderer: Reallocating scene render targets to support 1292x628 Format 10 NumSamples 1 (Frame:1).
[2021.02.12-22.39.23:432][  0]LogSlate: Took 0.000230 seconds to synchronously load lazily loaded font '../../../Engine/Content/Slate/Fonts/Roboto-Light.ttf' (167K)
[2021.02.12-22.39.23:492][  0]LogContentBrowser: Native class hierarchy updated for 'HierarchicalLODOutliner' in 0.0005 seconds. Added 0 classes and 0 folders.
[2021.02.12-22.39.23:492][  0]LogLoad: (Engine Initialization) Total time: 9.92 seconds
[2021.02.12-22.39.23:493][  0]LogLoad: (Engine Initialization) Total Blueprint compile time: 0.00 seconds
[2021.02.12-22.39.23:551][  0]LogAssetRegistry: Asset discovery search completed in 4.9027 seconds
[2021.02.12-22.39.23:554][  0]LogCollectionManager: Fixed up redirectors for 0 collections in 0.000002 seconds (updated 0 objects)
[2021.02.12-22.39.23:556][  0]LogContentStreaming: Texture pool size now 1000 MB
[2021.02.12-22.39.23:657][  2]LogScript: Warning: Accessed None trying to read property CallFunc_TryGetPawnOwner_ReturnValue
	ABP_MovementAnimation_C /Engine/Transient.World_2:PersistentLevel.SkeletalMeshActor_0.SkeletalMeshComponent0.ABP_MovementAnimation_C_0
	Function /Game/ABP_MovementAnimation.ABP_MovementAnimation_C:ExecuteUbergraph_ABP_MovementAnimation:003E
[2021.02.12-22.39.23:657][  2]LogScript: Warning: Accessed None trying to read property CallFunc_TryGetPawnOwner_ReturnValue
	ABP_MovementAnimation_C /Engine/Transient.World_2:PersistentLevel.SkeletalMeshActor_0.SkeletalMeshComponent0.ABP_MovementAnimation_C_0
	Function /Game/ABP_MovementAnimation.ABP_MovementAnimation_C:ExecuteUbergraph_ABP_MovementAnimation:00CE
[2021.02.12-22.39.23:657][  2]LogScript: Warning: Accessed None trying to read property CallFunc_TryGetPawnOwner_ReturnValue
	ABP_MovementAnimation_C /Engine/Transient.World_2:PersistentLevel.SkeletalMeshActor_0.SkeletalMeshComponent0.ABP_MovementAnimation_C_0
	Function /Game/ABP_MovementAnimation.ABP_MovementAnimation_C:ExecuteUbergraph_ABP_MovementAnimation:0104
[2021.02.12-22.45.09:211][638]Candidate modules for hot reload:
[2021.02.12-22.45.09:211][638]  CarbonPushTwo
[2021.02.12-22.45.09:211][638]Launching UnrealBuildTool... [E:/UNREAL ENGINE/UE_4.25/Engine/Binaries/DotNET/UnrealBuildTool.exe  -ModuleWithSuffix=CarbonPushTwo,2007 CarbonPushTwoEditor Win64 Development -Project="C:/Users/aveng/Documents/GitHub/CarbonPush2/CarbonPushTwo/CarbonPushTwo.uproject" "C:/Users/aveng/Documents/GitHub/CarbonPush2/CarbonPushTwo/CarbonPushTwo.uproject"  -IgnoreJunk]
[2021.02.12-22.45.09:298][638]Warning: Starting HotReload took  0.1s.
[2021.02.12-22.45.16:669][470]CompilerResultsLog: New page: Compilation - 12 Feb 2021, 22:45:16
[2021.02.12-22.45.16:669][470]CompilerResultsLog: Using 'git status' to determine working set for adaptive non-unity build (C:\Users\aveng\Documents\GitHub\CarbonPush2).
[2021.02.12-22.45.16:669][470]CompilerResultsLog: Building CarbonPushTwoEditor...
[2021.02.12-22.45.16:669][470]CompilerResultsLog: Using Visual Studio 2019 14.28.29337 toolchain (C:\Program Files (x86)\Microsoft Visual Studio\2019\Community\VC\Tools\MSVC\14.28.29333) and Windows 10.0.18362.0 SDK (C:\Program Files (x86)\Windows Kits\10).
[2021.02.12-22.45.16:669][470]CompilerResultsLog: Building 4 actions with 8 processes...
[2021.02.12-22.45.16:669][470]CompilerResultsLog:   [1/4] MainPlayerController.cpp
[2021.02.12-22.45.16:669][470]CompilerResultsLog:   [2/4] UE4Editor-CarbonPushTwo-2007.lib
[2021.02.12-22.45.16:669][470]CompilerResultsLog:      Creating library C:\Users\aveng\Documents\GitHub\CarbonPush2\CarbonPushTwo\Intermediate\Build\Win64\UE4Editor\Development\CarbonPushTwo\UE4Editor-CarbonPushTwo-2007.lib and object C:\Users\aveng\Documents\GitHub\CarbonPush2\CarbonPushTwo\Intermediate\Build\Win64\UE4Editor\Development\CarbonPushTwo\UE4Editor-CarbonPushTwo-2007.exp
[2021.02.12-22.45.16:669][470]CompilerResultsLog:   [3/4] UE4Editor-CarbonPushTwo-2007.dll
[2021.02.12-22.45.16:669][470]CompilerResultsLog:      Creating library C:\Users\aveng\Documents\GitHub\CarbonPush2\CarbonPushTwo\Intermediate\Build\Win64\UE4Editor\Development\CarbonPushTwo\UE4Editor-CarbonPushTwo-2007.suppressed.lib and object C:\Users\aveng\Documents\GitHub\CarbonPush2\CarbonPushTwo\Intermediate\Build\Win64\UE4Editor\Development\CarbonPushTwo\UE4Editor-CarbonPushTwo-2007.suppressed.exp
[2021.02.12-22.45.16:669][470]CompilerResultsLog:   [4/4] CarbonPushTwoEditor.target
[2021.02.12-22.45.16:669][470]CompilerResultsLog: Total time in Parallel executor: 6.08 seconds
[2021.02.12-22.45.16:669][470]CompilerResultsLog: Total execution time: 7.23 seconds
[2021.02.12-22.45.16:669][470]LogMainFrame: MainFrame: Module compiling took 7.463 seconds
[2021.02.12-22.45.16:689][470]LogContentBrowser: Native class hierarchy updated for 'CarbonPushTwo' in 0.0007 seconds. Added 5 classes and 2 folders.
[2021.02.12-22.45.16:690][470]Display: HotReload successful (5 functions remapped  0 scriptstructs remapped)
[2021.02.12-22.45.16:754][470]LogContentBrowser: Native class hierarchy populated in 0.0098 seconds. Added 3432 classes and 823 folders.
[2021.02.12-22.45.16:754][470]Display: HotReload took  7.6s.
[2021.02.12-22.45.18:677][696]LogTemp: Repeating last play command: Selected Viewport
[2021.02.12-22.45.18:693][696]LogPlayLevel: PlayLevel: No blueprints needed recompiling
[2021.02.12-22.45.18:693][696]PIE: New page: PIE session: Title_Screen (12 Feb 2021, 22:45:18)
[2021.02.12-22.45.18:694][696]LogOnline: OSS: Creating online subsystem instance for: NULL
[2021.02.12-22.45.18:695][696]LogOnline: OSS: TryLoadSubsystemAndSetDefault: Loaded subsystem for module [NULL]
[2021.02.12-22.45.18:695][696]LogPlayLevel: Creating play world package: /Game/Levels/UEDPIE_0_Title_Screen
[2021.02.12-22.45.18:698][696]LogPlayLevel: PIE: StaticDuplicateObject took: (0.003130s)
[2021.02.12-22.45.18:699][696]LogAIModule: Creating AISystem for world Title_Screen
[2021.02.12-22.45.18:699][696]LogAISub: UAISubsystem::UAISubsystem EnvQueryManager (0000014629B80C00), frame # 2696
[2021.02.12-22.45.18:700][696]LogAISub: UAISubsystem::UAISubsystem AIPerceptionSystem (000001464D05C400), frame # 2696
[2021.02.12-22.45.18:700][696]LogPlayLevel: PIE: World Init took: (0.001624s)
[2021.02.12-22.45.18:700][696]LogPlayLevel: PIE: Created PIE world by copying editor world from /Game/Levels/Title_Screen.Title_Screen to /Game/Levels/UEDPIE_0_Title_Screen.Title_Screen (0.004938s)
[2021.02.12-22.45.18:709][696]LogUObjectHash: Compacting FUObjectHashTables data took   0.68ms
[2021.02.12-22.45.18:711][696]LogAudioMixer: Display: Audio Mixer Platform Settings:
[2021.02.12-22.45.18:711][696]LogAudioMixer: Display: 	Sample Rate:						  48000
[2021.02.12-22.45.18:711][696]LogAudioMixer: Display: 	Callback Buffer Frame Size Requested: 1024
[2021.02.12-22.45.18:711][696]LogAudioMixer: Display: 	Callback Buffer Frame Size To Use:	  1024
[2021.02.12-22.45.18:711][696]LogAudioMixer: Display: 	Number of buffers to queue:			  2
[2021.02.12-22.45.18:711][696]LogAudioMixer: Display: 	Max Channels (voices):				  32
[2021.02.12-22.45.18:711][696]LogAudioMixer: Display: 	Number of Async Source Workers:		  0
[2021.02.12-22.45.18:711][696]LogAudio: Display: AudioDevice MaxSources: 32
[2021.02.12-22.45.18:712][696]LogAudio: Display: Using built-in audio occlusion.
[2021.02.12-22.45.18:712][696]LogAudioMixer: Display: Initializing audio mixer.
[2021.02.12-22.45.18:726][696]LogAudioMixer: Display: 0: FrontLeft
[2021.02.12-22.45.18:726][696]LogAudioMixer: Display: 1: FrontRight
[2021.02.12-22.45.18:726][696]LogAudioMixer: Display: 2: FrontCenter
[2021.02.12-22.45.18:726][696]LogAudioMixer: Display: 3: LowFrequency
[2021.02.12-22.45.18:726][696]LogAudioMixer: Display: 4: BackLeft
[2021.02.12-22.45.18:726][696]LogAudioMixer: Display: 5: BackRight
[2021.02.12-22.45.18:726][696]LogAudioMixer: Display: 6: SideLeft
[2021.02.12-22.45.18:726][696]LogAudioMixer: Display: 7: SideRight
[2021.02.12-22.45.18:760][696]LogAudioMixer: Display: Using Audio Device Speakers (THX Spatial Audio)
[2021.02.12-22.45.18:760][696]LogAudioMixer: Display: Initializing Sound Submixes...
[2021.02.12-22.45.18:760][696]LogAudioMixer: Display: Creating Master Submix 'MasterSubmixDefault'
[2021.02.12-22.45.18:761][696]LogAudioMixer: Display: Creating Master Submix 'MasterReverbSubmixDefault'
[2021.02.12-22.45.18:761][696]LogAudioMixer: Display: Creating Master Submix 'MasterEQSubmixDefault'
[2021.02.12-22.45.18:773][696]LogInit: FAudioDevice initialized.
[2021.02.12-22.45.18:780][696]LogLoad: Game class is 'BP_StartGameModeBase_C'
[2021.02.12-22.45.18:782][696]LogWorld: Bringing World /Game/Levels/UEDPIE_0_Title_Screen.Title_Screen up for play (max tick rate 0) at 2021.02.12-22.45.18
[2021.02.12-22.45.18:783][696]LogWorld: Bringing up level for play took: 0.001169
[2021.02.12-22.45.18:783][696]LogOnline: OSS: Creating online subsystem instance for: :Context_4
[2021.02.12-22.45.18:862][696]LogContentBrowser: Native class hierarchy updated for 'MovieSceneCapture' in 0.0006 seconds. Added 20 classes and 0 folders.
[2021.02.12-22.45.25:249][696]LogWindows: Error: === Critical error: ===
[2021.02.12-22.45.25:249][696]LogWindows: Error: 
[2021.02.12-22.45.25:249][696]LogWindows: Error: Fatal error!
[2021.02.12-22.45.25:249][696]LogWindows: Error: 
[2021.02.12-22.45.25:249][696]LogWindows: Error: Unhandled Exception: EXCEPTION_ACCESS_VIOLATION reading address 0x00000000
[2021.02.12-22.45.25:249][696]LogWindows: Error: 
[2021.02.12-22.45.25:249][696]LogWindows: Error: [Callstack] 0x00007ffb69f971e9 UE4Editor-CarbonPushTwo-2007.dll!UnknownFunction [C:\Users\aveng\Documents\GitHub\CarbonPush2\CarbonPushTwo\Source\CarbonPushTwo\StartGameModeBase.cpp:17]
[2021.02.12-22.45.25:249][696]LogWindows: Error: [Callstack] 0x00007ffb52c2097c UE4Editor-Engine.dll!AActor::DispatchBeginPlay() [D:\Build\++UE4\Sync\Engine\Source\Runtime\Engine\Private\Actor.cpp:3397]
[2021.02.12-22.45.25:249][696]LogWindows: Error: [Callstack] 0x00007ffb53ec958d UE4Editor-Engine.dll!AWorldSettings::NotifyBeginPlay() [D:\Build\++UE4\Sync\Engine\Source\Runtime\Engine\Private\WorldSettings.cpp:246]
[2021.02.12-22.45.25:249][696]LogWindows: Error: [Callstack] 0x00007ffb53303151 UE4Editor-Engine.dll!AGameStateBase::HandleBeginPlay() [D:\Build\++UE4\Sync\Engine\Source\Runtime\Engine\Private\GameStateBase.cpp:205]
[2021.02.12-22.45.25:249][696]LogWindows: Error: [Callstack] 0x00007ffb53e73a2e UE4Editor-Engine.dll!UWorld::BeginPlay() [D:\Build\++UE4\Sync\Engine\Source\Runtime\Engine\Private\World.cpp:4184]
[2021.02.12-22.45.25:249][696]LogWindows: Error: [Callstack] 0x00007ffb533244e9 UE4Editor-Engine.dll!UGameInstance::StartPlayInEditorGameInstance() [D:\Build\++UE4\Sync\Engine\Source\Runtime\Engine\Private\GameInstance.cpp:478]
[2021.02.12-22.45.25:249][696]LogWindows: Error: [Callstack] 0x00007ffb51ac595c UE4Editor-UnrealEd.dll!UEditorEngine::CreateInnerProcessPIEGameInstance() [D:\Build\++UE4\Sync\Engine\Source\Editor\UnrealEd\Private\PlayLevel.cpp:2792]
[2021.02.12-22.45.25:249][696]LogWindows: Error: [Callstack] 0x00007ffb51ae682c UE4Editor-UnrealEd.dll!UEditorEngine::OnLoginPIEComplete_Deferred() [D:\Build\++UE4\Sync\Engine\Source\Editor\UnrealEd\Private\PlayLevel.cpp:1474]
[2021.02.12-22.45.25:249][696]LogWindows: Error: [Callstack] 0x00007ffb51ac6899 UE4Editor-UnrealEd.dll!UEditorEngine::CreateNewPlayInEditorInstance() [D:\Build\++UE4\Sync\Engine\Source\Editor\UnrealEd\Private\PlayLevel.cpp:1708]
[2021.02.12-22.45.25:249][696]LogWindows: Error: [Callstack] 0x00007ffb51b023da UE4Editor-UnrealEd.dll!UEditorEngine::StartPlayInEditorSession() [D:\Build\++UE4\Sync\Engine\Source\Editor\UnrealEd\Private\PlayLevel.cpp:2580]
[2021.02.12-22.45.25:249][696]LogWindows: Error: [Callstack] 0x00007ffb51b0569d UE4Editor-UnrealEd.dll!UEditorEngine::StartQueuedPlaySessionRequestImpl() [D:\Build\++UE4\Sync\Engine\Source\Editor\UnrealEd\Private\PlayLevel.cpp:1089]
[2021.02.12-22.45.25:249][696]LogWindows: Error: [Callstack] 0x00007ffb51b05078 UE4Editor-UnrealEd.dll!UEditorEngine::StartQueuedPlaySessionRequest() [D:\Build\++UE4\Sync\Engine\Source\Editor\UnrealEd\Private\PlayLevel.cpp:1016]
[2021.02.12-22.45.25:249][696]LogWindows: Error: [Callstack] 0x00007ffb5158a854 UE4Editor-UnrealEd.dll!UEditorEngine::Tick() [D:\Build\++UE4\Sync\Engine\Source\Editor\UnrealEd\Private\EditorEngine.cpp:1611]
[2021.02.12-22.45.25:249][696]LogWindows: Error: [Callstack] 0x00007ffb51e637e6 UE4Editor-UnrealEd.dll!UUnrealEdEngine::Tick() [D:\Build\++UE4\Sync\Engine\Source\Editor\UnrealEd\Private\UnrealEdEngine.cpp:414]
[2021.02.12-22.45.25:249][696]LogWindows: Error: [Callstack] 0x00007ff6ab647800 UE4Editor.exe!FEngineLoop::Tick() [D:\Build\++UE4\Sync\Engine\Source\Runtime\Launch\Private\LaunchEngineLoop.cpp:4850]
[2021.02.12-22.45.25:249][696]LogWindows: Error: [Callstack] 0x00007ff6ab65ba7c UE4Editor.exe!GuardedMain() [D:\Build\++UE4\Sync\Engine\Source\Runtime\Launch\Private\Launch.cpp:169]
[2021.02.12-22.45.25:249][696]LogWindows: Error: [Callstack] 0x00007ff6ab65bb5a UE4Editor.exe!GuardedMainWrapper() [D:\Build\++UE4\Sync\Engine\Source\Runtime\Launch\Private\Windows\LaunchWindows.cpp:137]
[2021.02.12-22.45.25:249][696]LogWindows: Error: [Callstack] 0x00007ff6ab66e31d UE4Editor.exe!WinMain() [D:\Build\++UE4\Sync\Engine\Source\Runtime\Launch\Private\Windows\LaunchWindows.cpp:268]
[2021.02.12-22.45.25:249][696]LogWindows: Error: [Callstack] 0x00007ff6ab67145a UE4Editor.exe!__scrt_common_main_seh() [d:\agent\_work\5\s\src\vctools\crt\vcstartup\src\startup\exe_common.inl:288]
[2021.02.12-22.45.25:249][696]LogWindows: Error: [Callstack] 0x00007ffbbcb97034 KERNEL32.DLL!UnknownFunction []
[2021.02.12-22.45.25:250][696]LogWindows: Error: [Callstack] 0x00007ffbbd97d241 ntdll.dll!UnknownFunction []
[2021.02.12-22.45.25:250][696]LogWindows: Error: 
[2021.02.12-22.45.25:272][696]LogExit: Executing StaticShutdownAfterError
[2021.02.12-22.45.25:274][696]LogWindows: FPlatformMisc::RequestExit(1)
[2021.02.12-22.45.25:274][696]LogCore: Engine exit requested (reason: Win RequestExit)
[2021.02.12-22.45.25:289][696]Log file closed, 02/12/21 22:45:25
