Log file open, 02/15/21 23:13:01
LogInit: Display: Running engine for game: CarbonPushTwo
LogPlatformFile: Not using cached read wrapper
LogTaskGraph: Started task graph with 5 named threads and 23 total threads with 3 sets of task threads.
LogStats: Stats thread started at 0.343597
LogD3D11RHI: Loaded GFSDK_Aftermath_Lib.x64.dll
LogICUInternationalization: ICU TimeZone Detection - Raw Offset: +0:00, Platform Override: ''
LogPluginManager: Mounting plugin Paper2D
LogPluginManager: Mounting plugin AISupport
LogPluginManager: Mounting plugin LightPropagationVolume
LogPluginManager: Mounting plugin CameraShakePreviewer
LogPluginManager: Mounting plugin ActorLayerUtilities
LogPluginManager: Mounting plugin AnimationSharing
LogPluginManager: Mounting plugin CLionSourceCodeAccess
LogPluginManager: Mounting plugin CodeLiteSourceCodeAccess
LogPluginManager: Mounting plugin GitSourceControl
LogPluginManager: Mounting plugin KDevelopSourceCodeAccess
LogPluginManager: Mounting plugin NullSourceCodeAccess
LogPluginManager: Mounting plugin PerforceSourceControl
LogPluginManager: Mounting plugin PlasticSourceControl
LogPluginManager: Mounting plugin RiderSourceCodeAccess
LogPluginManager: Mounting plugin SubversionSourceControl
LogPluginManager: Mounting plugin UObjectPlugin
LogPluginManager: Mounting plugin VisualStudioCodeSourceCodeAccess
LogPluginManager: Mounting plugin VisualStudioSourceCodeAccess
LogPluginManager: Mounting plugin XCodeSourceCodeAccess
LogPluginManager: Mounting plugin AssetManagerEditor
LogPluginManager: Mounting plugin CryptoKeys
LogPluginManager: Mounting plugin CurveEditorTools
LogPluginManager: Mounting plugin DataValidation
LogPluginManager: Mounting plugin EditorScriptingUtilities
LogPluginManager: Mounting plugin FacialAnimation
LogPluginManager: Mounting plugin GameplayTagsEditor
LogPluginManager: Mounting plugin GeometryMode
LogPluginManager: Mounting plugin MacGraphicsSwitching
LogPluginManager: Mounting plugin MaterialAnalyzer
LogPluginManager: Mounting plugin MobileLauncherProfileWizard
LogPluginManager: Mounting plugin PluginBrowser
LogPluginManager: Mounting plugin SpeedTreeImporter
LogPluginManager: Mounting plugin DatasmithContent
LogPluginManager: Mounting plugin VariantManagerContent
LogPluginManager: Mounting plugin AlembicImporter
LogPluginManager: Mounting plugin AutomationUtils
LogPluginManager: Mounting plugin BackChannel
LogPluginManager: Mounting plugin ChaosCloth
LogPluginManager: Mounting plugin ChaosClothEditor
LogPluginManager: Mounting plugin ChaosEditor
LogPluginManager: Mounting plugin ChaosNiagara
LogPluginManager: Mounting plugin ChaosSolverPlugin
LogPluginManager: Mounting plugin CharacterAI
LogPluginManager: Mounting plugin GeometryCache
LogPluginManager: Mounting plugin GeometryCollectionPlugin
LogPluginManager: Mounting plugin GeometryProcessing
LogPluginManager: Mounting plugin PlanarCut
LogPluginManager: Mounting plugin PlatformCrypto
LogPluginManager: Mounting plugin ProxyLODPlugin
LogPluginManager: Mounting plugin SkeletalReduction
LogPluginManager: Mounting plugin Niagara
LogPluginManager: Mounting plugin MagicLeap
LogPluginManager: Mounting plugin MagicLeapLightEstimation
LogPluginManager: Mounting plugin MagicLeapMedia
LogPluginManager: Mounting plugin MagicLeapPassableWorld
LogPluginManager: Mounting plugin MLSDK
LogPluginManager: Mounting plugin AndroidMedia
LogPluginManager: Mounting plugin AvfMedia
LogPluginManager: Mounting plugin ImgMedia
LogPluginManager: Mounting plugin MediaCompositing
LogPluginManager: Mounting plugin MediaPlayerEditor
LogPluginManager: Mounting plugin WebMMedia
LogPluginManager: Mounting plugin WmfMedia
LogPluginManager: Mounting plugin MeshPainting
LogPluginManager: Mounting plugin TcpMessaging
LogPluginManager: Mounting plugin UdpMessaging
LogPluginManager: Mounting plugin ActorSequence
LogPluginManager: Mounting plugin LevelSequenceEditor
LogPluginManager: Mounting plugin MatineeToLevelSequence
LogPluginManager: Mounting plugin MovieRenderPipeline
LogPluginManager: Mounting plugin TemplateSequence
LogPluginManager: Mounting plugin NetcodeUnitTest
LogPluginManager: Mounting plugin NUTUnrealEngine4
LogPluginManager: Mounting plugin OnlineSubsystemGooglePlay
LogPluginManager: Mounting plugin OnlineSubsystemIOS
LogPluginManager: Mounting plugin OnlineSubsystem
LogPluginManager: Mounting plugin OnlineSubsystemNull
LogPluginManager: Mounting plugin OnlineSubsystemUtils
LogPluginManager: Mounting plugin LauncherChunkInstaller
LogPluginManager: Mounting plugin AndroidDeviceProfileSelector
LogPluginManager: Mounting plugin AndroidMoviePlayer
LogPluginManager: Mounting plugin AndroidPermission
LogPluginManager: Mounting plugin ApexDestruction
LogPluginManager: Mounting plugin AppleImageUtils
LogPluginManager: Mounting plugin AppleMoviePlayer
LogPluginManager: Mounting plugin ArchVisCharacter
LogPluginManager: Mounting plugin AssetTags
LogPluginManager: Mounting plugin AudioCapture
LogPluginManager: Mounting plugin CableComponent
LogPluginManager: Mounting plugin CustomMeshComponent
LogPluginManager: Mounting plugin EditableMesh
LogPluginManager: Mounting plugin ExampleDeviceProfileSelector
LogPluginManager: Mounting plugin GoogleCloudMessaging
LogPluginManager: Mounting plugin GooglePAD
LogPluginManager: Mounting plugin IOSDeviceProfileSelector
LogPluginManager: Mounting plugin LinuxDeviceProfileSelector
LogPluginManager: Mounting plugin LocationServicesBPLibrary
LogPluginManager: Mounting plugin MobilePatchingUtils
LogPluginManager: Mounting plugin OculusVR
LogPluginManager: Mounting plugin PhysXVehicles
LogPluginManager: Mounting plugin PostSplashScreen
LogPluginManager: Mounting plugin ProceduralMeshComponent
LogPluginManager: Mounting plugin RuntimePhysXCooking
LogPluginManager: Mounting plugin SignificanceManager
LogPluginManager: Mounting plugin SoundFields
LogPluginManager: Mounting plugin SteamVR
LogPluginManager: Mounting plugin Synthesis
LogPluginManager: Mounting plugin WebMMoviePlayer
LogPluginManager: Mounting plugin WindowsMoviePlayer
LogPluginManager: Mounting plugin ScreenshotTools
LogInit: Using libcurl 7.55.1-DEV
LogInit:  - built for x86_64-pc-win32
LogInit:  - supports SSL with OpenSSL/1.1.1
LogInit:  - supports HTTP deflate (compression) using libz 1.2.8
LogInit:  - other features:
LogInit:      CURL_VERSION_SSL
LogInit:      CURL_VERSION_LIBZ
LogInit:      CURL_VERSION_IPV6
LogInit:      CURL_VERSION_ASYNCHDNS
LogInit:      CURL_VERSION_LARGEFILE
LogInit:      CURL_VERSION_IDN
LogInit:  CurlRequestOptions (configurable via config and command line):
LogInit:  - bVerifyPeer = true  - Libcurl will verify peer certificate
LogInit:  - bUseHttpProxy = false  - Libcurl will NOT use HTTP proxy
LogInit:  - bDontReuseConnections = false  - Libcurl will reuse connections
LogInit:  - MaxHostConnections = 16  - Libcurl will limit the number of connections to a host
LogInit:  - LocalHostAddr = Default
LogInit:  - BufferSize = 65536
LogOnline: OSS: Creating online subsystem instance for: NULL
LogInit: WinSock: version 1.1 (2.2), MaxSocks=32767, MaxUdp=65467
LogOnline: OSS: TryLoadSubsystemAndSetDefault: Loaded subsystem for module [NULL]
LogInit: Build: ++UE4+Release-4.25-CL-14469661
LogInit: Engine Version: 4.25.4-14469661+++UE4+Release-4.25
LogInit: Compatible Engine Version: 4.25.0-13144385+++UE4+Release-4.25
LogInit: Net CL: 13144385
LogInit: OS: Windows 10 (Release 2009) (), CPU: Intel(R) Core(TM) i7-4770 CPU @ 3.40GHz, GPU: NVIDIA GeForce GTX 1060 6GB
LogInit: Compiled (64-bit): Oct 11 2020 08:10:49
LogInit: Compiled with Visual C++: 19.24.28315.00
LogInit: Build Configuration: Development
LogInit: Branch Name: ++UE4+Release-4.25
LogInit: Command Line:  -skipcompile
LogInit: Base Directory: E:/UNREAL ENGINE/UE_4.25/Engine/Binaries/Win64/
LogInit: Allocator: TBB
LogInit: Installed Engine Build: 1
LogDevObjectVersion: Number of dev versions registered: 26
LogDevObjectVersion:   Dev-Blueprints (B0D832E4-1F89-4F0D-ACCF-7EB736FD4AA2): 10
LogDevObjectVersion:   Dev-Build (E1C64328-A22C-4D53-A36C-8E866417BD8C): 0
LogDevObjectVersion:   Dev-Core (375EC13C-06E4-48FB-B500-84F0262A717E): 4
LogDevObjectVersion:   Dev-Editor (E4B068ED-F494-42E9-A231-DA0B2E46BB41): 38
LogDevObjectVersion:   Dev-Framework (CFFC743F-43B0-4480-9391-14DF171D2073): 37
LogDevObjectVersion:   Dev-Mobile (B02B49B5-BB20-44E9-A304-32B752E40360): 2
LogDevObjectVersion:   Dev-Networking (A4E4105C-59A1-49B5-A7C5-40C4547EDFEE): 0
LogDevObjectVersion:   Dev-Online (39C831C9-5AE6-47DC-9A44-9C173E1C8E7C): 0
LogDevObjectVersion:   Dev-Physics (78F01B33-EBEA-4F98-B9B4-84EACCB95AA2): 4
LogDevObjectVersion:   Dev-Platform (6631380F-2D4D-43E0-8009-CF276956A95A): 0
LogDevObjectVersion:   Dev-Rendering (12F88B9F-8875-4AFC-A67C-D90C383ABD29): 43
LogDevObjectVersion:   Dev-Sequencer (7B5AE74C-D270-4C10-A958-57980B212A5A): 12
LogDevObjectVersion:   Dev-VR (D7296918-1DD6-4BDD-9DE2-64A83CC13884): 3
LogDevObjectVersion:   Dev-LoadTimes (C2A15278-BFE7-4AFE-6C17-90FF531DF755): 1
LogDevObjectVersion:   Private-Geometry (6EACA3D4-40EC-4CC1-B786-8BED09428FC5): 3
LogDevObjectVersion:   Dev-AnimPhys (29E575DD-E0A3-4627-9D10-D276232CDCEA): 17
LogDevObjectVersion:   Dev-Anim (AF43A65D-7FD3-4947-9873-3E8ED9C1BB05): 7
LogDevObjectVersion:   Dev-ReflectionCapture (6B266CEC-1EC7-4B8F-A30B-E4D90942FC07): 1
LogDevObjectVersion:   Dev-Automation (0DF73D61-A23F-47EA-B727-89E90C41499A): 1
LogDevObjectVersion:   FortniteMain (601D1886-AC64-4F84-AA16-D3DE0DEAC7D6): 31
LogDevObjectVersion:   Dev-Enterprise (9DFFBCD6-494F-0158-E221-12823C92A888): 10
LogDevObjectVersion:   Dev-Niagara (F2AED0AC-9AFE-416F-8664-AA7FFA26D6FC): 1
LogDevObjectVersion:   Dev-Destruction (174F1F0B-B4C6-45A5-B13F-2EE8D0FB917D): 10
LogDevObjectVersion:   Dev-Physics-Ext (35F94A83-E258-406C-A318-09F59610247C): 37
LogDevObjectVersion:   Dev-PhysicsMaterial-Chaos (B68FC16E-8B1B-42E2-B453-215C058844FE): 1
LogDevObjectVersion:   Dev-CineCamera (B2E18506-4273-CFC2-A54E-F4BB758BBA07): 1
LogInit: Presizing for max 25165824 objects, including 0 objects not considered by GC, pre-allocating 0 bytes for permanent pool.
LogConfig: Applying CVar settings from Section [/Script/Engine.StreamingSettings] File [C:/Users/aveng/Documents/GitHub/CarbonPush2/CarbonPushTwo/Saved/Config/Windows/Engine.ini]
LogConfig: Setting CVar [[s.MinBulkDataSizeForAsyncLoading:131072]]
LogConfig: Setting CVar [[s.AsyncLoadingThreadEnabled:0]]
LogConfig: Setting CVar [[s.EventDrivenLoaderEnabled:1]]
LogConfig: Setting CVar [[s.WarnIfTimeLimitExceeded:0]]
LogConfig: Setting CVar [[s.TimeLimitExceededMultiplier:1.5]]
LogConfig: Setting CVar [[s.TimeLimitExceededMinTime:0.005]]
LogConfig: Setting CVar [[s.UseBackgroundLevelStreaming:1]]
LogConfig: Setting CVar [[s.PriorityAsyncLoadingExtraTime:15.0]]
LogConfig: Setting CVar [[s.LevelStreamingActorsUpdateTimeLimit:5.0]]
LogConfig: Setting CVar [[s.PriorityLevelStreamingActorsUpdateExtraTime:5.0]]
LogConfig: Setting CVar [[s.LevelStreamingComponentsRegistrationGranularity:10]]
LogConfig: Setting CVar [[s.UnregisterComponentsTimeLimit:1.0]]
LogConfig: Setting CVar [[s.LevelStreamingComponentsUnregistrationGranularity:5]]
LogConfig: Setting CVar [[s.FlushStreamingOnExit:1]]
LogInit: Object subsystem initialized
LogConfig: Setting CVar [[con.DebugEarlyDefault:1]]
LogConfig: Setting CVar [[r.setres:1280x720]]
[2021.02.15-23.13.02:085][  0]LogConfig: Setting CVar [[r.VSync:0]]
[2021.02.15-23.13.02:086][  0]LogConfig: Setting CVar [[r.RHICmdBypass:0]]
[2021.02.15-23.13.02:086][  0]LogConfig: Applying CVar settings from Section [/Script/Engine.RendererSettings] File [C:/Users/aveng/Documents/GitHub/CarbonPush2/CarbonPushTwo/Saved/Config/Windows/Engine.ini]
[2021.02.15-23.13.02:086][  0]LogConfig: Setting CVar [[r.GPUCrashDebugging:0]]
[2021.02.15-23.13.02:086][  0]LogConfig: Applying CVar settings from Section [/Script/Engine.RendererOverrideSettings] File [C:/Users/aveng/Documents/GitHub/CarbonPush2/CarbonPushTwo/Saved/Config/Windows/Engine.ini]
[2021.02.15-23.13.02:086][  0]LogConfig: Applying CVar settings from Section [/Script/Engine.StreamingSettings] File [C:/Users/aveng/Documents/GitHub/CarbonPush2/CarbonPushTwo/Saved/Config/Windows/Engine.ini]
[2021.02.15-23.13.02:086][  0]LogConfig: Setting CVar [[s.MinBulkDataSizeForAsyncLoading:131072]]
[2021.02.15-23.13.02:086][  0]LogConfig: Setting CVar [[s.AsyncLoadingThreadEnabled:0]]
[2021.02.15-23.13.02:086][  0]LogConfig: Setting CVar [[s.EventDrivenLoaderEnabled:1]]
[2021.02.15-23.13.02:086][  0]LogConfig: Setting CVar [[s.WarnIfTimeLimitExceeded:0]]
[2021.02.15-23.13.02:086][  0]LogConfig: Setting CVar [[s.TimeLimitExceededMultiplier:1.5]]
[2021.02.15-23.13.02:086][  0]LogConfig: Setting CVar [[s.TimeLimitExceededMinTime:0.005]]
[2021.02.15-23.13.02:086][  0]LogConfig: Setting CVar [[s.UseBackgroundLevelStreaming:1]]
[2021.02.15-23.13.02:086][  0]LogConfig: Setting CVar [[s.PriorityAsyncLoadingExtraTime:15.0]]
[2021.02.15-23.13.02:086][  0]LogConfig: Setting CVar [[s.LevelStreamingActorsUpdateTimeLimit:5.0]]
[2021.02.15-23.13.02:086][  0]LogConfig: Setting CVar [[s.PriorityLevelStreamingActorsUpdateExtraTime:5.0]]
[2021.02.15-23.13.02:087][  0]LogConfig: Setting CVar [[s.LevelStreamingComponentsRegistrationGranularity:10]]
[2021.02.15-23.13.02:087][  0]LogConfig: Setting CVar [[s.UnregisterComponentsTimeLimit:1.0]]
[2021.02.15-23.13.02:087][  0]LogConfig: Setting CVar [[s.LevelStreamingComponentsUnregistrationGranularity:5]]
[2021.02.15-23.13.02:087][  0]LogConfig: Setting CVar [[s.FlushStreamingOnExit:1]]
[2021.02.15-23.13.02:087][  0]LogConfig: Applying CVar settings from Section [/Script/Engine.GarbageCollectionSettings] File [C:/Users/aveng/Documents/GitHub/CarbonPush2/CarbonPushTwo/Saved/Config/Windows/Engine.ini]
[2021.02.15-23.13.02:087][  0]LogConfig: Setting CVar [[gc.MaxObjectsNotConsideredByGC:1]]
[2021.02.15-23.13.02:087][  0]LogConfig: Setting CVar [[gc.SizeOfPermanentObjectPool:0]]
[2021.02.15-23.13.02:087][  0]LogConfig: Setting CVar [[gc.FlushStreamingOnGC:0]]
[2021.02.15-23.13.02:087][  0]LogConfig: Setting CVar [[gc.NumRetriesBeforeForcingGC:10]]
[2021.02.15-23.13.02:087][  0]LogConfig: Setting CVar [[gc.AllowParallelGC:1]]
[2021.02.15-23.13.02:087][  0]LogConfig: Setting CVar [[gc.TimeBetweenPurgingPendingKillObjects:61.1]]
[2021.02.15-23.13.02:087][  0]LogConfig: Setting CVar [[gc.MaxObjectsInEditor:25165824]]
[2021.02.15-23.13.02:087][  0]LogConfig: Setting CVar [[gc.IncrementalBeginDestroyEnabled:1]]
[2021.02.15-23.13.02:087][  0]LogConfig: Setting CVar [[gc.CreateGCClusters:1]]
[2021.02.15-23.13.02:087][  0]LogConfig: Setting CVar [[gc.MinGCClusterSize:5]]
[2021.02.15-23.13.02:087][  0]LogConfig: Setting CVar [[gc.ActorClusteringEnabled:0]]
[2021.02.15-23.13.02:087][  0]LogConfig: Setting CVar [[gc.BlueprintClusteringEnabled:0]]
[2021.02.15-23.13.02:087][  0]LogConfig: Setting CVar [[gc.UseDisregardForGCOnDedicatedServers:0]]
[2021.02.15-23.13.02:087][  0]LogConfig: Applying CVar settings from Section [/Script/Engine.NetworkSettings] File [C:/Users/aveng/Documents/GitHub/CarbonPush2/CarbonPushTwo/Saved/Config/Windows/Engine.ini]
[2021.02.15-23.13.02:088][  0]LogConfig: Applying CVar settings from Section [/Script/UnrealEd.CookerSettings] File [C:/Users/aveng/Documents/GitHub/CarbonPush2/CarbonPushTwo/Saved/Config/Windows/Engine.ini]
[2021.02.15-23.13.02:095][  0]LogConfig: Applying CVar settings from Section [ViewDistanceQuality@3] File [C:/Users/aveng/Documents/GitHub/CarbonPush2/CarbonPushTwo/Saved/Config/Windows/Scalability.ini]
[2021.02.15-23.13.02:095][  0]LogConfig: Setting CVar [[r.SkeletalMeshLODBias:0]]
[2021.02.15-23.13.02:095][  0]LogConfig: Setting CVar [[r.ViewDistanceScale:1.0]]
[2021.02.15-23.13.02:095][  0]LogConfig: Applying CVar settings from Section [AntiAliasingQuality@3] File [C:/Users/aveng/Documents/GitHub/CarbonPush2/CarbonPushTwo/Saved/Config/Windows/Scalability.ini]
[2021.02.15-23.13.02:095][  0]LogConfig: Setting CVar [[r.PostProcessAAQuality:4]]
[2021.02.15-23.13.02:095][  0]LogConfig: Applying CVar settings from Section [ShadowQuality@3] File [C:/Users/aveng/Documents/GitHub/CarbonPush2/CarbonPushTwo/Saved/Config/Windows/Scalability.ini]
[2021.02.15-23.13.02:095][  0]LogConfig: Setting CVar [[r.LightFunctionQuality:1]]
[2021.02.15-23.13.02:095][  0]LogConfig: Setting CVar [[r.ShadowQuality:5]]
[2021.02.15-23.13.02:095][  0]LogConfig: Setting CVar [[r.Shadow.CSM.MaxCascades:10]]
[2021.02.15-23.13.02:095][  0]LogConfig: Setting CVar [[r.Shadow.MaxResolution:2048]]
[2021.02.15-23.13.02:095][  0]LogConfig: Setting CVar [[r.Shadow.MaxCSMResolution:2048]]
[2021.02.15-23.13.02:095][  0]LogConfig: Setting CVar [[r.Shadow.RadiusThreshold:0.01]]
[2021.02.15-23.13.02:095][  0]LogConfig: Setting CVar [[r.Shadow.DistanceScale:1.0]]
[2021.02.15-23.13.02:095][  0]LogConfig: Setting CVar [[r.Shadow.CSM.TransitionScale:1.0]]
[2021.02.15-23.13.02:095][  0]LogConfig: Setting CVar [[r.Shadow.PreShadowResolutionFactor:1.0]]
[2021.02.15-23.13.02:095][  0]LogConfig: Setting CVar [[r.DistanceFieldShadowing:1]]
[2021.02.15-23.13.02:095][  0]LogConfig: Setting CVar [[r.DistanceFieldAO:1]]
[2021.02.15-23.13.02:096][  0]LogConfig: Setting CVar [[r.AOQuality:2]]
[2021.02.15-23.13.02:096][  0]LogConfig: Setting CVar [[r.VolumetricFog:1]]
[2021.02.15-23.13.02:096][  0]LogConfig: Setting CVar [[r.VolumetricFog.GridPixelSize:8]]
[2021.02.15-23.13.02:096][  0]LogConfig: Setting CVar [[r.VolumetricFog.GridSizeZ:128]]
[2021.02.15-23.13.02:096][  0]LogConfig: Setting CVar [[r.VolumetricFog.HistoryMissSupersampleCount:4]]
[2021.02.15-23.13.02:096][  0]LogConfig: Setting CVar [[r.LightMaxDrawDistanceScale:1]]
[2021.02.15-23.13.02:096][  0]LogConfig: Setting CVar [[r.CapsuleShadows:1]]
[2021.02.15-23.13.02:096][  0]LogConfig: Applying CVar settings from Section [PostProcessQuality@3] File [C:/Users/aveng/Documents/GitHub/CarbonPush2/CarbonPushTwo/Saved/Config/Windows/Scalability.ini]
[2021.02.15-23.13.02:096][  0]LogConfig: Setting CVar [[r.MotionBlurQuality:4]]
[2021.02.15-23.13.02:096][  0]LogConfig: Setting CVar [[r.AmbientOcclusionMipLevelFactor:0.4]]
[2021.02.15-23.13.02:096][  0]LogConfig: Setting CVar [[r.AmbientOcclusionMaxQuality:100]]
[2021.02.15-23.13.02:096][  0]LogConfig: Setting CVar [[r.AmbientOcclusionLevels:-1]]
[2021.02.15-23.13.02:096][  0]LogConfig: Setting CVar [[r.AmbientOcclusionRadiusScale:1.0]]
[2021.02.15-23.13.02:096][  0]LogConfig: Setting CVar [[r.DepthOfFieldQuality:2]]
[2021.02.15-23.13.02:096][  0]LogConfig: Setting CVar [[r.RenderTargetPoolMin:400]]
[2021.02.15-23.13.02:096][  0]LogConfig: Setting CVar [[r.LensFlareQuality:2]]
[2021.02.15-23.13.02:096][  0]LogConfig: Setting CVar [[r.SceneColorFringeQuality:1]]
[2021.02.15-23.13.02:096][  0]LogConfig: Setting CVar [[r.EyeAdaptationQuality:2]]
[2021.02.15-23.13.02:096][  0]LogConfig: Setting CVar [[r.BloomQuality:5]]
[2021.02.15-23.13.02:096][  0]LogConfig: Setting CVar [[r.FastBlurThreshold:100]]
[2021.02.15-23.13.02:097][  0]LogConfig: Setting CVar [[r.Upscale.Quality:3]]
[2021.02.15-23.13.02:097][  0]LogConfig: Setting CVar [[r.Tonemapper.GrainQuantization:1]]
[2021.02.15-23.13.02:097][  0]LogConfig: Setting CVar [[r.LightShaftQuality:1]]
[2021.02.15-23.13.02:097][  0]LogConfig: Setting CVar [[r.Filter.SizeScale:1]]
[2021.02.15-23.13.02:097][  0]LogConfig: Setting CVar [[r.Tonemapper.Quality:5]]
[2021.02.15-23.13.02:097][  0]LogConfig: Setting CVar [[r.DOF.Gather.AccumulatorQuality:1        ; higher gathering accumulator quality]]
[2021.02.15-23.13.02:097][  0]LogConfig: Setting CVar [[r.DOF.Gather.PostfilterMethod:1          ; Median3x3 postfilering method]]
[2021.02.15-23.13.02:097][  0]LogConfig: Setting CVar [[r.DOF.Gather.EnableBokehSettings:0       ; no bokeh simulation when gathering]]
[2021.02.15-23.13.02:097][  0]LogConfig: Setting CVar [[r.DOF.Gather.RingCount:4                 ; medium number of samples when gathering]]
[2021.02.15-23.13.02:097][  0]LogConfig: Setting CVar [[r.DOF.Scatter.ForegroundCompositing:1    ; additive foreground scattering]]
[2021.02.15-23.13.02:097][  0]LogConfig: Setting CVar [[r.DOF.Scatter.BackgroundCompositing:2    ; additive background scattering]]
[2021.02.15-23.13.02:097][  0]LogConfig: Setting CVar [[r.DOF.Scatter.EnableBokehSettings:1      ; bokeh simulation when scattering]]
[2021.02.15-23.13.02:097][  0]LogConfig: Setting CVar [[r.DOF.Scatter.MaxSpriteRatio:0.1         ; only a maximum of 10% of scattered bokeh]]
[2021.02.15-23.13.02:097][  0]LogConfig: Setting CVar [[r.DOF.Recombine.Quality:1                ; cheap slight out of focus]]
[2021.02.15-23.13.02:097][  0]LogConfig: Setting CVar [[r.DOF.Recombine.EnableBokehSettings:0    ; no bokeh simulation on slight out of focus]]
[2021.02.15-23.13.02:097][  0]LogConfig: Setting CVar [[r.DOF.TemporalAAQuality:1                ; more stable temporal accumulation]]
[2021.02.15-23.13.02:097][  0]LogConfig: Setting CVar [[r.DOF.Kernel.MaxForegroundRadius:0.025]]
[2021.02.15-23.13.02:097][  0]LogConfig: Setting CVar [[r.DOF.Kernel.MaxBackgroundRadius:0.025]]
[2021.02.15-23.13.02:097][  0]LogConfig: Applying CVar settings from Section [TextureQuality@3] File [C:/Users/aveng/Documents/GitHub/CarbonPush2/CarbonPushTwo/Saved/Config/Windows/Scalability.ini]
[2021.02.15-23.13.02:098][  0]LogConfig: Setting CVar [[r.Streaming.MipBias:0]]
[2021.02.15-23.13.02:098][  0]LogConfig: Setting CVar [[r.Streaming.AmortizeCPUToGPUCopy:0]]
[2021.02.15-23.13.02:098][  0]LogConfig: Setting CVar [[r.Streaming.MaxNumTexturesToStreamPerFrame:0]]
[2021.02.15-23.13.02:098][  0]LogConfig: Setting CVar [[r.Streaming.Boost:1]]
[2021.02.15-23.13.02:098][  0]LogConfig: Setting CVar [[r.MaxAnisotropy:8]]
[2021.02.15-23.13.02:098][  0]LogConfig: Setting CVar [[r.VT.MaxAnisotropy:8]]
[2021.02.15-23.13.02:098][  0]LogConfig: Setting CVar [[r.Streaming.LimitPoolSizeToVRAM:0]]
[2021.02.15-23.13.02:098][  0]LogConfig: Setting CVar [[r.Streaming.PoolSize:1000]]
[2021.02.15-23.13.02:098][  0]LogConfig: Setting CVar [[r.Streaming.MaxEffectiveScreenSize:0]]
[2021.02.15-23.13.02:098][  0]LogConfig: Applying CVar settings from Section [EffectsQuality@3] File [C:/Users/aveng/Documents/GitHub/CarbonPush2/CarbonPushTwo/Saved/Config/Windows/Scalability.ini]
[2021.02.15-23.13.02:098][  0]LogConfig: Setting CVar [[r.TranslucencyLightingVolumeDim:64]]
[2021.02.15-23.13.02:098][  0]LogConfig: Setting CVar [[r.RefractionQuality:2]]
[2021.02.15-23.13.02:098][  0]LogConfig: Setting CVar [[r.SSR.Quality:3]]
[2021.02.15-23.13.02:098][  0]LogConfig: Setting CVar [[r.SSR.HalfResSceneColor:0]]
[2021.02.15-23.13.02:098][  0]LogConfig: Setting CVar [[r.SceneColorFormat:4]]
[2021.02.15-23.13.02:098][  0]LogConfig: Setting CVar [[r.DetailMode:2]]
[2021.02.15-23.13.02:098][  0]LogConfig: Setting CVar [[r.TranslucencyVolumeBlur:1]]
[2021.02.15-23.13.02:098][  0]LogConfig: Setting CVar [[r.MaterialQualityLevel:1 ; High quality]]
[2021.02.15-23.13.02:098][  0]LogConfig: Setting CVar [[r.SSS.Scale:1]]
[2021.02.15-23.13.02:098][  0]LogConfig: Setting CVar [[r.SSS.SampleSet:2]]
[2021.02.15-23.13.02:099][  0]LogConfig: Setting CVar [[r.SSS.Quality:1]]
[2021.02.15-23.13.02:099][  0]LogConfig: Setting CVar [[r.SSS.HalfRes:0]]
[2021.02.15-23.13.02:099][  0]LogConfig: Setting CVar [[r.SSGI.Quality:3]]
[2021.02.15-23.13.02:099][  0]LogConfig: Setting CVar [[r.EmitterSpawnRateScale:1.0]]
[2021.02.15-23.13.02:099][  0]LogConfig: Setting CVar [[r.ParticleLightQuality:2]]
[2021.02.15-23.13.02:099][  0]LogConfig: Setting CVar [[r.SkyAtmosphere.AerialPerspectiveLUT.FastApplyOnOpaque:1 ; Always have FastSkyLUT 1 in this case to avoid wrong sky]]
[2021.02.15-23.13.02:099][  0]LogConfig: Setting CVar [[r.SkyAtmosphere.AerialPerspectiveLUT.SampleCountPerSlice:1]]
[2021.02.15-23.13.02:099][  0]LogConfig: Setting CVar [[r.SkyAtmosphere.AerialPerspectiveLUT.DepthResolution:16.0]]
[2021.02.15-23.13.02:099][  0]LogConfig: Setting CVar [[r.SkyAtmosphere.FastSkyLUT:1]]
[2021.02.15-23.13.02:099][  0]LogConfig: Setting CVar [[r.SkyAtmosphere.FastSkyLUT.SampleCountMin:4.0]]
[2021.02.15-23.13.02:099][  0]LogConfig: Setting CVar [[r.SkyAtmosphere.FastSkyLUT.SampleCountMax:32.0]]
[2021.02.15-23.13.02:099][  0]LogConfig: Setting CVar [[r.SkyAtmosphere.SampleCountMin:4.0]]
[2021.02.15-23.13.02:099][  0]LogConfig: Setting CVar [[r.SkyAtmosphere.SampleCountMax:32.0]]
[2021.02.15-23.13.02:099][  0]LogConfig: Setting CVar [[r.SkyAtmosphere.TransmittanceLUT.UseSmallFormat:0]]
[2021.02.15-23.13.02:099][  0]LogConfig: Setting CVar [[r.SkyAtmosphere.TransmittanceLUT.SampleCount:10.0]]
[2021.02.15-23.13.02:099][  0]LogConfig: Setting CVar [[r.SkyAtmosphere.MultiScatteringLUT.SampleCount:15.0]]
[2021.02.15-23.13.02:099][  0]LogConfig: Applying CVar settings from Section [FoliageQuality@3] File [C:/Users/aveng/Documents/GitHub/CarbonPush2/CarbonPushTwo/Saved/Config/Windows/Scalability.ini]
[2021.02.15-23.13.02:099][  0]LogConfig: Setting CVar [[foliage.DensityScale:1.0]]
[2021.02.15-23.13.02:099][  0]LogConfig: Setting CVar [[grass.DensityScale:1.0]]
[2021.02.15-23.13.02:100][  0]LogConfig: Applying CVar settings from Section [ShadingQuality@3] File [C:/Users/aveng/Documents/GitHub/CarbonPush2/CarbonPushTwo/Saved/Config/Windows/Scalability.ini]
[2021.02.15-23.13.02:100][  0]LogConfig: Setting CVar [[r.HairStrands.SkyLighting.SampleCount:16]]
[2021.02.15-23.13.02:100][  0]LogConfig: Setting CVar [[r.HairStrands.SkyLighting.JitterIntegration:0]]
[2021.02.15-23.13.02:100][  0]LogConfig: Setting CVar [[r.HairStrands.SkyAO.SampleCount:16]]
[2021.02.15-23.13.02:100][  0]LogConfig: Setting CVar [[r.HairStrands.DeepShadow.SuperSampling:0]]
[2021.02.15-23.13.02:100][  0]LogConfig: Setting CVar [[r.HairStrands.VisibilityPPLL:0]]
[2021.02.15-23.13.02:100][  0]LogConfig: Setting CVar [[r.HairStrands.RasterizationScale:0.5]]
[2021.02.15-23.13.02:100][  0]LogConfig: Setting CVar [[r.HairStrands.VelocityRasterizationScale:1]]
[2021.02.15-23.13.02:100][  0]LogInit: Selected Device Profile: [Windows]
[2021.02.15-23.13.02:100][  0]LogInit: Applying CVar settings loaded from the selected device profile: [Windows]
[2021.02.15-23.13.02:100][  0]LogHAL: Display: Platform has ~ 32 GB [34213715968 / 34359738368 / 32], which maps to Largest [LargestMinGB=32, LargerMinGB=12, DefaultMinGB=8, SmallerMinGB=6, SmallestMinGB=0)
[2021.02.15-23.13.02:100][  0]LogInit: Going up to parent DeviceProfile []
[2021.02.15-23.13.02:100][  0]LogConfig: Applying CVar settings from Section [ViewDistanceQuality@3] File [C:/Users/aveng/Documents/GitHub/CarbonPush2/CarbonPushTwo/Saved/Config/Windows/Scalability.ini]
[2021.02.15-23.13.02:100][  0]LogConfig: Setting CVar [[r.SkeletalMeshLODBias:0]]
[2021.02.15-23.13.02:100][  0]LogConfig: Setting CVar [[r.ViewDistanceScale:1.0]]
[2021.02.15-23.13.02:100][  0]LogConfig: Applying CVar settings from Section [AntiAliasingQuality@3] File [C:/Users/aveng/Documents/GitHub/CarbonPush2/CarbonPushTwo/Saved/Config/Windows/Scalability.ini]
[2021.02.15-23.13.02:100][  0]LogConfig: Setting CVar [[r.PostProcessAAQuality:4]]
[2021.02.15-23.13.02:100][  0]LogConfig: Applying CVar settings from Section [ShadowQuality@3] File [C:/Users/aveng/Documents/GitHub/CarbonPush2/CarbonPushTwo/Saved/Config/Windows/Scalability.ini]
[2021.02.15-23.13.02:101][  0]LogConfig: Setting CVar [[r.LightFunctionQuality:1]]
[2021.02.15-23.13.02:101][  0]LogConfig: Setting CVar [[r.ShadowQuality:5]]
[2021.02.15-23.13.02:101][  0]LogConfig: Setting CVar [[r.Shadow.CSM.MaxCascades:10]]
[2021.02.15-23.13.02:101][  0]LogConfig: Setting CVar [[r.Shadow.MaxResolution:2048]]
[2021.02.15-23.13.02:101][  0]LogConfig: Setting CVar [[r.Shadow.MaxCSMResolution:2048]]
[2021.02.15-23.13.02:101][  0]LogConfig: Setting CVar [[r.Shadow.RadiusThreshold:0.01]]
[2021.02.15-23.13.02:101][  0]LogConfig: Setting CVar [[r.Shadow.DistanceScale:1.0]]
[2021.02.15-23.13.02:101][  0]LogConfig: Setting CVar [[r.Shadow.CSM.TransitionScale:1.0]]
[2021.02.15-23.13.02:101][  0]LogConfig: Setting CVar [[r.Shadow.PreShadowResolutionFactor:1.0]]
[2021.02.15-23.13.02:101][  0]LogConfig: Setting CVar [[r.DistanceFieldShadowing:1]]
[2021.02.15-23.13.02:101][  0]LogConfig: Setting CVar [[r.DistanceFieldAO:1]]
[2021.02.15-23.13.02:101][  0]LogConfig: Setting CVar [[r.AOQuality:2]]
[2021.02.15-23.13.02:101][  0]LogConfig: Setting CVar [[r.VolumetricFog:1]]
[2021.02.15-23.13.02:101][  0]LogConfig: Setting CVar [[r.VolumetricFog.GridPixelSize:8]]
[2021.02.15-23.13.02:101][  0]LogConfig: Setting CVar [[r.VolumetricFog.GridSizeZ:128]]
[2021.02.15-23.13.02:101][  0]LogConfig: Setting CVar [[r.VolumetricFog.HistoryMissSupersampleCount:4]]
[2021.02.15-23.13.02:101][  0]LogConfig: Setting CVar [[r.LightMaxDrawDistanceScale:1]]
[2021.02.15-23.13.02:101][  0]LogConfig: Setting CVar [[r.CapsuleShadows:1]]
[2021.02.15-23.13.02:101][  0]LogConfig: Applying CVar settings from Section [PostProcessQuality@3] File [C:/Users/aveng/Documents/GitHub/CarbonPush2/CarbonPushTwo/Saved/Config/Windows/Scalability.ini]
[2021.02.15-23.13.02:102][  0]LogConfig: Setting CVar [[r.MotionBlurQuality:4]]
[2021.02.15-23.13.02:102][  0]LogConfig: Setting CVar [[r.AmbientOcclusionMipLevelFactor:0.4]]
[2021.02.15-23.13.02:102][  0]LogConfig: Setting CVar [[r.AmbientOcclusionMaxQuality:100]]
[2021.02.15-23.13.02:102][  0]LogConfig: Setting CVar [[r.AmbientOcclusionLevels:-1]]
[2021.02.15-23.13.02:102][  0]LogConfig: Setting CVar [[r.AmbientOcclusionRadiusScale:1.0]]
[2021.02.15-23.13.02:102][  0]LogConfig: Setting CVar [[r.DepthOfFieldQuality:2]]
[2021.02.15-23.13.02:102][  0]LogConfig: Setting CVar [[r.RenderTargetPoolMin:400]]
[2021.02.15-23.13.02:102][  0]LogConfig: Setting CVar [[r.LensFlareQuality:2]]
[2021.02.15-23.13.02:102][  0]LogConfig: Setting CVar [[r.SceneColorFringeQuality:1]]
[2021.02.15-23.13.02:102][  0]LogConfig: Setting CVar [[r.EyeAdaptationQuality:2]]
[2021.02.15-23.13.02:102][  0]LogConfig: Setting CVar [[r.BloomQuality:5]]
[2021.02.15-23.13.02:102][  0]LogConfig: Setting CVar [[r.FastBlurThreshold:100]]
[2021.02.15-23.13.02:102][  0]LogConfig: Setting CVar [[r.Upscale.Quality:3]]
[2021.02.15-23.13.02:102][  0]LogConfig: Setting CVar [[r.Tonemapper.GrainQuantization:1]]
[2021.02.15-23.13.02:102][  0]LogConfig: Setting CVar [[r.LightShaftQuality:1]]
[2021.02.15-23.13.02:102][  0]LogConfig: Setting CVar [[r.Filter.SizeScale:1]]
[2021.02.15-23.13.02:102][  0]LogConfig: Setting CVar [[r.Tonemapper.Quality:5]]
[2021.02.15-23.13.02:102][  0]LogConfig: Setting CVar [[r.DOF.Gather.AccumulatorQuality:1        ; higher gathering accumulator quality]]
[2021.02.15-23.13.02:102][  0]LogConfig: Setting CVar [[r.DOF.Gather.PostfilterMethod:1          ; Median3x3 postfilering method]]
[2021.02.15-23.13.02:102][  0]LogConfig: Setting CVar [[r.DOF.Gather.EnableBokehSettings:0       ; no bokeh simulation when gathering]]
[2021.02.15-23.13.02:103][  0]LogConfig: Setting CVar [[r.DOF.Gather.RingCount:4                 ; medium number of samples when gathering]]
[2021.02.15-23.13.02:103][  0]LogConfig: Setting CVar [[r.DOF.Scatter.ForegroundCompositing:1    ; additive foreground scattering]]
[2021.02.15-23.13.02:103][  0]LogConfig: Setting CVar [[r.DOF.Scatter.BackgroundCompositing:2    ; additive background scattering]]
[2021.02.15-23.13.02:103][  0]LogConfig: Setting CVar [[r.DOF.Scatter.EnableBokehSettings:1      ; bokeh simulation when scattering]]
[2021.02.15-23.13.02:103][  0]LogConfig: Setting CVar [[r.DOF.Scatter.MaxSpriteRatio:0.1         ; only a maximum of 10% of scattered bokeh]]
[2021.02.15-23.13.02:103][  0]LogConfig: Setting CVar [[r.DOF.Recombine.Quality:1                ; cheap slight out of focus]]
[2021.02.15-23.13.02:103][  0]LogConfig: Setting CVar [[r.DOF.Recombine.EnableBokehSettings:0    ; no bokeh simulation on slight out of focus]]
[2021.02.15-23.13.02:103][  0]LogConfig: Setting CVar [[r.DOF.TemporalAAQuality:1                ; more stable temporal accumulation]]
[2021.02.15-23.13.02:103][  0]LogConfig: Setting CVar [[r.DOF.Kernel.MaxForegroundRadius:0.025]]
[2021.02.15-23.13.02:103][  0]LogConfig: Setting CVar [[r.DOF.Kernel.MaxBackgroundRadius:0.025]]
[2021.02.15-23.13.02:103][  0]LogConfig: Applying CVar settings from Section [TextureQuality@3] File [C:/Users/aveng/Documents/GitHub/CarbonPush2/CarbonPushTwo/Saved/Config/Windows/Scalability.ini]
[2021.02.15-23.13.02:103][  0]LogConfig: Setting CVar [[r.Streaming.MipBias:0]]
[2021.02.15-23.13.02:103][  0]LogConfig: Setting CVar [[r.Streaming.AmortizeCPUToGPUCopy:0]]
[2021.02.15-23.13.02:103][  0]LogConfig: Setting CVar [[r.Streaming.MaxNumTexturesToStreamPerFrame:0]]
[2021.02.15-23.13.02:103][  0]LogConfig: Setting CVar [[r.Streaming.Boost:1]]
[2021.02.15-23.13.02:103][  0]LogConfig: Setting CVar [[r.MaxAnisotropy:8]]
[2021.02.15-23.13.02:103][  0]LogConfig: Setting CVar [[r.VT.MaxAnisotropy:8]]
[2021.02.15-23.13.02:103][  0]LogConfig: Setting CVar [[r.Streaming.LimitPoolSizeToVRAM:0]]
[2021.02.15-23.13.02:103][  0]LogConfig: Setting CVar [[r.Streaming.PoolSize:1000]]
[2021.02.15-23.13.02:103][  0]LogConfig: Setting CVar [[r.Streaming.MaxEffectiveScreenSize:0]]
[2021.02.15-23.13.02:104][  0]LogConfig: Applying CVar settings from Section [EffectsQuality@3] File [C:/Users/aveng/Documents/GitHub/CarbonPush2/CarbonPushTwo/Saved/Config/Windows/Scalability.ini]
[2021.02.15-23.13.02:104][  0]LogConfig: Setting CVar [[r.TranslucencyLightingVolumeDim:64]]
[2021.02.15-23.13.02:104][  0]LogConfig: Setting CVar [[r.RefractionQuality:2]]
[2021.02.15-23.13.02:104][  0]LogConfig: Setting CVar [[r.SSR.Quality:3]]
[2021.02.15-23.13.02:104][  0]LogConfig: Setting CVar [[r.SSR.HalfResSceneColor:0]]
[2021.02.15-23.13.02:104][  0]LogConfig: Setting CVar [[r.SceneColorFormat:4]]
[2021.02.15-23.13.02:104][  0]LogConfig: Setting CVar [[r.DetailMode:2]]
[2021.02.15-23.13.02:104][  0]LogConfig: Setting CVar [[r.TranslucencyVolumeBlur:1]]
[2021.02.15-23.13.02:104][  0]LogConfig: Setting CVar [[r.MaterialQualityLevel:1 ; High quality]]
[2021.02.15-23.13.02:104][  0]LogConfig: Setting CVar [[r.SSS.Scale:1]]
[2021.02.15-23.13.02:104][  0]LogConfig: Setting CVar [[r.SSS.SampleSet:2]]
[2021.02.15-23.13.02:104][  0]LogConfig: Setting CVar [[r.SSS.Quality:1]]
[2021.02.15-23.13.02:104][  0]LogConfig: Setting CVar [[r.SSS.HalfRes:0]]
[2021.02.15-23.13.02:104][  0]LogConfig: Setting CVar [[r.SSGI.Quality:3]]
[2021.02.15-23.13.02:104][  0]LogConfig: Setting CVar [[r.EmitterSpawnRateScale:1.0]]
[2021.02.15-23.13.02:104][  0]LogConfig: Setting CVar [[r.ParticleLightQuality:2]]
[2021.02.15-23.13.02:104][  0]LogConfig: Setting CVar [[r.SkyAtmosphere.AerialPerspectiveLUT.FastApplyOnOpaque:1 ; Always have FastSkyLUT 1 in this case to avoid wrong sky]]
[2021.02.15-23.13.02:104][  0]LogConfig: Setting CVar [[r.SkyAtmosphere.AerialPerspectiveLUT.SampleCountPerSlice:1]]
[2021.02.15-23.13.02:104][  0]LogConfig: Setting CVar [[r.SkyAtmosphere.AerialPerspectiveLUT.DepthResolution:16.0]]
[2021.02.15-23.13.02:104][  0]LogConfig: Setting CVar [[r.SkyAtmosphere.FastSkyLUT:1]]
[2021.02.15-23.13.02:105][  0]LogConfig: Setting CVar [[r.SkyAtmosphere.FastSkyLUT.SampleCountMin:4.0]]
[2021.02.15-23.13.02:105][  0]LogConfig: Setting CVar [[r.SkyAtmosphere.FastSkyLUT.SampleCountMax:32.0]]
[2021.02.15-23.13.02:105][  0]LogConfig: Setting CVar [[r.SkyAtmosphere.SampleCountMin:4.0]]
[2021.02.15-23.13.02:105][  0]LogConfig: Setting CVar [[r.SkyAtmosphere.SampleCountMax:32.0]]
[2021.02.15-23.13.02:105][  0]LogConfig: Setting CVar [[r.SkyAtmosphere.TransmittanceLUT.UseSmallFormat:0]]
[2021.02.15-23.13.02:105][  0]LogConfig: Setting CVar [[r.SkyAtmosphere.TransmittanceLUT.SampleCount:10.0]]
[2021.02.15-23.13.02:105][  0]LogConfig: Setting CVar [[r.SkyAtmosphere.MultiScatteringLUT.SampleCount:15.0]]
[2021.02.15-23.13.02:105][  0]LogConfig: Applying CVar settings from Section [FoliageQuality@3] File [C:/Users/aveng/Documents/GitHub/CarbonPush2/CarbonPushTwo/Saved/Config/Windows/Scalability.ini]
[2021.02.15-23.13.02:105][  0]LogConfig: Setting CVar [[foliage.DensityScale:1.0]]
[2021.02.15-23.13.02:105][  0]LogConfig: Setting CVar [[grass.DensityScale:1.0]]
[2021.02.15-23.13.02:105][  0]LogConfig: Applying CVar settings from Section [ShadingQuality@3] File [C:/Users/aveng/Documents/GitHub/CarbonPush2/CarbonPushTwo/Saved/Config/Windows/Scalability.ini]
[2021.02.15-23.13.02:105][  0]LogConfig: Setting CVar [[r.HairStrands.SkyLighting.SampleCount:16]]
[2021.02.15-23.13.02:105][  0]LogConfig: Setting CVar [[r.HairStrands.SkyLighting.JitterIntegration:0]]
[2021.02.15-23.13.02:105][  0]LogConfig: Setting CVar [[r.HairStrands.SkyAO.SampleCount:16]]
[2021.02.15-23.13.02:105][  0]LogConfig: Setting CVar [[r.HairStrands.DeepShadow.SuperSampling:0]]
[2021.02.15-23.13.02:105][  0]LogConfig: Setting CVar [[r.HairStrands.VisibilityPPLL:0]]
[2021.02.15-23.13.02:106][  0]LogConfig: Setting CVar [[r.HairStrands.RasterizationScale:0.5]]
[2021.02.15-23.13.02:106][  0]LogConfig: Setting CVar [[r.HairStrands.VelocityRasterizationScale:1]]
[2021.02.15-23.13.02:106][  0]LogConfig: Applying CVar settings from Section [Startup] File [../../../Engine/Config/ConsoleVariables.ini]
[2021.02.15-23.13.02:106][  0]LogConfig: Setting CVar [[net.UseAdaptiveNetUpdateFrequency:0]]
[2021.02.15-23.13.02:106][  0]LogConfig: Setting CVar [[p.chaos.AllowCreatePhysxBodies:1]]
[2021.02.15-23.13.02:106][  0]LogConfig: Setting CVar [[fx.SkipVectorVMBackendOptimizations:1]]
[2021.02.15-23.13.02:106][  0]LogConfig: Applying CVar settings from Section [ConsoleVariables] File [C:/Users/aveng/Documents/GitHub/CarbonPush2/CarbonPushTwo/Saved/Config/Windows/Engine.ini]
[2021.02.15-23.13.02:106][  0]LogInit: Computer: PROGRAMMING-PC
[2021.02.15-23.13.02:106][  0]LogInit: User: aveng
[2021.02.15-23.13.02:106][  0]LogInit: CPU Page size=4096, Cores=4
[2021.02.15-23.13.02:106][  0]LogInit: High frequency timer resolution =10.000000 MHz
[2021.02.15-23.13.02:107][  0]LogMemory: Memory total: Physical=31.9GB (32GB approx)
[2021.02.15-23.13.02:107][  0]LogMemory: Platform Memory Stats for Windows
[2021.02.15-23.13.02:107][  0]LogMemory: Process Physical Memory: 116.67 MB used, 116.67 MB peak
[2021.02.15-23.13.02:107][  0]LogMemory: Process Virtual Memory: 97.08 MB used, 97.08 MB peak
[2021.02.15-23.13.02:107][  0]LogMemory: Physical Memory: 14850.44 MB used,  17778.30 MB free, 32628.74 MB total
[2021.02.15-23.13.02:107][  0]LogMemory: Virtual Memory: 5144.93 MB used,  134212584.00 MB free, 134217728.00 MB total
[2021.02.15-23.13.02:124][  0]LogWindows: WindowsPlatformFeatures enabled
[2021.02.15-23.13.02:382][  0]LogInit: Physics initialised using underlying interface: PhysX
[2021.02.15-23.13.02:384][  0]LogInit: Using OS detected language (en-GB).
[2021.02.15-23.13.02:384][  0]LogInit: Using OS detected locale (en-GB).
[2021.02.15-23.13.02:386][  0]LogTextLocalizationManager: No specific localization for 'en-GB' exists, so the 'en' localization will be used.
[2021.02.15-23.13.02:626][  0]LogInit: Setting process to per monitor DPI aware
[2021.02.15-23.13.02:694][  0]LogSlate: New Slate User Created.  User Index 0, Is Virtual User: 0
[2021.02.15-23.13.02:694][  0]LogSlate: Slate User Registered.  User Index 0, Is Virtual User: 0
[2021.02.15-23.13.02:897][  0]LogHMD: Failed to initialize OpenVR with code 110
[2021.02.15-23.13.02:897][  0]LogD3D11RHI: D3D11 min allowed feature level: 11_0
[2021.02.15-23.13.02:897][  0]LogD3D11RHI: D3D11 max allowed feature level: 11_0
[2021.02.15-23.13.02:897][  0]LogD3D11RHI: D3D11 adapters:
[2021.02.15-23.13.03:066][  0]LogD3D11RHI:    0. 'NVIDIA GeForce GTX 1060 6GB' (Feature Level 11_0)
[2021.02.15-23.13.03:066][  0]LogD3D11RHI:       6052/0/16314 MB DedicatedVideo/DedicatedSystem/SharedSystem, Outputs:1, VendorId:0x10de
[2021.02.15-23.13.03:085][  0]LogD3D11RHI:    1. 'Intel(R) HD Graphics 4600' (Feature Level 11_0)
[2021.02.15-23.13.03:085][  0]LogD3D11RHI:       112/0/2048 MB DedicatedVideo/DedicatedSystem/SharedSystem, Outputs:0, VendorId:0x8086
[2021.02.15-23.13.03:090][  0]LogD3D11RHI:    2. 'Microsoft Basic Render Driver' (Feature Level 11_0)
[2021.02.15-23.13.03:091][  0]LogD3D11RHI:       0/0/16314 MB DedicatedVideo/DedicatedSystem/SharedSystem, Outputs:0, VendorId:0x1414
[2021.02.15-23.13.03:091][  0]LogD3D11RHI: Chosen D3D11 Adapter: 0
[2021.02.15-23.13.03:097][  0]LogD3D11RHI: Creating new Direct3DDevice
[2021.02.15-23.13.03:098][  0]LogD3D11RHI:     GPU DeviceId: 0x1c03 (for the marketing name, search the web for "GPU Device Id")
[2021.02.15-23.13.03:098][  0]LogWindows: EnumDisplayDevices:
[2021.02.15-23.13.03:098][  0]LogWindows:    0. 'NVIDIA GeForce GTX 1060 6GB' (P:1 D:1)
[2021.02.15-23.13.03:099][  0]LogWindows:    1. 'NVIDIA GeForce GTX 1060 6GB' (P:0 D:0)
[2021.02.15-23.13.03:100][  0]LogWindows:    2. 'NVIDIA GeForce GTX 1060 6GB' (P:0 D:0)
[2021.02.15-23.13.03:100][  0]LogWindows:    3. 'NVIDIA GeForce GTX 1060 6GB' (P:0 D:0)
[2021.02.15-23.13.03:101][  0]LogWindows:    4. 'Intel(R) HD Graphics 4600' (P:0 D:0)
[2021.02.15-23.13.03:102][  0]LogWindows:    5. 'Intel(R) HD Graphics 4600' (P:0 D:0)
[2021.02.15-23.13.03:103][  0]LogWindows:    6. 'Intel(R) HD Graphics 4600' (P:0 D:0)
[2021.02.15-23.13.03:103][  0]LogWindows: DebugString: PrimaryIsNotTheChoosenAdapter PrimaryIsNotTheChoosenAdapter PrimaryIsNotTheChoosenAdapter FoundDriverCount:4 
[2021.02.15-23.13.03:104][  0]LogD3D11RHI:     Adapter Name: NVIDIA GeForce GTX 1060 6GB
[2021.02.15-23.13.03:104][  0]LogD3D11RHI:   Driver Version: 461.40 (internal:27.21.14.6140, unified:461.40)
[2021.02.15-23.13.03:104][  0]LogD3D11RHI:      Driver Date: 1-22-2021
[2021.02.15-23.13.03:104][  0]LogRHI: Texture pool is 4236 MB (70% of 6052 MB)
[2021.02.15-23.13.03:207][  0]LogD3D11RHI: RHI has support for 64 bit atomics
[2021.02.15-23.13.03:207][  0]LogD3D11RHI: Async texture creation enabled
[2021.02.15-23.13.03:207][  0]LogD3D11RHI: Array index from any shader is supported
[2021.02.15-23.13.03:233][  0]LogD3D11RHI: GPU Timing Frequency: 1000.000000 (Debug: 2 1)
[2021.02.15-23.13.03:767][  0]LogTargetPlatformManager: Display: Loaded TargetPlatform 'AllDesktop'
[2021.02.15-23.13.03:800][  0]LogTargetPlatformManager: Display: Loaded TargetPlatform 'Android'
[2021.02.15-23.13.03:800][  0]LogTargetPlatformManager: Display: Loaded TargetPlatform 'Android_ASTC'
[2021.02.15-23.13.03:800][  0]LogTargetPlatformManager: Display: Loaded TargetPlatform 'Android_DXT'
[2021.02.15-23.13.03:801][  0]LogTargetPlatformManager: Display: Loaded TargetPlatform 'Android_ETC2'
[2021.02.15-23.13.03:801][  0]LogTargetPlatformManager: Display: Loaded TargetPlatform 'AndroidClient'
[2021.02.15-23.13.03:801][  0]LogTargetPlatformManager: Display: Loaded TargetPlatform 'Android_ASTCClient'
[2021.02.15-23.13.03:801][  0]LogTargetPlatformManager: Display: Loaded TargetPlatform 'Android_DXTClient'
[2021.02.15-23.13.03:801][  0]LogTargetPlatformManager: Display: Loaded TargetPlatform 'Android_ETC2Client'
[2021.02.15-23.13.03:801][  0]LogTargetPlatformManager: Display: Loaded TargetPlatform 'Android_Multi'
[2021.02.15-23.13.03:801][  0]LogTargetPlatformManager: Display: Loaded TargetPlatform 'Android_MultiClient'
[2021.02.15-23.13.03:859][  0]LogTargetPlatformManager: Display: Loaded TargetPlatform 'IOSClient'
[2021.02.15-23.13.03:859][  0]LogTargetPlatformManager: Display: Loaded TargetPlatform 'IOS'
[2021.02.15-23.13.03:880][  0]LogTargetPlatformManager: Display: Loaded TargetPlatform 'Linux'
[2021.02.15-23.13.03:896][  0]LogTargetPlatformManager: Display: Loaded TargetPlatform 'LinuxNoEditor'
[2021.02.15-23.13.03:913][  0]LogTargetPlatformManager: Display: Loaded TargetPlatform 'LinuxClient'
[2021.02.15-23.13.03:929][  0]LogTargetPlatformManager: Display: Loaded TargetPlatform 'LinuxServer'
[2021.02.15-23.13.03:944][  0]LogTargetPlatformManager: Display: Loaded TargetPlatform 'LinuxAArch64NoEditor'
[2021.02.15-23.13.03:960][  0]LogTargetPlatformManager: Display: Loaded TargetPlatform 'LinuxAArch64Client'
[2021.02.15-23.13.03:980][  0]LogTargetPlatformManager: Display: Loaded TargetPlatform 'LinuxAArch64Server'
[2021.02.15-23.13.04:014][  0]LogTargetPlatformManager: Display: Loaded TargetPlatform 'Lumin'
[2021.02.15-23.13.04:015][  0]LogTargetPlatformManager: Display: Loaded TargetPlatform 'LuminClient'
[2021.02.15-23.13.04:037][  0]LogTargetPlatformManager: Display: Loaded TargetPlatform 'TVOSClient'
[2021.02.15-23.13.04:038][  0]LogTargetPlatformManager: Display: Loaded TargetPlatform 'TVOS'
[2021.02.15-23.13.04:058][  0]LogTargetPlatformManager: Display: Loaded TargetPlatform 'WindowsNoEditor'
[2021.02.15-23.13.04:080][  0]LogTargetPlatformManager: Display: Loaded TargetPlatform 'Windows'
[2021.02.15-23.13.04:099][  0]LogTargetPlatformManager: Display: Loaded TargetPlatform 'WindowsClient'
[2021.02.15-23.13.04:119][  0]LogTargetPlatformManager: Display: Loaded TargetPlatform 'WindowsServer'
[2021.02.15-23.13.04:119][  0]LogTargetPlatformManager: Display: Building Assets For Windows
[2021.02.15-23.13.04:151][  0]LogAudioDebug: Display: Lib vorbis DLL was dynamically loaded.
[2021.02.15-23.13.04:364][  0]LogShaderCompilers: Guid format shader working directory is -12 characters bigger than the processId version (C:/Users/aveng/Documents/GitHub/CarbonPush2/CarbonPushTwo/Intermediate/Shaders/WorkingDirectory/31560/).
[2021.02.15-23.13.04:364][  0]LogShaderCompilers: Cleaned the shader compiler working directory 'C:/Users/aveng/AppData/Local/Temp/UnrealShaderWorkingDir/81ACDC694E67216C7ACBB8BE40187E51/'.
[2021.02.15-23.13.04:365][  0]LogXGEController: Cleaning working directory: C:/Users/aveng/AppData/Local/Temp/UnrealXGEWorkingDir/
[2021.02.15-23.13.04:366][  0]LogXGEController: Cannot use XGE Controller as Incredibuild is not installed on this machine.
[2021.02.15-23.13.04:366][  0]LogShaderCompilers: Cannot use XGE Shader Compiler as Incredibuild is not installed on this machine.
[2021.02.15-23.13.04:366][  0]LogShaderCompilers: Display: Using Local Shader Compiler.
[2021.02.15-23.13.05:210][  0]LogDerivedDataCache: Display: Max Cache Size: 512 MB
[2021.02.15-23.13.05:277][  0]LogDerivedDataCache: Loaded boot cache 0.07s 76MB C:/Users/aveng/AppData/Local/UnrealEngine/4.25/DerivedDataCache/Boot.ddc.
[2021.02.15-23.13.05:277][  0]LogDerivedDataCache: Display: Loaded Boot cache: C:/Users/aveng/AppData/Local/UnrealEngine/4.25/DerivedDataCache/Boot.ddc
[2021.02.15-23.13.05:278][  0]LogDerivedDataCache: FDerivedDataBackendGraph:  Pak pak cache file C:/Users/aveng/Documents/GitHub/CarbonPush2/CarbonPushTwo/DerivedDataCache/DDC.ddp not found, will not use a pak cache.
[2021.02.15-23.13.05:278][  0]LogDerivedDataCache: Unable to find inner node Pak for hierarchical cache Hierarchy.
[2021.02.15-23.13.05:278][  0]LogDerivedDataCache: FDerivedDataBackendGraph:  CompressedPak pak cache file C:/Users/aveng/Documents/GitHub/CarbonPush2/CarbonPushTwo/DerivedDataCache/Compressed.ddp not found, will not use a pak cache.
[2021.02.15-23.13.05:278][  0]LogDerivedDataCache: Unable to find inner node CompressedPak for hierarchical cache Hierarchy.
[2021.02.15-23.13.05:289][  0]LogDerivedDataCache: Display: Pak cache opened for reading ../../../Engine/DerivedDataCache/Compressed.ddp.
[2021.02.15-23.13.05:290][  0]LogDerivedDataCache: FDerivedDataBackendGraph:  EnterprisePak pak cache file ../../../Enterprise/DerivedDataCache/Compressed.ddp not found, will not use a pak cache.
[2021.02.15-23.13.05:290][  0]LogDerivedDataCache: Unable to find inner node EnterprisePak for hierarchical cache Hierarchy.
[2021.02.15-23.13.05:292][  0]LogDerivedDataCache: Using Local data cache path C:/Users/aveng/AppData/Local/UnrealEngine/Common/DerivedDataCache: Writable
[2021.02.15-23.13.05:292][  0]LogDerivedDataCache: Shared data cache path not found in *engine.ini, will not use an Shared cache.
[2021.02.15-23.13.05:292][  0]LogDerivedDataCache: Unable to find inner node Shared for hierarchical cache Hierarchy.
[2021.02.15-23.13.05:344][  0]LogSlate: Using FreeType 2.10.0
[2021.02.15-23.13.05:345][  0]LogSlate: SlateFontServices - WITH_FREETYPE: 1, WITH_HARFBUZZ: 1
[2021.02.15-23.13.05:382][  0]LogAssetRegistry: FAssetRegistry took 0.0043 seconds to start up
[2021.02.15-23.13.05:625][  0]LogInit: Selected Device Profile: [Windows]
[2021.02.15-23.13.05:836][  0]LogMeshReduction: Using QuadricMeshReduction for automatic static mesh reduction
[2021.02.15-23.13.05:836][  0]LogMeshReduction: Using SimplygonMeshReduction for automatic skeletal mesh reduction
[2021.02.15-23.13.05:836][  0]LogMeshReduction: Using ProxyLODMeshReduction for automatic mesh merging
[2021.02.15-23.13.05:836][  0]LogMeshReduction: No distributed automatic mesh merging module available
[2021.02.15-23.13.05:836][  0]LogMeshMerging: No distributed automatic mesh merging module available
[2021.02.15-23.13.05:866][  0]LogNetVersion: CarbonPushTwo 1.0.0, NetCL: 13144385, EngineNetVer: 14, GameNetVer: 0 (Checksum: 1376232862)
[2021.02.15-23.13.06:373][  0]LogAISub: UAISubsystem::UAISubsystem AISubsystem (00000188934143C0), frame # 0
[2021.02.15-23.13.06:373][  0]LogAISub: UAISubsystem::UAISubsystem AIPerceptionSystem (000001889772FC40), frame # 0
[2021.02.15-23.13.06:375][  0]LogAISub: UAISubsystem::UAISubsystem EnvQueryManager (0000018897792600), frame # 0
[2021.02.15-23.13.06:461][  0]LogPackageLocalizationCache: Processed 19 localized package path(s) for 1 prioritized culture(s) in 0.078216 seconds
[2021.02.15-23.13.06:466][  0]LogUObjectArray: 15917 objects as part of root set at end of initial load.
[2021.02.15-23.13.06:466][  0]LogUObjectAllocator: 3965568 out of 0 bytes used by permanent object pool.
[2021.02.15-23.13.06:466][  0]LogUObjectArray: CloseDisregardForGC: 0/0 objects in disregard for GC pool
[2021.02.15-23.13.07:490][  0]LogTcpMessaging: Initializing TcpMessaging bridge
[2021.02.15-23.13.07:505][  0]LogUdpMessaging: Initializing bridge on interface 0.0.0.0:0 to multicast group 230.0.0.1:6666.
[2021.02.15-23.13.07:886][  0]SourceControl: Source control is disabled
[2021.02.15-23.13.09:512][  0]LogAndroidPermission: UAndroidPermissionCallbackProxy::GetInstance
[2021.02.15-23.13.09:586][  0]LogAudioCaptureCore: Display: No Audio Capture implementations found. Audio input will be silent.
[2021.02.15-23.13.09:586][  0]LogAudioCaptureCore: Display: No Audio Capture implementations found. Audio input will be silent.
[2021.02.15-23.13.09:708][  0]LogOcInput: OculusInput pre-init called
[2021.02.15-23.13.09:736][  0]LogWindows: Failed to load 'OVRPlugin.dll' (GetLastError=126)
[2021.02.15-23.13.09:736][  0]LogWindows: File 'OVRPlugin.dll' does not exist
[2021.02.15-23.13.09:865][  0]LogEngine: Initializing Engine...
[2021.02.15-23.13.09:866][  0]LogHMD: Failed to initialize OpenVR with code 110
[2021.02.15-23.13.09:866][  0]LogMagicLeap: Warning: VR disabled because ZI is not enabled.  To enable, in the editor, Edit -> Project Settings -> Plugins -> Magic Leap Plugin -> Enable Zero Iteration
[2021.02.15-23.13.09:867][  0]LogStats: UGameplayTagsManager::InitializeManager -  0.000 s
[2021.02.15-23.13.09:995][  0]LogInit: Initializing FReadOnlyCVARCache
[2021.02.15-23.13.10:012][  0]LogAIModule: Creating AISystem for world Untitled
[2021.02.15-23.13.10:013][  0]LogAISub: UAISubsystem::UAISubsystem EnvQueryManager (0000018898E33C00), frame # 0
[2021.02.15-23.13.10:013][  0]LogAISub: UAISubsystem::UAISubsystem AIPerceptionSystem (0000018898EA16C0), frame # 0
[2021.02.15-23.13.10:041][  0]LogAudioMixer: Display: Audio Mixer Platform Settings:
[2021.02.15-23.13.10:041][  0]LogAudioMixer: Display: 	Sample Rate:						  48000
[2021.02.15-23.13.10:041][  0]LogAudioMixer: Display: 	Callback Buffer Frame Size Requested: 1024
[2021.02.15-23.13.10:041][  0]LogAudioMixer: Display: 	Callback Buffer Frame Size To Use:	  1024
[2021.02.15-23.13.10:041][  0]LogAudioMixer: Display: 	Number of buffers to queue:			  2
[2021.02.15-23.13.10:041][  0]LogAudioMixer: Display: 	Max Channels (voices):				  32
[2021.02.15-23.13.10:041][  0]LogAudioMixer: Display: 	Number of Async Source Workers:		  0
[2021.02.15-23.13.10:041][  0]LogAudio: Display: AudioDevice MaxSources: 32
[2021.02.15-23.13.10:042][  0]LogAudio: Display: Using built-in audio occlusion.
[2021.02.15-23.13.10:042][  0]LogAudioMixer: Display: Initializing audio mixer.
[2021.02.15-23.13.10:097][  0]LogAudioMixer: Display: 0: FrontLeft
[2021.02.15-23.13.10:097][  0]LogAudioMixer: Display: 1: FrontRight
[2021.02.15-23.13.10:097][  0]LogAudioMixer: Display: 2: FrontCenter
[2021.02.15-23.13.10:097][  0]LogAudioMixer: Display: 3: LowFrequency
[2021.02.15-23.13.10:097][  0]LogAudioMixer: Display: 4: BackLeft
[2021.02.15-23.13.10:097][  0]LogAudioMixer: Display: 5: BackRight
[2021.02.15-23.13.10:097][  0]LogAudioMixer: Display: 6: SideLeft
[2021.02.15-23.13.10:097][  0]LogAudioMixer: Display: 7: SideRight
[2021.02.15-23.13.10:183][  0]LogAudioMixer: Display: Using Audio Device Speakers (THX Spatial Audio)
[2021.02.15-23.13.10:188][  0]LogAudioMixer: Display: Initializing Sound Submixes...
[2021.02.15-23.13.10:191][  0]LogAudioMixer: Display: Creating Master Submix 'MasterSubmixDefault'
[2021.02.15-23.13.10:192][  0]LogAudioMixer: Display: Creating Master Submix 'MasterReverbSubmixDefault'
[2021.02.15-23.13.10:193][  0]LogAudioMixer: Display: Creating Master Submix 'MasterEQSubmixDefault'
[2021.02.15-23.13.10:195][  0]LogInit: FAudioDevice initialized.
[2021.02.15-23.13.10:195][  0]LogNetVersion: Set ProjectVersion to 1.0.0.0. Version Checksum will be recalculated on next use.
[2021.02.15-23.13.10:432][  0]LogDerivedDataCache: Saved boot cache 0.24s 76MB C:/Users/aveng/AppData/Local/UnrealEngine/4.25/DerivedDataCache/Boot.ddc.
[2021.02.15-23.13.10:434][  0]LogInit: Texture streaming: Enabled
[2021.02.15-23.13.10:480][  0]LogEngineSessionManager: EngineSessionManager initialized
[2021.02.15-23.13.10:480][  0]LogEditorSessionSummary: Verbose: Initializing EditorSessionSummaryWriter for editor session tracking
[2021.02.15-23.13.10:486][  0]LogEditorSessionSummary: EditorSessionSummaryWriter initialized
[2021.02.15-23.13.10:544][  0]LogInit: Transaction tracking system initialized
[2021.02.15-23.13.10:624][  0]BlueprintLog: New page: Editor Load
[2021.02.15-23.13.10:888][  0]LocalizationService: Localization service is disabled
[2021.02.15-23.13.11:206][  0]LogCook: Display: Max memory allowance for cook 16384mb min free memory 0mb
[2021.02.15-23.13.11:206][  0]LogCook: Display: Mobile HDR setting 1
[2021.02.15-23.13.11:619][  0]LogFileCache: Scanning file cache for directory 'C:/Users/aveng/Documents/GitHub/CarbonPush2/CarbonPushTwo/Content/' took 0.01s
[2021.02.15-23.13.11:923][  0]LogUnrealEdMisc: Loading editor; pre map load, took 12.703
[2021.02.15-23.13.11:923][  0]Cmd: MAP LOAD FILE="C:/Users/aveng/Documents/GitHub/CarbonPush2/CarbonPushTwo/Content/Levels/Main_Screen.umap" TEMPLATE=0 SHOWPROGRESS=1 FEATURELEVEL=3
[2021.02.15-23.13.11:924][  0]LightingResults: New page: Lighting Build
[2021.02.15-23.13.11:925][  0]LogWorld: UWorld::CleanupWorld for Untitled, bSessionEnded=true, bCleanupResources=true
[2021.02.15-23.13.11:925][  0]LogSlate: InvalidateAllWidgets triggered.  All widgets were invalidated
[2021.02.15-23.13.11:925][  0]MapCheck: New page: Map Check
[2021.02.15-23.13.11:925][  0]LightingResults: New page: Lighting Build
[2021.02.15-23.13.11:935][  0]LogAISub: UAISubsystem::~UAISubsystem EnvQueryManager (0000018898E33C00), frame # 0
[2021.02.15-23.13.11:936][  0]LogAISub: UAISubsystem::~UAISubsystem AIPerceptionSystem (0000018898EA16C0), frame # 0
[2021.02.15-23.13.11:937][  0]LogUObjectHash: Compacting FUObjectHashTables data took   0.84ms
[2021.02.15-23.13.12:252][  0]LogAIModule: Creating AISystem for world Main_Screen
[2021.02.15-23.13.12:252][  0]LogAISub: UAISubsystem::UAISubsystem EnvQueryManager (00000188A1E45800), frame # 0
[2021.02.15-23.13.12:252][  0]LogAISub: UAISubsystem::UAISubsystem AIPerceptionSystem (00000188888E25C0), frame # 0
[2021.02.15-23.13.12:263][  0]LogEditorServer: Finished looking for orphan Actors (0.000 secs)
[2021.02.15-23.13.12:292][  0]LogUObjectHash: Compacting FUObjectHashTables data took   0.80ms
[2021.02.15-23.13.12:293][  0]Cmd: MAP CHECKDEP NOCLEARLOG
[2021.02.15-23.13.12:293][  0]MapCheck: Map check complete: 0 Error(s), 0 Warning(s), took 0.248ms to complete.
[2021.02.15-23.13.12:293][  0]LogFileHelpers: Loading map 'Main_Screen' took 0.370
[2021.02.15-23.13.12:297][  0]LogUnrealEdMisc: Total Editor Startup Time, took 13.078
[2021.02.15-23.13.12:460][  0]LogSlate: Updating window title bar state: overlay mode, drag disabled, window buttons hidden, title bar hidden
[2021.02.15-23.13.12:470][  0]LogSlate: Updating window title bar state: overlay mode, drag disabled, window buttons hidden, title bar hidden
[2021.02.15-23.13.12:479][  0]LogSlate: Updating window title bar state: overlay mode, drag disabled, window buttons hidden, title bar hidden
[2021.02.15-23.13.12:487][  0]LogSlate: Updating window title bar state: overlay mode, drag disabled, window buttons hidden, title bar hidden
[2021.02.15-23.13.12:508][  0]LogCollectionManager: Loaded 0 collections in 0.002650 seconds
[2021.02.15-23.13.12:539][  0]LogFileCache: Scanning file cache for directory 'C:/Users/aveng/Documents/GitHub/CarbonPush2/CarbonPushTwo/Saved/Collections/' took 0.00s
[2021.02.15-23.13.12:540][  0]LogFileCache: Scanning file cache for directory 'C:/Users/aveng/Documents/GitHub/CarbonPush2/CarbonPushTwo/Content/Developers/aveng/Collections/' took 0.00s
[2021.02.15-23.13.12:540][  0]LogFileCache: Scanning file cache for directory 'C:/Users/aveng/Documents/GitHub/CarbonPush2/CarbonPushTwo/Content/Collections/' took 0.00s
[2021.02.15-23.13.12:540][  0]LogContentBrowser: Native class hierarchy populated in 0.0156 seconds. Added 3448 classes and 828 folders.
[2021.02.15-23.13.12:543][  0]LogContentBrowser: Native class hierarchy updated for 'WidgetCarousel' in 0.0005 seconds. Added 0 classes and 0 folders.
[2021.02.15-23.13.12:652][  0]LogContentBrowser: Native class hierarchy updated for 'AddContentDialog' in 0.0007 seconds. Added 0 classes and 0 folders.
[2021.02.15-23.13.12:654][  0]LogContentBrowser: Native class hierarchy updated for 'SceneOutliner' in 0.0008 seconds. Added 2 classes and 0 folders.
[2021.02.15-23.13.12:790][  0]LogSlate: Took 0.000277 seconds to synchronously load lazily loaded font '../../../Engine/Content/Slate/Fonts/Roboto-Regular.ttf' (155K)
[2021.02.15-23.13.12:792][  0]LogSlate: Took 0.000242 seconds to synchronously load lazily loaded font '../../../Engine/Content/Slate/Fonts/Roboto-Bold.ttf' (160K)
[2021.02.15-23.13.12:799][  0]LogSlate: Took 0.000270 seconds to synchronously load lazily loaded font '../../../Engine/Content/Editor/Slate/Fonts/FontAwesome.ttf' (139K)
[2021.02.15-23.13.12:891][  0]LogRenderer: Reallocating scene render targets to support 256x256 Format 10 NumSamples 1 (Frame:1).
[2021.02.15-23.13.12:920][  0]LogRenderer: Reallocating scene render targets to support 1292x628 Format 10 NumSamples 1 (Frame:1).
[2021.02.15-23.13.12:998][  0]LogSlate: Took 0.000279 seconds to synchronously load lazily loaded font '../../../Engine/Content/Slate/Fonts/Roboto-Light.ttf' (167K)
[2021.02.15-23.13.13:084][  0]LogContentBrowser: Native class hierarchy updated for 'HierarchicalLODOutliner' in 0.0007 seconds. Added 0 classes and 0 folders.
[2021.02.15-23.13.13:084][  0]LogLoad: (Engine Initialization) Total time: 13.86 seconds
[2021.02.15-23.13.13:084][  0]LogLoad: (Engine Initialization) Total Blueprint compile time: 0.00 seconds
[2021.02.15-23.13.13:122][  0]LogAssetRegistry: Asset discovery search completed in 7.7419 seconds
[2021.02.15-23.13.13:127][  0]LogCollectionManager: Fixed up redirectors for 0 collections in 0.000002 seconds (updated 0 objects)
[2021.02.15-23.13.13:128][  0]LogContentStreaming: Texture pool size now 1000 MB
[2021.02.15-23.13.16:021][321]Candidate modules for hot reload:
[2021.02.15-23.13.16:022][321]  CarbonPushTwo
[2021.02.15-23.13.16:022][321]Launching UnrealBuildTool... [E:/UNREAL ENGINE/UE_4.25/Engine/Binaries/DotNET/UnrealBuildTool.exe  -ModuleWithSuffix=CarbonPushTwo,8060 CarbonPushTwoEditor Win64 Development -Project="C:/Users/aveng/Documents/GitHub/CarbonPush2/CarbonPushTwo/CarbonPushTwo.uproject" "C:/Users/aveng/Documents/GitHub/CarbonPush2/CarbonPushTwo/CarbonPushTwo.uproject"  -IgnoreJunk]
[2021.02.15-23.13.16:105][321]Warning: Starting HotReload took  0.1s.
[2021.02.15-23.13.19:131][567]CompilerResultsLog: New page: Compilation - 15 Feb 2021, 23:13:19
[2021.02.15-23.13.19:132][567]CompilerResultsLog: Using 'git status' to determine working set for adaptive non-unity build (C:\Users\aveng\Documents\GitHub\CarbonPush2).
[2021.02.15-23.13.19:132][567]CompilerResultsLog: Building CarbonPushTwoEditor...
[2021.02.15-23.13.19:132][567]CompilerResultsLog: Using Visual Studio 2019 14.28.29337 toolchain (C:\Program Files (x86)\Microsoft Visual Studio\2019\Community\VC\Tools\MSVC\14.28.29333) and Windows 10.0.18362.0 SDK (C:\Program Files (x86)\Windows Kits\10).
[2021.02.15-23.13.19:132][567]CompilerResultsLog: Building 3 actions with 8 processes...
[2021.02.15-23.13.19:132][567]CompilerResultsLog:   [1/3] UE4Editor-CarbonPushTwo-8060.lib
[2021.02.15-23.13.19:132][567]CompilerResultsLog:      Creating library C:\Users\aveng\Documents\GitHub\CarbonPush2\CarbonPushTwo\Intermediate\Build\Win64\UE4Editor\Development\CarbonPushTwo\UE4Editor-CarbonPushTwo-8060.lib and object C:\Users\aveng\Documents\GitHub\CarbonPush2\CarbonPushTwo\Intermediate\Build\Win64\UE4Editor\Development\CarbonPushTwo\UE4Editor-CarbonPushTwo-8060.exp
[2021.02.15-23.13.19:132][567]CompilerResultsLog:   [2/3] UE4Editor-CarbonPushTwo-8060.dll
[2021.02.15-23.13.19:132][567]CompilerResultsLog:      Creating library C:\Users\aveng\Documents\GitHub\CarbonPush2\CarbonPushTwo\Intermediate\Build\Win64\UE4Editor\Development\CarbonPushTwo\UE4Editor-CarbonPushTwo-8060.suppressed.lib and object C:\Users\aveng\Documents\GitHub\CarbonPush2\CarbonPushTwo\Intermediate\Build\Win64\UE4Editor\Development\CarbonPushTwo\UE4Editor-CarbonPushTwo-8060.suppressed.exp
[2021.02.15-23.13.19:133][567]CompilerResultsLog:   [3/3] CarbonPushTwoEditor.target
[2021.02.15-23.13.19:133][567]CompilerResultsLog: Total time in Parallel executor: 1.67 seconds
[2021.02.15-23.13.19:133][567]CompilerResultsLog: Total execution time: 2.89 seconds
[2021.02.15-23.13.19:133][567]LogMainFrame: MainFrame: Module compiling took 3.116 seconds
[2021.02.15-23.13.19:179][567]LogContentBrowser: Native class hierarchy updated for 'CarbonPushTwo' in 0.0008 seconds. Added 12 classes and 2 folders.
[2021.02.15-23.13.19:182][567]Display: HotReload successful (11 functions remapped  0 scriptstructs remapped)
[2021.02.15-23.13.19:243][567]LogContentBrowser: Native class hierarchy populated in 0.0091 seconds. Added 3448 classes and 828 folders.
[2021.02.15-23.13.19:243][567]Display: HotReload took  3.2s.
[2021.02.15-23.13.21:182][747]LogActor: Warning: BP_MoveableObjects_C /Engine/Transient.World_0:PersistentLevel.BP_MoveableObjects_C_0 has natively added scene component(s), but none of them were set as the actor's RootComponent - picking one arbitrarily
[2021.02.15-23.13.21:208][748]LogActor: Warning: BP_Grenade_C /Engine/Transient.World_1:PersistentLevel.BP_Grenade_C_0 has natively added scene component(s), but none of them were set as the actor's RootComponent - picking one arbitrarily
[2021.02.15-23.13.22:319][860]LogSlate: Took 0.000192 seconds to synchronously load lazily loaded font '../../../Engine/Content/Slate/Fonts/Roboto-Light.ttf' (167K)
[2021.02.15-23.13.22:333][860]LogAssetEditorSubsystem: Opening Asset editor for BehaviorTree /Game/ArtificalIntelligence/BT_EnemyBehavior.BT_EnemyBehavior
[2021.02.15-23.13.22:481][860]LogSlate: Took 0.000314 seconds to synchronously load lazily loaded font '../../../Engine/Content/Slate/Fonts/Roboto-BoldCondensed.ttf' (158K)
[2021.02.15-23.13.26:235][131]LogTemp: Repeating last play command: Selected Viewport
[2021.02.15-23.13.26:257][131]LogPlayLevel: PlayLevel: No blueprints needed recompiling
[2021.02.15-23.13.26:258][131]PIE: New page: PIE session: Main_Screen (15 Feb 2021, 23:13:26)
[2021.02.15-23.13.26:260][131]LogOnline: OSS: Creating online subsystem instance for: NULL
[2021.02.15-23.13.26:262][131]LogOnline: OSS: TryLoadSubsystemAndSetDefault: Loaded subsystem for module [NULL]
[2021.02.15-23.13.26:262][131]LogPlayLevel: Creating play world package: /Game/Levels/UEDPIE_0_Main_Screen
[2021.02.15-23.13.26:280][131]LogPlayLevel: PIE: StaticDuplicateObject took: (0.017691s)
[2021.02.15-23.13.26:281][131]LogAIModule: Creating AISystem for world Main_Screen
[2021.02.15-23.13.26:281][131]LogAISub: UAISubsystem::UAISubsystem EnvQueryManager (00000188BF32D200), frame # 1131
[2021.02.15-23.13.26:282][131]LogAISub: UAISubsystem::UAISubsystem AIPerceptionSystem (00000188BF345E40), frame # 1131
[2021.02.15-23.13.26:282][131]LogPlayLevel: PIE: World Init took: (0.001880s)
[2021.02.15-23.13.26:282][131]LogPlayLevel: PIE: Created PIE world by copying editor world from /Game/Levels/Main_Screen.Main_Screen to /Game/Levels/UEDPIE_0_Main_Screen.Main_Screen (0.019975s)
[2021.02.15-23.13.26:291][131]LogUObjectHash: Compacting FUObjectHashTables data took   0.65ms
[2021.02.15-23.13.26:293][131]LogAudioMixer: Display: Audio Mixer Platform Settings:
[2021.02.15-23.13.26:293][131]LogAudioMixer: Display: 	Sample Rate:						  48000
[2021.02.15-23.13.26:293][131]LogAudioMixer: Display: 	Callback Buffer Frame Size Requested: 1024
[2021.02.15-23.13.26:293][131]LogAudioMixer: Display: 	Callback Buffer Frame Size To Use:	  1024
[2021.02.15-23.13.26:293][131]LogAudioMixer: Display: 	Number of buffers to queue:			  2
[2021.02.15-23.13.26:293][131]LogAudioMixer: Display: 	Max Channels (voices):				  32
[2021.02.15-23.13.26:294][131]LogAudioMixer: Display: 	Number of Async Source Workers:		  0
[2021.02.15-23.13.26:294][131]LogAudio: Display: AudioDevice MaxSources: 32
[2021.02.15-23.13.26:294][131]LogAudio: Display: Using built-in audio occlusion.
[2021.02.15-23.13.26:294][131]LogAudioMixer: Display: Initializing audio mixer.
[2021.02.15-23.13.26:310][131]LogAudioMixer: Display: 0: FrontLeft
[2021.02.15-23.13.26:311][131]LogAudioMixer: Display: 1: FrontRight
[2021.02.15-23.13.26:311][131]LogAudioMixer: Display: 2: FrontCenter
[2021.02.15-23.13.26:311][131]LogAudioMixer: Display: 3: LowFrequency
[2021.02.15-23.13.26:311][131]LogAudioMixer: Display: 4: BackLeft
[2021.02.15-23.13.26:311][131]LogAudioMixer: Display: 5: BackRight
[2021.02.15-23.13.26:311][131]LogAudioMixer: Display: 6: SideLeft
[2021.02.15-23.13.26:311][131]LogAudioMixer: Display: 7: SideRight
[2021.02.15-23.13.26:365][131]LogAudioMixer: Display: Using Audio Device Speakers (THX Spatial Audio)
[2021.02.15-23.13.26:365][131]LogAudioMixer: Display: Initializing Sound Submixes...
[2021.02.15-23.13.26:365][131]LogAudioMixer: Display: Creating Master Submix 'MasterSubmixDefault'
[2021.02.15-23.13.26:365][131]LogAudioMixer: Display: Creating Master Submix 'MasterReverbSubmixDefault'
[2021.02.15-23.13.26:366][131]LogAudioMixer: Display: Creating Master Submix 'MasterEQSubmixDefault'
[2021.02.15-23.13.26:379][131]LogInit: FAudioDevice initialized.
[2021.02.15-23.13.26:447][131]LogLoad: Game class is 'BP_CarbonPushTwoGameModeBase_C'
[2021.02.15-23.13.26:454][131]LogWorld: Bringing World /Game/Levels/UEDPIE_0_Main_Screen.Main_Screen up for play (max tick rate 0) at 2021.02.15-23.13.26
[2021.02.15-23.13.26:455][131]LogWorld: Bringing up level for play took: 0.006895
[2021.02.15-23.13.26:455][131]LogOnline: OSS: Creating online subsystem instance for: :Context_6
[2021.02.15-23.13.26:499][131]LogContentBrowser: Native class hierarchy updated for 'MovieSceneCapture' in 0.0006 seconds. Added 20 classes and 0 folders.
[2021.02.15-23.13.26:502][131]LogTemp: Warning: Map: Main_Screen
[2021.02.15-23.13.26:502][131]LogTemp: Warning: Gun
[2021.02.15-23.13.26:502][131]PIE: Server logged in
[2021.02.15-23.13.26:503][131]PIE: Play in editor total start time 0.255 seconds.
[2021.02.15-23.13.27:451][225]LogTemp: Warning: Hi: BP_MoveableObjects4
[2021.02.15-23.13.27:613][239]LogTemp: Warning: Hi: BP_MoveableObjects9
[2021.02.15-23.13.27:745][252]LogTemp: Warning: Hi: BP_MoveableObjects2
[2021.02.15-23.13.27:930][272]LogTemp: Warning: Hi: BP_MoveableObjects11
[2021.02.15-23.13.28:076][288]LogTemp: Warning: Hi: BP_MoveableObjects4
[2021.02.15-23.13.28:252][306]LogTemp: Warning: Miss: Floor
[2021.02.15-23.13.29:760][458]LogTemp: Warning: True
[2021.02.15-23.13.30:264][510]LogTemp: Warning: True
[2021.02.15-23.13.30:766][565]LogTemp: Warning: True
[2021.02.15-23.13.31:273][616]LogTemp: Warning: True
[2021.02.15-23.13.31:412][626]LogSlate: Took 0.000210 seconds to synchronously load lazily loaded font '../../../Engine/Content/Slate/Fonts/DroidSansMono.ttf' (77K)
[2021.02.15-23.13.32:543][735]LogTemp: Warning: True
[2021.02.15-23.13.33:102][795]LogTemp: Warning: True
[2021.02.15-23.13.33:604][851]LogTemp: Warning: True
[2021.02.15-23.13.34:106][905]LogTemp: Warning: True
[2021.02.15-23.13.40:158][598]LogTemp: Warning: True
[2021.02.15-23.13.40:662][656]LogTemp: Warning: True
[2021.02.15-23.13.41:170][715]LogTemp: Warning: True
[2021.02.15-23.13.41:678][773]LogTemp: Warning: True
[2021.02.15-23.13.42:180][831]LogTemp: Warning: True
[2021.02.15-23.13.42:682][890]LogTemp: Warning: True
[2021.02.15-23.13.43:185][947]LogTemp: Warning: True
[2021.02.15-23.13.43:694][  7]LogTemp: Warning: True
[2021.02.15-23.13.43:771][ 11]LogSlate: Updating window title bar state: overlay mode, drag disabled, window buttons hidden, title bar hidden
[2021.02.15-23.13.43:771][ 11]LogWorld: BeginTearingDown for /Game/Levels/UEDPIE_0_Main_Screen
[2021.02.15-23.13.43:772][ 11]LogWorld: UWorld::CleanupWorld for Main_Screen, bSessionEnded=true, bCleanupResources=true
[2021.02.15-23.13.43:772][ 11]LogSlate: InvalidateAllWidgets triggered.  All widgets were invalidated
[2021.02.15-23.13.43:788][ 11]LogPlayLevel: Display: Shutting down PIE online subsystems
[2021.02.15-23.13.43:790][ 11]LogSlate: InvalidateAllWidgets triggered.  All widgets were invalidated
[2021.02.15-23.13.43:838][ 11]LogSlate: Updating window title bar state: overlay mode, drag disabled, window buttons hidden, title bar hidden
[2021.02.15-23.13.43:840][ 11]LogAISub: UAISubsystem::~UAISubsystem EnvQueryManager (00000188BF32D200), frame # 3011
[2021.02.15-23.13.43:840][ 11]LogAISub: UAISubsystem::~UAISubsystem AIPerceptionSystem (00000188BF345E40), frame # 3011
[2021.02.15-23.13.43:842][ 11]LogUObjectHash: Compacting FUObjectHashTables data took   0.88ms
[2021.02.15-23.13.43:872][ 12]LogPlayLevel: Display: Destroying online subsystem :Context_6
[2021.02.15-23.13.52:166][854]Cmd: OBJ SAVEPACKAGE PACKAGE="/Game/Levels/Main_Screen" FILE="C:/Users/aveng/Documents/GitHub/CarbonPush2/CarbonPushTwo/Content/Levels/Main_Screen.umap" SILENT=true AUTOSAVING=false KEEPDIRTY=false
[2021.02.15-23.13.52:177][854]LogUObjectHash: Compacting FUObjectHashTables data took   0.62ms
[2021.02.15-23.13.52:271][854]LogSavePackage: Moving 'C:/Users/aveng/Documents/GitHub/CarbonPush2/CarbonPushTwo/Saved/Main_ScreenD1F7444149E8461D04BDE08DFB5CAF66.tmp' to 'C:/Users/aveng/Documents/GitHub/CarbonPush2/CarbonPushTwo/Content/Levels/Main_Screen.umap'
[2021.02.15-23.13.52:421][854]Cmd: OBJ SAVEPACKAGE PACKAGE="/Game/Levels/Main_Screen_BuiltData" FILE="C:/Users/aveng/Documents/GitHub/CarbonPush2/CarbonPushTwo/Content/Levels/Main_Screen_BuiltData.uasset" SILENT=true
[2021.02.15-23.13.52:526][854]LogSavePackage: Moving 'C:/Users/aveng/Documents/GitHub/CarbonPush2/CarbonPushTwo/Saved/Main_Screen_BuiltData3F59B9B2438FBD644B34EDB92B33FD47.tmp' to 'C:/Users/aveng/Documents/GitHub/CarbonPush2/CarbonPushTwo/Content/Levels/Main_Screen_BuiltData.uasset'
[2021.02.15-23.13.52:537][854]AssetCheck: New page: Asset Save: multiple assets
[2021.02.15-23.13.52:537][854]LogContentValidation: Display: Validating World /Game/Levels/Main_Screen.Main_Screen
[2021.02.15-23.13.52:537][854]LogContentValidation: Display: Validating MapBuildDataRegistry /Game/Levels/Main_Screen_BuiltData.Main_Screen_BuiltData
[2021.02.15-23.13.53:060][886]LogSavePackage: Moving 'C:/Users/aveng/Documents/GitHub/CarbonPush2/CarbonPushTwo/Saved/BT_EnemyBehavior6CDE4793483F07B8C9B11B977125E0B0.tmp' to 'C:/Users/aveng/Documents/GitHub/CarbonPush2/CarbonPushTwo/Content/ArtificalIntelligence/BT_EnemyBehavior.uasset'
[2021.02.15-23.13.53:075][886]AssetCheck: New page: Asset Save: BT_EnemyBehavior
[2021.02.15-23.13.53:076][886]LogContentValidation: Display: Validating BehaviorTree /Game/ArtificalIntelligence/BT_EnemyBehavior.BT_EnemyBehavior
[2021.02.15-23.13.55:381][112]Candidate modules for hot reload:
[2021.02.15-23.13.55:381][112]  CarbonPushTwo
[2021.02.15-23.13.55:381][112]Launching UnrealBuildTool... [E:/UNREAL ENGINE/UE_4.25/Engine/Binaries/DotNET/UnrealBuildTool.exe  -ModuleWithSuffix=CarbonPushTwo,2573 CarbonPushTwoEditor Win64 Development -Project="C:/Users/aveng/Documents/GitHub/CarbonPush2/CarbonPushTwo/CarbonPushTwo.uproject" "C:/Users/aveng/Documents/GitHub/CarbonPush2/CarbonPushTwo/CarbonPushTwo.uproject"  -IgnoreJunk]
[2021.02.15-23.13.55:467][112]Warning: Starting HotReload took  0.1s.
[2021.02.15-23.13.58:367][364]CompilerResultsLog: New page: Compilation - 15 Feb 2021, 23:13:58
[2021.02.15-23.13.58:368][364]CompilerResultsLog: Using 'git status' to determine working set for adaptive non-unity build (C:\Users\aveng\Documents\GitHub\CarbonPush2).
[2021.02.15-23.13.58:368][364]CompilerResultsLog: Building CarbonPushTwoEditor...
[2021.02.15-23.13.58:368][364]CompilerResultsLog: Using Visual Studio 2019 14.28.29337 toolchain (C:\Program Files (x86)\Microsoft Visual Studio\2019\Community\VC\Tools\MSVC\14.28.29333) and Windows 10.0.18362.0 SDK (C:\Program Files (x86)\Windows Kits\10).
[2021.02.15-23.13.58:368][364]CompilerResultsLog: Building 3 actions with 8 processes...
[2021.02.15-23.13.58:368][364]CompilerResultsLog:   [1/3] UE4Editor-CarbonPushTwo-2573.lib
[2021.02.15-23.13.58:368][364]CompilerResultsLog:      Creating library C:\Users\aveng\Documents\GitHub\CarbonPush2\CarbonPushTwo\Intermediate\Build\Win64\UE4Editor\Development\CarbonPushTwo\UE4Editor-CarbonPushTwo-2573.lib and object C:\Users\aveng\Documents\GitHub\CarbonPush2\CarbonPushTwo\Intermediate\Build\Win64\UE4Editor\Development\CarbonPushTwo\UE4Editor-CarbonPushTwo-2573.exp
[2021.02.15-23.13.58:368][364]CompilerResultsLog:   [2/3] UE4Editor-CarbonPushTwo-2573.dll
[2021.02.15-23.13.58:368][364]CompilerResultsLog:      Creating library C:\Users\aveng\Documents\GitHub\CarbonPush2\CarbonPushTwo\Intermediate\Build\Win64\UE4Editor\Development\CarbonPushTwo\UE4Editor-CarbonPushTwo-2573.suppressed.lib and object C:\Users\aveng\Documents\GitHub\CarbonPush2\CarbonPushTwo\Intermediate\Build\Win64\UE4Editor\Development\CarbonPushTwo\UE4Editor-CarbonPushTwo-2573.suppressed.exp
[2021.02.15-23.13.58:368][364]CompilerResultsLog:   [3/3] CarbonPushTwoEditor.target
[2021.02.15-23.13.58:369][364]CompilerResultsLog: Total time in Parallel executor: 1.59 seconds
[2021.02.15-23.13.58:369][364]CompilerResultsLog: Total execution time: 2.77 seconds
[2021.02.15-23.13.58:369][364]LogMainFrame: MainFrame: Module compiling took 2.991 seconds
[2021.02.15-23.13.58:415][364]LogContentBrowser: Native class hierarchy updated for 'CarbonPushTwo' in 0.0006 seconds. Added 12 classes and 2 folders.
[2021.02.15-23.13.58:416][364]Display: HotReload successful (11 functions remapped  0 scriptstructs remapped)
[2021.02.15-23.13.58:468][364]LogContentBrowser: Native class hierarchy populated in 0.0096 seconds. Added 3448 classes and 828 folders.
[2021.02.15-23.13.58:468][364]Display: HotReload took  3.1s.
[2021.02.15-23.13.59:702][469]LogTemp: Repeating last play command: Selected Viewport
[2021.02.15-23.13.59:723][469]LogPlayLevel: PlayLevel: No blueprints needed recompiling
[2021.02.15-23.13.59:724][469]PIE: New page: PIE session: Main_Screen (15 Feb 2021, 23:13:59)
[2021.02.15-23.13.59:746][469]LogPlayLevel: Creating play world package: /Game/Levels/UEDPIE_0_Main_Screen
[2021.02.15-23.13.59:757][469]LogPlayLevel: PIE: StaticDuplicateObject took: (0.010997s)
[2021.02.15-23.13.59:758][469]LogAIModule: Creating AISystem for world Main_Screen
[2021.02.15-23.13.59:758][469]LogAISub: UAISubsystem::UAISubsystem EnvQueryManager (0000018906706400), frame # 4469
[2021.02.15-23.13.59:758][469]LogAISub: UAISubsystem::UAISubsystem AIPerceptionSystem (00000188A4554540), frame # 4469
[2021.02.15-23.13.59:759][469]LogPlayLevel: PIE: World Init took: (0.001451s)
[2021.02.15-23.13.59:759][469]LogPlayLevel: PIE: Created PIE world by copying editor world from /Game/Levels/Main_Screen.Main_Screen to /Game/Levels/UEDPIE_0_Main_Screen.Main_Screen (0.012912s)
[2021.02.15-23.13.59:769][469]LogUObjectHash: Compacting FUObjectHashTables data took   0.85ms
[2021.02.15-23.13.59:770][469]LogAudioMixer: Display: Audio Mixer Platform Settings:
[2021.02.15-23.13.59:770][469]LogAudioMixer: Display: 	Sample Rate:						  48000
[2021.02.15-23.13.59:770][469]LogAudioMixer: Display: 	Callback Buffer Frame Size Requested: 1024
[2021.02.15-23.13.59:770][469]LogAudioMixer: Display: 	Callback Buffer Frame Size To Use:	  1024
[2021.02.15-23.13.59:770][469]LogAudioMixer: Display: 	Number of buffers to queue:			  2
[2021.02.15-23.13.59:770][469]LogAudioMixer: Display: 	Max Channels (voices):				  32
[2021.02.15-23.13.59:771][469]LogAudioMixer: Display: 	Number of Async Source Workers:		  0
[2021.02.15-23.13.59:771][469]LogAudio: Display: AudioDevice MaxSources: 32
[2021.02.15-23.13.59:771][469]LogAudio: Display: Using built-in audio occlusion.
[2021.02.15-23.13.59:771][469]LogAudioMixer: Display: Initializing audio mixer.
[2021.02.15-23.13.59:788][469]LogAudioMixer: Display: 0: FrontLeft
[2021.02.15-23.13.59:788][469]LogAudioMixer: Display: 1: FrontRight
[2021.02.15-23.13.59:788][469]LogAudioMixer: Display: 2: FrontCenter
[2021.02.15-23.13.59:788][469]LogAudioMixer: Display: 3: LowFrequency
[2021.02.15-23.13.59:788][469]LogAudioMixer: Display: 4: BackLeft
[2021.02.15-23.13.59:788][469]LogAudioMixer: Display: 5: BackRight
[2021.02.15-23.13.59:788][469]LogAudioMixer: Display: 6: SideLeft
[2021.02.15-23.13.59:788][469]LogAudioMixer: Display: 7: SideRight
[2021.02.15-23.13.59:839][469]LogAudioMixer: Display: Using Audio Device Speakers (THX Spatial Audio)
[2021.02.15-23.13.59:840][469]LogAudioMixer: Display: Initializing Sound Submixes...
[2021.02.15-23.13.59:840][469]LogAudioMixer: Display: Creating Master Submix 'MasterSubmixDefault'
[2021.02.15-23.13.59:840][469]LogAudioMixer: Display: Creating Master Submix 'MasterReverbSubmixDefault'
[2021.02.15-23.13.59:840][469]LogAudioMixer: Display: Creating Master Submix 'MasterEQSubmixDefault'
[2021.02.15-23.13.59:853][469]LogInit: FAudioDevice initialized.
[2021.02.15-23.13.59:867][469]LogLoad: Game class is 'BP_CarbonPushTwoGameModeBase_C'
[2021.02.15-23.13.59:870][469]LogWorld: Bringing World /Game/Levels/UEDPIE_0_Main_Screen.Main_Screen up for play (max tick rate 0) at 2021.02.15-23.13.59
[2021.02.15-23.13.59:871][469]LogWorld: Bringing up level for play took: 0.003316
[2021.02.15-23.13.59:871][469]LogOnline: OSS: Creating online subsystem instance for: :Context_7
[2021.02.15-23.13.59:875][469]LogTemp: Warning: Map: Main_Screen
[2021.02.15-23.13.59:875][469]LogTemp: Warning: Gun
[2021.02.15-23.13.59:876][469]PIE: Server logged in
[2021.02.15-23.13.59:877][469]PIE: Play in editor total start time 0.162 seconds.
[2021.02.15-23.14.00:457][526]LogTemp: Warning: Hi: BP_MoveableObjects16
[2021.02.15-23.14.00:632][544]LogTemp: Warning: Hi: BP_MoveableObjects8
[2021.02.15-23.14.00:777][559]LogTemp: Warning: Miss: Floor
[2021.02.15-23.14.01:084][592]LogTemp: Warning: Hi: BP_MoveableObjects8
[2021.02.15-23.14.05:737][ 88]LogTemp: Warning: True
[2021.02.15-23.14.06:243][140]LogTemp: Warning: True
[2021.02.15-23.14.06:748][192]LogTemp: Warning: True
[2021.02.15-23.14.07:254][246]LogTemp: Warning: True
[2021.02.15-23.14.07:760][302]LogTemp: Warning: True
[2021.02.15-23.14.08:264][357]LogTemp: Warning: True
[2021.02.15-23.14.08:765][412]LogTemp: Warning: True
[2021.02.15-23.14.09:265][469]LogTemp: Warning: True
[2021.02.15-23.14.09:769][524]LogTemp: Warning: True
[2021.02.15-23.14.10:275][580]LogTemp: Warning: True
[2021.02.15-23.14.10:778][637]LogTemp: Warning: True
[2021.02.15-23.14.11:280][692]LogTemp: Warning: True
[2021.02.15-23.14.11:782][749]LogTemp: Warning: True
[2021.02.15-23.14.12:286][803]LogTemp: Warning: True
[2021.02.15-23.14.12:787][859]LogTemp: Warning: True
[2021.02.15-23.14.13:292][914]LogTemp: Warning: True
[2021.02.15-23.14.13:450][929]LogTemp: Warning: Actor Health: 50.000000 
[2021.02.15-23.14.13:450][929]LogTemp: Warning: Hit BP_Enemy_Character_6
[2021.02.15-23.14.13:794][967]LogTemp: Warning: True
[2021.02.15-23.14.14:299][ 24]LogTemp: Warning: True
[2021.02.15-23.14.14:361][ 28]LogSlate: Updating window title bar state: overlay mode, drag disabled, window buttons hidden, title bar hidden
[2021.02.15-23.14.14:361][ 28]LogWorld: BeginTearingDown for /Game/Levels/UEDPIE_0_Main_Screen
[2021.02.15-23.14.14:361][ 28]LogWorld: UWorld::CleanupWorld for Main_Screen, bSessionEnded=true, bCleanupResources=true
[2021.02.15-23.14.14:362][ 28]LogSlate: InvalidateAllWidgets triggered.  All widgets were invalidated
[2021.02.15-23.14.14:378][ 28]LogPlayLevel: Display: Shutting down PIE online subsystems
[2021.02.15-23.14.14:379][ 28]LogSlate: InvalidateAllWidgets triggered.  All widgets were invalidated
[2021.02.15-23.14.14:432][ 28]LogSlate: Updating window title bar state: overlay mode, drag disabled, window buttons hidden, title bar hidden
[2021.02.15-23.14.14:433][ 28]LogAISub: UAISubsystem::~UAISubsystem AIPerceptionSystem (00000188A4554540), frame # 6028
[2021.02.15-23.14.14:433][ 28]LogAISub: UAISubsystem::~UAISubsystem EnvQueryManager (0000018906706400), frame # 6028
[2021.02.15-23.14.14:435][ 28]LogUObjectHash: Compacting FUObjectHashTables data took   0.73ms
[2021.02.15-23.14.14:467][ 29]LogPlayLevel: Display: Destroying online subsystem :Context_7
[2021.02.15-23.14.32:015][933]LogSavePackage: Moving 'C:/Users/aveng/Documents/GitHub/CarbonPush2/CarbonPushTwo/Saved/BT_EnemyBehaviorE98DA6A84DC34CF00EA64695FFFD726C.tmp' to 'C:/Users/aveng/Documents/GitHub/CarbonPush2/CarbonPushTwo/Content/ArtificalIntelligence/BT_EnemyBehavior.uasset'
[2021.02.15-23.14.32:029][933]AssetCheck: New page: Asset Save: BT_EnemyBehavior
[2021.02.15-23.14.32:030][933]LogContentValidation: Display: Validating BehaviorTree /Game/ArtificalIntelligence/BT_EnemyBehavior.BT_EnemyBehavior
[2021.02.15-23.14.33:345][ 52]LogTemp: Repeating last play command: Selected Viewport
[2021.02.15-23.14.33:369][ 52]LogPlayLevel: PlayLevel: No blueprints needed recompiling
[2021.02.15-23.14.33:369][ 52]PIE: New page: PIE session: Main_Screen (15 Feb 2021, 23:14:33)
[2021.02.15-23.14.33:370][ 52]LogPlayLevel: Creating play world package: /Game/Levels/UEDPIE_0_Main_Screen
[2021.02.15-23.14.33:383][ 52]LogPlayLevel: PIE: StaticDuplicateObject took: (0.013171s)
[2021.02.15-23.14.33:384][ 52]LogAIModule: Creating AISystem for world Main_Screen
[2021.02.15-23.14.33:384][ 52]LogAISub: UAISubsystem::UAISubsystem EnvQueryManager (0000018884DC0400), frame # 8052
[2021.02.15-23.14.33:384][ 52]LogAISub: UAISubsystem::UAISubsystem AIPerceptionSystem (00000188B16C3C40), frame # 8052
[2021.02.15-23.14.33:384][ 52]LogPlayLevel: PIE: World Init took: (0.001330s)
[2021.02.15-23.14.33:384][ 52]LogPlayLevel: PIE: Created PIE world by copying editor world from /Game/Levels/Main_Screen.Main_Screen to /Game/Levels/UEDPIE_0_Main_Screen.Main_Screen (0.014903s)
[2021.02.15-23.14.33:393][ 52]LogUObjectHash: Compacting FUObjectHashTables data took   0.65ms
[2021.02.15-23.14.33:395][ 52]LogAudioMixer: Display: Audio Mixer Platform Settings:
[2021.02.15-23.14.33:395][ 52]LogAudioMixer: Display: 	Sample Rate:						  48000
[2021.02.15-23.14.33:395][ 52]LogAudioMixer: Display: 	Callback Buffer Frame Size Requested: 1024
[2021.02.15-23.14.33:395][ 52]LogAudioMixer: Display: 	Callback Buffer Frame Size To Use:	  1024
[2021.02.15-23.14.33:395][ 52]LogAudioMixer: Display: 	Number of buffers to queue:			  2
[2021.02.15-23.14.33:395][ 52]LogAudioMixer: Display: 	Max Channels (voices):				  32
[2021.02.15-23.14.33:395][ 52]LogAudioMixer: Display: 	Number of Async Source Workers:		  0
[2021.02.15-23.14.33:395][ 52]LogAudio: Display: AudioDevice MaxSources: 32
[2021.02.15-23.14.33:396][ 52]LogAudio: Display: Using built-in audio occlusion.
[2021.02.15-23.14.33:396][ 52]LogAudioMixer: Display: Initializing audio mixer.
[2021.02.15-23.14.33:411][ 52]LogAudioMixer: Display: 0: FrontLeft
[2021.02.15-23.14.33:411][ 52]LogAudioMixer: Display: 1: FrontRight
[2021.02.15-23.14.33:411][ 52]LogAudioMixer: Display: 2: FrontCenter
[2021.02.15-23.14.33:411][ 52]LogAudioMixer: Display: 3: LowFrequency
[2021.02.15-23.14.33:411][ 52]LogAudioMixer: Display: 4: BackLeft
[2021.02.15-23.14.33:411][ 52]LogAudioMixer: Display: 5: BackRight
[2021.02.15-23.14.33:411][ 52]LogAudioMixer: Display: 6: SideLeft
[2021.02.15-23.14.33:411][ 52]LogAudioMixer: Display: 7: SideRight
[2021.02.15-23.14.33:466][ 52]LogAudioMixer: Display: Using Audio Device Speakers (THX Spatial Audio)
[2021.02.15-23.14.33:467][ 52]LogAudioMixer: Display: Initializing Sound Submixes...
[2021.02.15-23.14.33:467][ 52]LogAudioMixer: Display: Creating Master Submix 'MasterSubmixDefault'
[2021.02.15-23.14.33:467][ 52]LogAudioMixer: Display: Creating Master Submix 'MasterReverbSubmixDefault'
[2021.02.15-23.14.33:468][ 52]LogAudioMixer: Display: Creating Master Submix 'MasterEQSubmixDefault'
[2021.02.15-23.14.33:481][ 52]LogInit: FAudioDevice initialized.
[2021.02.15-23.14.33:493][ 52]LogLoad: Game class is 'BP_CarbonPushTwoGameModeBase_C'
[2021.02.15-23.14.33:497][ 52]LogWorld: Bringing World /Game/Levels/UEDPIE_0_Main_Screen.Main_Screen up for play (max tick rate 0) at 2021.02.15-23.14.33
[2021.02.15-23.14.33:497][ 52]LogWorld: Bringing up level for play took: 0.003849
[2021.02.15-23.14.33:498][ 52]LogOnline: OSS: Creating online subsystem instance for: :Context_9
[2021.02.15-23.14.33:502][ 52]LogTemp: Warning: Map: Main_Screen
[2021.02.15-23.14.33:502][ 52]LogTemp: Warning: Gun
[2021.02.15-23.14.33:502][ 52]PIE: Server logged in
[2021.02.15-23.14.33:503][ 52]PIE: Play in editor total start time 0.141 seconds.
[2021.02.15-23.14.34:384][141]LogTemp: Warning: Hi: BP_MoveableObjects_2
[2021.02.15-23.14.34:524][155]LogTemp: Warning: Hi: BP_MoveableObjects_2
[2021.02.15-23.14.34:678][171]LogTemp: Warning: Hi: BP_MoveableObjects_2
[2021.02.15-23.14.34:834][188]LogTemp: Warning: True
[2021.02.15-23.14.36:351][355]LogTemp: Warning: True
[2021.02.15-23.14.41:389][919]LogTemp: Warning: True
[2021.02.15-23.14.41:890][973]LogTemp: Warning: True
[2021.02.15-23.14.43:921][192]LogTemp: Warning: True
[2021.02.15-23.14.45:131][322]LogSlate: Updating window title bar state: overlay mode, drag disabled, window buttons hidden, title bar hidden
[2021.02.15-23.14.45:132][322]LogWorld: BeginTearingDown for /Game/Levels/UEDPIE_0_Main_Screen
[2021.02.15-23.14.45:132][322]LogWorld: UWorld::CleanupWorld for Main_Screen, bSessionEnded=true, bCleanupResources=true
[2021.02.15-23.14.45:133][322]LogSlate: InvalidateAllWidgets triggered.  All widgets were invalidated
[2021.02.15-23.14.45:150][322]LogPlayLevel: Display: Shutting down PIE online subsystems
[2021.02.15-23.14.45:152][322]LogSlate: InvalidateAllWidgets triggered.  All widgets were invalidated
[2021.02.15-23.14.45:202][322]LogSlate: Updating window title bar state: overlay mode, drag disabled, window buttons hidden, title bar hidden
[2021.02.15-23.14.45:203][322]LogAISub: UAISubsystem::~UAISubsystem AIPerceptionSystem (00000188B16C3C40), frame # 9322
[2021.02.15-23.14.45:203][322]LogAISub: UAISubsystem::~UAISubsystem EnvQueryManager (0000018884DC0400), frame # 9322
[2021.02.15-23.14.45:204][322]LogUObjectHash: Compacting FUObjectHashTables data took   0.63ms
[2021.02.15-23.14.45:236][323]LogPlayLevel: Display: Destroying online subsystem :Context_9
[2021.02.15-23.14.48:269][592]LogSavePackage: Moving 'C:/Users/aveng/Documents/GitHub/CarbonPush2/CarbonPushTwo/Saved/BT_EnemyBehaviorB9CFC66D4FD0F606A17BFB8C6D41D806.tmp' to 'C:/Users/aveng/Documents/GitHub/CarbonPush2/CarbonPushTwo/Content/ArtificalIntelligence/BT_EnemyBehavior.uasset'
[2021.02.15-23.14.48:285][592]AssetCheck: New page: Asset Save: BT_EnemyBehavior
[2021.02.15-23.14.48:285][592]LogContentValidation: Display: Validating BehaviorTree /Game/ArtificalIntelligence/BT_EnemyBehavior.BT_EnemyBehavior
[2021.02.15-23.14.51:700][908]LogTemp: Repeating last play command: Selected Viewport
[2021.02.15-23.14.51:720][908]LogPlayLevel: PlayLevel: No blueprints needed recompiling
[2021.02.15-23.14.51:720][908]PIE: New page: PIE session: Main_Screen (15 Feb 2021, 23:14:51)
[2021.02.15-23.14.51:720][908]LogPlayLevel: Creating play world package: /Game/Levels/UEDPIE_0_Main_Screen
[2021.02.15-23.14.51:733][908]LogPlayLevel: PIE: StaticDuplicateObject took: (0.012724s)
[2021.02.15-23.14.51:734][908]LogAIModule: Creating AISystem for world Main_Screen
[2021.02.15-23.14.51:734][908]LogAISub: UAISubsystem::UAISubsystem EnvQueryManager (00000188BF32C400), frame # 9908
[2021.02.15-23.14.51:735][908]LogAISub: UAISubsystem::UAISubsystem AIPerceptionSystem (00000188A1D73740), frame # 9908
[2021.02.15-23.14.51:735][908]LogPlayLevel: PIE: World Init took: (0.001497s)
[2021.02.15-23.14.51:735][908]LogPlayLevel: PIE: Created PIE world by copying editor world from /Game/Levels/Main_Screen.Main_Screen to /Game/Levels/UEDPIE_0_Main_Screen.Main_Screen (0.014674s)
[2021.02.15-23.14.51:745][908]LogUObjectHash: Compacting FUObjectHashTables data took   0.70ms
[2021.02.15-23.14.51:746][908]LogAudioMixer: Display: Audio Mixer Platform Settings:
[2021.02.15-23.14.51:746][908]LogAudioMixer: Display: 	Sample Rate:						  48000
[2021.02.15-23.14.51:746][908]LogAudioMixer: Display: 	Callback Buffer Frame Size Requested: 1024
[2021.02.15-23.14.51:746][908]LogAudioMixer: Display: 	Callback Buffer Frame Size To Use:	  1024
[2021.02.15-23.14.51:746][908]LogAudioMixer: Display: 	Number of buffers to queue:			  2
[2021.02.15-23.14.51:746][908]LogAudioMixer: Display: 	Max Channels (voices):				  32
[2021.02.15-23.14.51:746][908]LogAudioMixer: Display: 	Number of Async Source Workers:		  0
[2021.02.15-23.14.51:747][908]LogAudio: Display: AudioDevice MaxSources: 32
[2021.02.15-23.14.51:747][908]LogAudio: Display: Using built-in audio occlusion.
[2021.02.15-23.14.51:747][908]LogAudioMixer: Display: Initializing audio mixer.
[2021.02.15-23.14.51:763][908]LogAudioMixer: Display: 0: FrontLeft
[2021.02.15-23.14.51:763][908]LogAudioMixer: Display: 1: FrontRight
[2021.02.15-23.14.51:763][908]LogAudioMixer: Display: 2: FrontCenter
[2021.02.15-23.14.51:763][908]LogAudioMixer: Display: 3: LowFrequency
[2021.02.15-23.14.51:763][908]LogAudioMixer: Display: 4: BackLeft
[2021.02.15-23.14.51:763][908]LogAudioMixer: Display: 5: BackRight
[2021.02.15-23.14.51:763][908]LogAudioMixer: Display: 6: SideLeft
[2021.02.15-23.14.51:763][908]LogAudioMixer: Display: 7: SideRight
[2021.02.15-23.14.51:823][908]LogAudioMixer: Display: Using Audio Device Speakers (THX Spatial Audio)
[2021.02.15-23.14.51:824][908]LogAudioMixer: Display: Initializing Sound Submixes...
[2021.02.15-23.14.51:824][908]LogAudioMixer: Display: Creating Master Submix 'MasterSubmixDefault'
[2021.02.15-23.14.51:824][908]LogAudioMixer: Display: Creating Master Submix 'MasterReverbSubmixDefault'
[2021.02.15-23.14.51:824][908]LogAudioMixer: Display: Creating Master Submix 'MasterEQSubmixDefault'
[2021.02.15-23.14.51:837][908]LogInit: FAudioDevice initialized.
[2021.02.15-23.14.51:855][908]LogLoad: Game class is 'BP_CarbonPushTwoGameModeBase_C'
[2021.02.15-23.14.51:859][908]LogWorld: Bringing World /Game/Levels/UEDPIE_0_Main_Screen.Main_Screen up for play (max tick rate 0) at 2021.02.15-23.14.51
[2021.02.15-23.14.51:860][908]LogWorld: Bringing up level for play took: 0.004181
[2021.02.15-23.14.51:860][908]LogOnline: OSS: Creating online subsystem instance for: :Context_10
[2021.02.15-23.14.51:865][908]LogTemp: Warning: Map: Main_Screen
[2021.02.15-23.14.51:866][908]LogTemp: Warning: Gun
[2021.02.15-23.14.51:866][908]PIE: Server logged in
[2021.02.15-23.14.51:867][908]PIE: Play in editor total start time 0.152 seconds.
[2021.02.15-23.14.52:401][959]LogTemp: Warning: Hi: BP_MoveableObjects2
[2021.02.15-23.14.52:589][977]LogTemp: Warning: Hi: BP_MoveableObjects2
[2021.02.15-23.14.53:148][ 33]LogTemp: Warning: Hi: BP_MoveableObjects15
[2021.02.15-23.14.53:309][ 50]LogTemp: Warning: Hi: BP_MoveableObjects8
[2021.02.15-23.14.53:590][ 79]LogTemp: Warning: Hi: BP_MoveableObjects16
[2021.02.15-23.14.54:198][142]LogTemp: Warning: True
[2021.02.15-23.14.54:700][193]LogTemp: Warning: True
[2021.02.15-23.14.55:207][247]LogTemp: Warning: True
[2021.02.15-23.14.55:712][299]LogTemp: Warning: True
[2021.02.15-23.14.56:223][355]LogTemp: Warning: True
[2021.02.15-23.14.56:728][407]LogTemp: Warning: True
[2021.02.15-23.14.57:234][460]LogTemp: Warning: True
[2021.02.15-23.14.57:739][517]LogTemp: Warning: True
[2021.02.15-23.14.58:251][571]LogTemp: Warning: True
[2021.02.15-23.14.58:751][625]LogTemp: Warning: True
[2021.02.15-23.14.59:254][680]LogTemp: Warning: True
[2021.02.15-23.14.59:757][735]LogTemp: Warning: True
[2021.02.15-23.15.00:266][785]LogTemp: Warning: True
[2021.02.15-23.15.00:766][838]LogTemp: Warning: True
[2021.02.15-23.15.01:272][894]LogTemp: Warning: True
[2021.02.15-23.15.01:667][938]LogTemp: Warning: Actor Health: 50.000000 
[2021.02.15-23.15.01:667][938]LogTemp: Warning: Hit BP_Enemy_Character_6
[2021.02.15-23.15.01:780][949]LogTemp: Warning: True
[2021.02.15-23.15.02:286][999]LogTemp: Warning: True
[2021.02.15-23.15.02:700][ 41]LogTemp: Warning: Actor Health: 0.000000 
[2021.02.15-23.15.02:700][ 41]LogTemp: Warning: Hit BP_Enemy_Character_6
[2021.02.15-23.15.02:786][ 49]LogTemp: Warning: True
[2021.02.15-23.15.03:292][103]LogTemp: Warning: True
[2021.02.15-23.15.03:733][153]LogTemp: Warning: Does Exist 
[2021.02.15-23.15.03:733][153]LogTemp: Warning: Hit BP_Enemy_Character_6
[2021.02.15-23.15.03:794][159]LogTemp: Warning: True
[2021.02.15-23.15.04:295][212]LogTemp: Warning: True
[2021.02.15-23.15.04:761][264]LogTemp: Warning: Does Exist 
[2021.02.15-23.15.04:761][264]LogTemp: Warning: Hit BP_Enemy_Character_6
[2021.02.15-23.15.04:798][268]LogTemp: Warning: True
[2021.02.15-23.15.05:300][324]LogTemp: Warning: True
[2021.02.15-23.15.05:790][377]LogTemp: Warning: Does Exist 
[2021.02.15-23.15.05:791][377]LogTemp: Warning: Hit BP_Enemy_Character_6
[2021.02.15-23.15.05:809][379]LogTemp: Warning: True
[2021.02.15-23.15.05:971][391]LogSlate: Updating window title bar state: overlay mode, drag disabled, window buttons hidden, title bar hidden
[2021.02.15-23.15.05:971][391]LogWorld: BeginTearingDown for /Game/Levels/UEDPIE_0_Main_Screen
[2021.02.15-23.15.05:971][391]LogWorld: UWorld::CleanupWorld for Main_Screen, bSessionEnded=true, bCleanupResources=true
[2021.02.15-23.15.05:972][391]LogSlate: InvalidateAllWidgets triggered.  All widgets were invalidated
[2021.02.15-23.15.05:983][391]LogPlayLevel: Display: Shutting down PIE online subsystems
[2021.02.15-23.15.05:985][391]LogSlate: InvalidateAllWidgets triggered.  All widgets were invalidated
[2021.02.15-23.15.06:033][391]LogSlate: Updating window title bar state: overlay mode, drag disabled, window buttons hidden, title bar hidden
[2021.02.15-23.15.06:034][391]LogAISub: UAISubsystem::~UAISubsystem AIPerceptionSystem (00000188A1D73740), frame # 11391
[2021.02.15-23.15.06:034][391]LogAISub: UAISubsystem::~UAISubsystem EnvQueryManager (00000188BF32C400), frame # 11391
[2021.02.15-23.15.06:036][391]LogUObjectHash: Compacting FUObjectHashTables data took   0.74ms
[2021.02.15-23.15.06:067][392]LogPlayLevel: Display: Destroying online subsystem :Context_10
[2021.02.15-23.15.10:394][830]LogSlate: Window 'BT_EnemyBehavior' being destroyed
[2021.02.15-23.15.10:401][830]LogSlate: Window 'BT_EnemyBehavior' being destroyed
