"C:/Users/aveng/Documents/GitHub/CarbonPush2/CarbonPushTwo/Content/Sounds/SW_SmithWessonFire.uasset" 0
"C:/Users/aveng/Documents/GitHub/CarbonPush2/CarbonPushTwo/Content/Sounds/40_smith_wesson_single-mike-koenig.uasset" 1
"C:/Users/aveng/Documents/GitHub/CarbonPush2/CarbonPushTwo/Content/40_smith_wesson_single-mike-koenig.uasset" 2
"C:/Users/aveng/Documents/GitHub/CarbonPush2/CarbonPushTwo/Content/AnimStarterPack/UE4_Mannequin/Mesh/UE4_Mannequin_Skeleton.uasset" 3
"C:/Users/aveng/Documents/GitHub/CarbonPush2/CarbonPushTwo/Content/AnimStarterPack/Idle_Rifle_Hip.uasset" 4
"C:/Users/aveng/Documents/GitHub/CarbonPush2/CarbonPushTwo/Content/AnimStarterPack/Jog_Bwd_Rifle.uasset" 5
"C:/Users/aveng/Documents/GitHub/CarbonPush2/CarbonPushTwo/Content/AnimStarterPack/Jog_Fwd_Rifle.uasset" 6
"C:/Users/aveng/Documents/GitHub/CarbonPush2/CarbonPushTwo/Content/AnimStarterPack/Jog_Lt_Rifle.uasset" 7
"C:/Users/aveng/Documents/GitHub/CarbonPush2/CarbonPushTwo/Content/AnimStarterPack/Jog_Rt_Rifle.uasset" 8
"C:/Users/aveng/Documents/GitHub/CarbonPush2/CarbonPushTwo/Content/AnimStarterPack/Walk_Bwd_Rifle_Ironsights.uasset" 9
"C:/Users/aveng/Documents/GitHub/CarbonPush2/CarbonPushTwo/Content/AnimStarterPack/Walk_Fwd_Rifle_Ironsights.uasset" 10
"C:/Users/aveng/Documents/GitHub/CarbonPush2/CarbonPushTwo/Content/AnimStarterPack/Walk_Lt_Rifle_Ironsights.uasset" 11
"C:/Users/aveng/Documents/GitHub/CarbonPush2/CarbonPushTwo/Content/AnimStarterPack/Walk_Rt_Rifle_Ironsights.uasset" 12
"C:/Users/aveng/Documents/GitHub/CarbonPush2/CarbonPushTwo/Content/Animations/BS_Movement.uasset" 13
"C:/Users/aveng/Documents/GitHub/CarbonPush2/CarbonPushTwo/Content/Animations/ABP_MovementAnimation.uasset" 14
"C:/Users/aveng/Documents/GitHub/CarbonPush2/CarbonPushTwo/Content/ABP_MovementAnimation.uasset" 15
"C:/Users/aveng/Documents/GitHub/CarbonPush2/CarbonPushTwo/Content/ArtificalIntelligence/BB_Blackboard.uasset" 16
"C:/Users/aveng/Documents/GitHub/CarbonPush2/CarbonPushTwo/Content/BB_Blackboard.uasset" 17
"C:/Users/aveng/Documents/GitHub/CarbonPush2/CarbonPushTwo/Content/Materials/MTL_dark.uasset" 18
"C:/Users/aveng/Documents/GitHub/CarbonPush2/CarbonPushTwo/Content/Materials/MTL_Dark_Green.uasset" 19
"C:/Users/aveng/Documents/GitHub/CarbonPush2/CarbonPushTwo/Content/StaticMeshes/SM_Flashbang.uasset" 20
"C:/Users/aveng/Documents/GitHub/CarbonPush2/CarbonPushTwo/Content/Blueprints/BP_Grenade.uasset" 21
"../../../Engine/Content/Functions/Engine_MaterialFunctions02/Utility/BlendAngleCorrectedNormals.uasset" 22
"../../../Engine/Content/Functions/MaterialLayerFunctions/MatLayerBlend_AO.uasset" 23
"../../../Engine/Content/Functions/MaterialLayerFunctions/MatLayerBlend_NormalBlend.uasset" 24
"../../../Engine/Content/Functions/MaterialLayerFunctions/MatLayerBlend_Simple.uasset" 25
"C:/Users/aveng/Documents/GitHub/CarbonPush2/CarbonPushTwo/Content/AnimStarterPack/UE4_Mannequin/Materials/MaterialLayers/T_ML_Rubber_Blue_01_D.uasset" 26
"C:/Users/aveng/Documents/GitHub/CarbonPush2/CarbonPushTwo/Content/AnimStarterPack/UE4_Mannequin/Materials/MaterialLayers/T_ML_Rubber_Blue_01_N.uasset" 27
"C:/Users/aveng/Documents/GitHub/CarbonPush2/CarbonPushTwo/Content/AnimStarterPack/UE4_Mannequin/Materials/MaterialLayers/ML_GlossyBlack_Latex_UE4.uasset" 28
"C:/Users/aveng/Documents/GitHub/CarbonPush2/CarbonPushTwo/Content/AnimStarterPack/UE4_Mannequin/Materials/MaterialLayers/ML_Plastic_Shiny_Beige.uasset" 29
"C:/Users/aveng/Documents/GitHub/CarbonPush2/CarbonPushTwo/Content/AnimStarterPack/UE4_Mannequin/Textures/UE4_LOGO_CARD.uasset" 30
"C:/Users/aveng/Documents/GitHub/CarbonPush2/CarbonPushTwo/Content/AnimStarterPack/UE4_Mannequin/Materials/MaterialLayers/ML_Plastic_Shiny_Beige_LOGO.uasset" 31
"C:/Users/aveng/Documents/GitHub/CarbonPush2/CarbonPushTwo/Content/AnimStarterPack/UE4_Mannequin/Materials/MaterialLayers/T_ML_Aluminum01.uasset" 32
"C:/Users/aveng/Documents/GitHub/CarbonPush2/CarbonPushTwo/Content/AnimStarterPack/UE4_Mannequin/Materials/MaterialLayers/T_ML_Aluminum01_N.uasset" 33
"C:/Users/aveng/Documents/GitHub/CarbonPush2/CarbonPushTwo/Content/AnimStarterPack/UE4_Mannequin/Materials/MaterialLayers/ML_SoftMetal_UE4.uasset" 34
"C:/Users/aveng/Documents/GitHub/CarbonPush2/CarbonPushTwo/Content/AnimStarterPack/UE4_Mannequin/Textures/UE4_Mannequin__normals.uasset" 35
"C:/Users/aveng/Documents/GitHub/CarbonPush2/CarbonPushTwo/Content/AnimStarterPack/UE4_Mannequin/Textures/UE4_Mannequin_MAT_MASKA.uasset" 36
"C:/Users/aveng/Documents/GitHub/CarbonPush2/CarbonPushTwo/Content/AnimStarterPack/UE4_Mannequin/Textures/UE4_Mannequin_occlusion_Mobile.uasset" 37
"C:/Users/aveng/Documents/GitHub/CarbonPush2/CarbonPushTwo/Content/AnimStarterPack/UE4_Mannequin/Materials/M_UE4Man_Body.uasset" 38
"C:/Users/aveng/Documents/GitHub/CarbonPush2/CarbonPushTwo/Content/AnimStarterPack/UE4_Mannequin/Textures/UE4Man_Logo_N.uasset" 39
"C:/Users/aveng/Documents/GitHub/CarbonPush2/CarbonPushTwo/Content/AnimStarterPack/UE4_Mannequin/Materials/M_UE4Man_ChestLogo.uasset" 40
"C:/Users/aveng/Documents/GitHub/CarbonPush2/CarbonPushTwo/Content/AnimStarterPack/UE4_Mannequin/Mesh/SK_Mannequin_PhysicsAsset.uasset" 41
"C:/Users/aveng/Documents/GitHub/CarbonPush2/CarbonPushTwo/Content/AnimStarterPack/UE4_Mannequin/Mesh/SK_Mannequin.uasset" 42
"C:/Users/aveng/Documents/GitHub/CarbonPush2/CarbonPushTwo/Content/RenderTargets/RT_MiniMap.uasset" 43
"../../Plugins/2D/Paper2D/Content/PlaceholderTextures/DummySpriteTexture.uasset" 44
"../../Plugins/2D/Paper2D/Content/DefaultSpriteMaterial.uasset" 45
"../../Plugins/2D/Paper2D/Content/TranslucentUnlitSpriteMaterial.uasset" 46
"C:/Users/aveng/Documents/GitHub/CarbonPush2/CarbonPushTwo/Content/Textures/Texture_Green_Arrow.uasset" 47
"C:/Users/aveng/Documents/GitHub/CarbonPush2/CarbonPushTwo/Content/Sprites/Sprite_Green_Arrow.uasset" 48
"C:/Users/aveng/Documents/GitHub/CarbonPush2/CarbonPushTwo/Content/Blueprints/BP_Base_Character.uasset" 49
"C:/Users/aveng/Documents/GitHub/CarbonPush2/CarbonPushTwo/Content/BP_Base_Character.uasset" 50
"C:/Users/aveng/Documents/GitHub/CarbonPush2/CarbonPushTwo/Content/Sounds/SW_SmithWessonReload.uasset" 51
"C:/Users/aveng/Documents/GitHub/CarbonPush2/CarbonPushTwo/Content/WidgetBlueprints/WBP_EndScreen.uasset" 52
"../../../Engine/Content/EditorBlueprintResources/StandardMacros.uasset" 53
"C:/Users/aveng/Documents/GitHub/CarbonPush2/CarbonPushTwo/Content/Materials/MTL_Mini_Map.uasset" 54
"C:/Users/aveng/Documents/GitHub/CarbonPush2/CarbonPushTwo/Content/WidgetBlueprints/WBP_PlayerInterface.uasset" 55
"C:/Users/aveng/Documents/GitHub/CarbonPush2/CarbonPushTwo/Content/WidgetBlueprints/WBP_Rules.uasset" 56
"C:/Users/aveng/Documents/GitHub/CarbonPush2/CarbonPushTwo/Content/WidgetBlueprints/WBP_StartScreen.uasset" 57
"C:/Users/aveng/Documents/GitHub/CarbonPush2/CarbonPushTwo/Content/Blueprints/BP_MainPlayerController.uasset" 58
"C:/Users/aveng/Documents/GitHub/CarbonPush2/CarbonPushTwo/Content/Blueprints/BP_CarbonPushTwoGameModeBase.uasset" 59
"C:/Users/aveng/Documents/GitHub/CarbonPush2/CarbonPushTwo/Content/BP_CarbonPushTwoGameModeBase.uasset" 60
"../../../Engine/Content/Functions/Engine_MaterialFunctions01/Opacity/CameraDepthFade.uasset" 61
"../../../Engine/Content/EngineMaterials/T_Default_Material_Grid_M.uasset" 62
"../../../Engine/Content/EngineMaterials/T_Default_Material_Grid_N.uasset" 63
"../../../Engine/Content/EngineMaterials/WorldGridMaterial.uasset" 64
"C:/Users/aveng/Documents/GitHub/CarbonPush2/CarbonPushTwo/Content/Materials/MTL_Default_Material.uasset" 65
"C:/Users/aveng/Documents/GitHub/CarbonPush2/CarbonPushTwo/Content/Materials/_defaultMat.uasset" 66
"C:/Users/aveng/Documents/GitHub/CarbonPush2/CarbonPushTwo/Content/Materials/MTL_Pink.uasset" 67
"C:/Users/aveng/Documents/GitHub/CarbonPush2/CarbonPushTwo/Content/Materials/pink.uasset" 68
"C:/Users/aveng/Documents/GitHub/CarbonPush2/CarbonPushTwo/Content/StaticMeshes/SM_Target.uasset" 69
"C:/Users/aveng/Documents/GitHub/CarbonPush2/CarbonPushTwo/Content/StaticMeshes/targetA.uasset" 70
"C:/Users/aveng/Documents/GitHub/CarbonPush2/CarbonPushTwo/Content/DestructibleMeshes/DM_Target.uasset" 71
"C:/Users/aveng/Documents/GitHub/CarbonPush2/CarbonPushTwo/Content/Blueprints/BP_DestructibleActors.uasset" 72
"C:/Users/aveng/Documents/GitHub/CarbonPush2/CarbonPushTwo/Content/BP_DestructibleActors.uasset" 73
"C:/Users/aveng/Documents/GitHub/CarbonPush2/CarbonPushTwo/Content/AnimStarterPack/Fire_Rifle_Hip.uasset" 74
"C:/Users/aveng/Documents/GitHub/CarbonPush2/CarbonPushTwo/Content/AnimStarterPack/Idle_Rifle_Ironsights.uasset" 75
"C:/Users/aveng/Documents/GitHub/CarbonPush2/CarbonPushTwo/Content/ArtificalIntelligence/BT_Enemy_Behavior.uasset" 76
"C:/Users/aveng/Documents/GitHub/CarbonPush2/CarbonPushTwo/Content/Blueprints/BP_EnemyAIController.uasset" 77
"C:/Users/aveng/Documents/GitHub/CarbonPush2/CarbonPushTwo/Content/BP_EnemyAIController.uasset" 78
"C:/Users/aveng/Documents/GitHub/CarbonPush2/CarbonPushTwo/Content/AnimStarterPack/Hit_React_2.uasset" 79
"C:/Users/aveng/Documents/GitHub/CarbonPush2/CarbonPushTwo/Content/AnimStarterPack/UE4_Mannequin/Materials/EnemyColour.uasset" 80
"C:/Users/aveng/Documents/GitHub/CarbonPush2/CarbonPushTwo/Content/Textures/Texture_Red_Arrow.uasset" 81
"C:/Users/aveng/Documents/GitHub/CarbonPush2/CarbonPushTwo/Content/Sprites/Sprite_Red_Arrow.uasset" 82
"C:/Users/aveng/Documents/GitHub/CarbonPush2/CarbonPushTwo/Content/Blueprints/BP_Enemy_Character.uasset" 83
"C:/Users/aveng/Documents/GitHub/CarbonPush2/CarbonPushTwo/Content/BP_Enemy_Character.uasset" 84
"C:/Users/aveng/Documents/GitHub/CarbonPush2/CarbonPushTwo/Content/BP_MainPlayerController.uasset" 85
"C:/Users/aveng/Documents/GitHub/CarbonPush2/CarbonPushTwo/Content/BP_StartGameModeBase.uasset" 86
"C:/Users/aveng/Documents/GitHub/CarbonPush2/CarbonPushTwo/Content/BS_Movement.uasset" 87
"C:/Users/aveng/Documents/GitHub/CarbonPush2/CarbonPushTwo/Content/ArtificalIntelligence/BT_EnemyBehavior.uasset" 88
"C:/Users/aveng/Documents/GitHub/CarbonPush2/CarbonPushTwo/Content/BT_EnemyBehavior.uasset" 89
"C:/Users/aveng/Documents/GitHub/CarbonPush2/CarbonPushTwo/Content/Sounds/Eject_Clip_And_Re-Load-SoundBible_com-423238371.uasset" 90
"C:/Users/aveng/Documents/GitHub/CarbonPush2/CarbonPushTwo/Content/Eject_Clip_And_Re-Load-SoundBible_com-423238371.uasset" 91
"C:/Users/aveng/Documents/GitHub/CarbonPush2/CarbonPushTwo/Content/Textures/GreenArrow.uasset" 92
"C:/Users/aveng/Documents/GitHub/CarbonPush2/CarbonPushTwo/Content/GreenArrow.uasset" 93
"C:/Users/aveng/Documents/GitHub/CarbonPush2/CarbonPushTwo/Content/Materials/MTL_MiniMap.uasset" 94
"C:/Users/aveng/Documents/GitHub/CarbonPush2/CarbonPushTwo/Content/MTL_MiniMap.uasset" 95
"C:/Users/aveng/Documents/GitHub/CarbonPush2/CarbonPushTwo/Content/RedArrow.uasset" 96
"C:/Users/aveng/Documents/GitHub/CarbonPush2/CarbonPushTwo/Content/RT_MiniMap.uasset" 97
"C:/Users/aveng/Documents/GitHub/CarbonPush2/CarbonPushTwo/Content/WBP_PlayerInterface.uasset" 98
"C:/Users/aveng/Documents/GitHub/CarbonPush2/CarbonPushTwo/Content/WBP_Start.uasset" 99
"C:/Users/aveng/Documents/GitHub/CarbonPush2/CarbonPushTwo/Content/AnimStarterPack/Aim_Space_Hip.uasset" 100
"C:/Users/aveng/Documents/GitHub/CarbonPush2/CarbonPushTwo/Content/AnimStarterPack/Aim_Space_Ironsights.uasset" 101
"C:/Users/aveng/Documents/GitHub/CarbonPush2/CarbonPushTwo/Content/AnimStarterPack/Crouch_Idle_Rifle_Ironsights.uasset" 102
"C:/Users/aveng/Documents/GitHub/CarbonPush2/CarbonPushTwo/Content/AnimStarterPack/Crouch_to_Stand_Rifle_Hip.uasset" 103
"C:/Users/aveng/Documents/GitHub/CarbonPush2/CarbonPushTwo/Content/AnimStarterPack/Crouch_to_Stand_Rifle_Ironsights.uasset" 104
"C:/Users/aveng/Documents/GitHub/CarbonPush2/CarbonPushTwo/Content/AnimStarterPack/Crouch_Walk_Bwd_Rifle_Ironsights.uasset" 105
"C:/Users/aveng/Documents/GitHub/CarbonPush2/CarbonPushTwo/Content/AnimStarterPack/Crouch_Walk_Fwd_Rifle_Ironsights.uasset" 106
"C:/Users/aveng/Documents/GitHub/CarbonPush2/CarbonPushTwo/Content/AnimStarterPack/Crouch_Walk_Lt_Rifle_Ironsights.uasset" 107
"C:/Users/aveng/Documents/GitHub/CarbonPush2/CarbonPushTwo/Content/AnimStarterPack/Crouch_Walk_Rt_Rifle_Ironsights.uasset" 108
"C:/Users/aveng/Documents/GitHub/CarbonPush2/CarbonPushTwo/Content/AnimStarterPack/Death_1.uasset" 109
"C:/Users/aveng/Documents/GitHub/CarbonPush2/CarbonPushTwo/Content/AnimStarterPack/Death_2.uasset" 110
"C:/Users/aveng/Documents/GitHub/CarbonPush2/CarbonPushTwo/Content/AnimStarterPack/Death_3.uasset" 111
"C:/Users/aveng/Documents/GitHub/CarbonPush2/CarbonPushTwo/Content/AnimStarterPack/Death_Ironsights_1.uasset" 112
"C:/Users/aveng/Documents/GitHub/CarbonPush2/CarbonPushTwo/Content/AnimStarterPack/Death_Ironsights_2.uasset" 113
"C:/Users/aveng/Documents/GitHub/CarbonPush2/CarbonPushTwo/Content/AnimStarterPack/Equip_Pistol_Standing.uasset" 114
"C:/Users/aveng/Documents/GitHub/CarbonPush2/CarbonPushTwo/Content/AnimStarterPack/Equip_Rifle_Standing.uasset" 115
"C:/Users/aveng/Documents/GitHub/CarbonPush2/CarbonPushTwo/Content/AnimStarterPack/Fire_Rifle_Ironsights.uasset" 116
"C:/Users/aveng/Documents/GitHub/CarbonPush2/CarbonPushTwo/Content/AnimStarterPack/Fire_Shotgun_Hip.uasset" 117
"C:/Users/aveng/Documents/GitHub/CarbonPush2/CarbonPushTwo/Content/AnimStarterPack/Fire_Shotgun_Ironsights.uasset" 118
"C:/Users/aveng/Documents/GitHub/CarbonPush2/CarbonPushTwo/Content/AnimStarterPack/Hit_React_1.uasset" 119
"C:/Users/aveng/Documents/GitHub/CarbonPush2/CarbonPushTwo/Content/AnimStarterPack/Hit_React_3.uasset" 120
"C:/Users/aveng/Documents/GitHub/CarbonPush2/CarbonPushTwo/Content/AnimStarterPack/Hit_React_4.uasset" 121
"C:/Users/aveng/Documents/GitHub/CarbonPush2/CarbonPushTwo/Content/AnimStarterPack/Idle_Pistol.uasset" 122
"C:/Users/aveng/Documents/GitHub/CarbonPush2/CarbonPushTwo/Content/AnimStarterPack/Idle_Rifle_Hip_Break1.uasset" 123
"C:/Users/aveng/Documents/GitHub/CarbonPush2/CarbonPushTwo/Content/AnimStarterPack/Idle_Rifle_Hip_Break2.uasset" 124
"C:/Users/aveng/Documents/GitHub/CarbonPush2/CarbonPushTwo/Content/AnimStarterPack/Jump_From_Stand_Ironsights.uasset" 125
"C:/Users/aveng/Documents/GitHub/CarbonPush2/CarbonPushTwo/Content/AnimStarterPack/Prone_Death_1.uasset" 126
"C:/Users/aveng/Documents/GitHub/CarbonPush2/CarbonPushTwo/Content/AnimStarterPack/Prone_Death_2.uasset" 127
"C:/Users/aveng/Documents/GitHub/CarbonPush2/CarbonPushTwo/Content/AnimStarterPack/Prone_Fire_1.uasset" 128
"C:/Users/aveng/Documents/GitHub/CarbonPush2/CarbonPushTwo/Content/AnimStarterPack/Prone_Fire_2.uasset" 129
"C:/Users/aveng/Documents/GitHub/CarbonPush2/CarbonPushTwo/Content/AnimStarterPack/Prone_Idle.uasset" 130
"C:/Users/aveng/Documents/GitHub/CarbonPush2/CarbonPushTwo/Content/AnimStarterPack/Prone_Reload_Rifle.uasset" 131
"C:/Users/aveng/Documents/GitHub/CarbonPush2/CarbonPushTwo/Content/AnimStarterPack/Prone_Reload_Shotgun.uasset" 132
"C:/Users/aveng/Documents/GitHub/CarbonPush2/CarbonPushTwo/Content/AnimStarterPack/Prone_To_Stand.uasset" 133
"C:/Users/aveng/Documents/GitHub/CarbonPush2/CarbonPushTwo/Content/AnimStarterPack/Reload_Pistol.uasset" 134
"C:/Users/aveng/Documents/GitHub/CarbonPush2/CarbonPushTwo/Content/AnimStarterPack/Reload_Rifle_Hip.uasset" 135
"C:/Users/aveng/Documents/GitHub/CarbonPush2/CarbonPushTwo/Content/AnimStarterPack/Reload_Rifle_Ironsights.uasset" 136
"C:/Users/aveng/Documents/GitHub/CarbonPush2/CarbonPushTwo/Content/AnimStarterPack/Reload_Shotgun_Hip.uasset" 137
"C:/Users/aveng/Documents/GitHub/CarbonPush2/CarbonPushTwo/Content/AnimStarterPack/Reload_Shotgun_Ironsights.uasset" 138
"C:/Users/aveng/Documents/GitHub/CarbonPush2/CarbonPushTwo/Content/AnimStarterPack/Sprint_Fwd_Rifle.uasset" 139
"C:/Users/aveng/Documents/GitHub/CarbonPush2/CarbonPushTwo/Content/AnimStarterPack/Stand_to_Crouch_Rifle_Hip.uasset" 140
"C:/Users/aveng/Documents/GitHub/CarbonPush2/CarbonPushTwo/Content/AnimStarterPack/Stand_to_Crouch_Rifle_Ironsights.uasset" 141
"C:/Users/aveng/Documents/GitHub/CarbonPush2/CarbonPushTwo/Content/AnimStarterPack/Stand_To_Prone.uasset" 142
"C:/Users/aveng/Documents/GitHub/CarbonPush2/CarbonPushTwo/Content/Textures/Texture_Cardboard.uasset" 143
"C:/Users/aveng/Documents/GitHub/CarbonPush2/CarbonPushTwo/Content/Textures/6857659-light-brown-wallpaper.uasset" 144
"C:/Users/aveng/Documents/GitHub/CarbonPush2/CarbonPushTwo/Content/Materials/MTL_Cardboard.uasset" 145
"C:/Users/aveng/Documents/GitHub/CarbonPush2/CarbonPushTwo/Content/Materials/6857659-light-brown-wallpaper_Mat.uasset" 146
"C:/Users/aveng/Documents/GitHub/CarbonPush2/CarbonPushTwo/Content/Materials/DarkGreen.uasset" 147
"C:/Users/aveng/Documents/GitHub/CarbonPush2/CarbonPushTwo/Content/Materials/MTL_Dark_Metal.uasset" 148
"C:/Users/aveng/Documents/GitHub/CarbonPush2/CarbonPushTwo/Content/Materials/darkMetal.uasset" 149
"C:/Users/aveng/Documents/GitHub/CarbonPush2/CarbonPushTwo/Content/Materials/MTL_Flashbang.uasset" 150
"C:/Users/aveng/Documents/GitHub/CarbonPush2/CarbonPushTwo/Content/Materials/MK13_Flash_Bang.uasset" 151
"C:/Users/aveng/Documents/GitHub/CarbonPush2/CarbonPushTwo/Content/Sounds/SC_SmithWesson.uasset" 152
"C:/Users/aveng/Documents/GitHub/CarbonPush2/CarbonPushTwo/Content/Sounds/40_smith_wesson_single-mike-koenig_Cue.uasset" 153
"C:/Users/aveng/Documents/GitHub/CarbonPush2/CarbonPushTwo/Content/Sprites/GreenArrow_Sprite.uasset" 154
"C:/Users/aveng/Documents/GitHub/CarbonPush2/CarbonPushTwo/Content/Sprites/RedArrow_Sprite.uasset" 155
"C:/Users/aveng/Documents/GitHub/CarbonPush2/CarbonPushTwo/Content/StaticMeshes/SM_Cardboard_Box.uasset" 156
"C:/Users/aveng/Documents/GitHub/CarbonPush2/CarbonPushTwo/Content/StaticMeshes/Cardboard_box.uasset" 157
"C:/Users/aveng/Documents/GitHub/CarbonPush2/CarbonPushTwo/Content/StaticMeshes/MK13_Flash_Bang_MK13_Flash_Bang.uasset" 158
"C:/Users/aveng/Documents/GitHub/CarbonPush2/CarbonPushTwo/Content/DestructibleMeshes/targetA_DM.uasset" 159
"C:/Users/aveng/Documents/GitHub/CarbonPush2/CarbonPushTwo/Content/StaticMeshes/targetA_DM.uasset" 160
"C:/Users/aveng/Documents/GitHub/CarbonPush2/CarbonPushTwo/Content/Textures/RedArrow.uasset" 161
"../../../Engine/Content/Animation/DefaultAnimBoneCompressionSettings.uasset" 162
"../../../Engine/Content/Animation/DefaultAnimCurveCompressionSettings.uasset" 163
"../../../Engine/Content/ArtTools/RenderToTexture/Meshes/S_1_Unit_Plane.uasset" 164
"../../../Engine/Content/EngineMaterials/DefaultMaterial.uasset" 165
"../../../Engine/Content/BasicShapes/Cone.uasset" 166
"../../../Engine/Content/BasicShapes/Cube.uasset" 167
"../../../Engine/Content/BasicShapes/Cylinder.uasset" 168
"../../../Engine/Content/BasicShapes/Plane.uasset" 169
"../../../Engine/Content/BasicShapes/Sphere.uasset" 170
"../../../Engine/Content/EditorLandscapeResources/DataLayer.uasset" 171
"../../../Engine/Content/EditorMaterials/MAT_Groups_Toggle.uasset" 172
"../../../Engine/Content/EditorMaterials/MAT_Groups_Visibility.uasset" 173
"../../../Engine/Content/EditorMaterials/PreviewShadowIndicator.uasset" 174
"../../../Engine/Content/EditorMaterials/PreviewShadowIndicatorMaterial.uasset" 175
"../../../Engine/Content/EditorMaterials/MatineeGroups/MAT_ColorTrack.uasset" 176
"../../../Engine/Content/EditorMaterials/MatineeGroups/MAT_Groups_Anim.uasset" 177
"../../../Engine/Content/EditorMaterials/MatineeGroups/MAT_Groups_AudioMaster.uasset" 178
"../../../Engine/Content/EditorMaterials/MatineeGroups/MAT_Groups_Director.uasset" 179
"../../../Engine/Content/EditorMaterials/MatineeGroups/MAT_Groups_Event.uasset" 180
"../../../Engine/Content/EditorMaterials/MatineeGroups/MAT_Groups_Fade.uasset" 181
"../../../Engine/Content/EditorMaterials/MatineeGroups/MAT_Groups_Float.uasset" 182
"../../../Engine/Content/EditorMaterials/MatineeGroups/MAT_Groups_Move.uasset" 183
"../../../Engine/Content/EditorMaterials/MatineeGroups/MAT_Groups_Slomo.uasset" 184
"../../../Engine/Content/EditorMaterials/MatineeGroups/MAT_Groups_Sound.uasset" 185
"../../../Engine/Content/EditorMaterials/MatineeGroups/MAT_Groups_Vector.uasset" 186
"../../../Engine/Content/EditorMaterials/ParticleSystems/PSysThumbnail_NoImage.uasset" 187
"../../../Engine/Content/EditorMaterials/ParticleSystems/PSysThumbnail_OOD.uasset" 188
"../../../Engine/Content/EditorMaterials/Camera/CineMat.uasset" 189
"../../../Engine/Content/EditorMaterials/Camera/MI_CineMat_Rig.uasset" 190
"../../../Engine/Content/EditorMeshes/Camera/SM_CraneRig_Arm.uasset" 191
"../../../Engine/Content/EditorMeshes/Camera/SM_CraneRig_Base.uasset" 192
"../../../Engine/Content/EditorMeshes/Camera/SM_CraneRig_Body.uasset" 193
"../../../Engine/Content/EditorMeshes/Camera/SM_CraneRig_Mount.uasset" 194
"../../../Engine/Content/EditorMeshes/Camera/SM_RailRig_Mount.uasset" 195
"../../../Engine/Content/EditorMeshes/Camera/SM_RailRig_Track.uasset" 196
"../../../Engine/Content/EditorResources/BSPVertex.uasset" 197
"../../../Engine/Content/EditorResources/EmptyActor.uasset" 198
"../../../Engine/Content/EditorResources/S_Actor.uasset" 199
"../../../Engine/Content/EditorResources/S_Note.uasset" 200
"../../../Engine/Content/EditorResources/S_Solver.uasset" 201
"../../../Engine/Content/EditorResources/S_Trigger.uasset" 202
"../../../Engine/Content/EditorResources/LightIcons/S_LightError.uasset" 203
"../../../Engine/Content/EditorResources/SequenceRecorder/Countdown.uasset" 204
"../../../Engine/Content/EditorResources/SequenceRecorder/RecordingIndicator.uasset" 205
"../../../Engine/Content/EditorSounds/Notifications/CompileFailed.uasset" 206
"../../../Engine/Content/EditorSounds/Notifications/CompileFailed_Cue.uasset" 207
"../../../Engine/Content/EditorSounds/Notifications/CompileSuccess.uasset" 208
"../../../Engine/Content/EditorSounds/Notifications/CompileStart_Cue.uasset" 209
"../../../Engine/Content/EditorSounds/Notifications/CompileSuccess_Cue.uasset" 210
"../../../Engine/Content/EngineDamageTypes/DmgTypeBP_Environmental.uasset" 211
"../../../Engine/Content/EngineDebugMaterials/DebugEditorMaterial.uasset" 212
"../../../Engine/Content/EngineDebugMaterials/DebugMeshMaterial.uasset" 213
"../../../Engine/Content/EngineDebugMaterials/M_SimpleUnlitTranslucent.uasset" 214
"../../../Engine/Content/Functions/Engine_MaterialFunctions02/Utility/CameraDirectionVector.uasset" 215
"../../../Engine/Content/EngineDebugMaterials/VolumeToRender.uasset" 216
"../../../Engine/Content/EngineDebugMaterials/M_VolumeRenderSphereTracePP.uasset" 217
"../../../Engine/Content/EngineDebugMaterials/WireframeMaterial.uasset" 218
"../../../Engine/Content/EngineFonts/Faces/DroidSansFallback.uasset" 219
"../../../Engine/Content/EngineFonts/Faces/RobotoBold.uasset" 220
"../../../Engine/Content/EngineFonts/Faces/RobotoBoldItalic.uasset" 221
"../../../Engine/Content/EngineFonts/Faces/RobotoItalic.uasset" 222
"../../../Engine/Content/EngineFonts/Faces/RobotoLight.uasset" 223
"../../../Engine/Content/EngineFonts/Faces/RobotoRegular.uasset" 224
"../../../Engine/Content/EngineFonts/Roboto.uasset" 225
"../../../Engine/Content/EngineMaterials/BaseFlattenDiffuseMap.uasset" 226
"../../../Engine/Content/EngineMaterials/BaseFlattenEmissiveMap.uasset" 227
"../../../Engine/Content/EngineMaterials/BaseFlattenGrayscaleMap.uasset" 228
"../../../Engine/Content/EngineMaterials/BaseFlattenNormalMap.uasset" 229
"../../../Engine/Content/EngineMaterials/BaseFlattenMaterial.uasset" 230
"../../../Engine/Content/EngineMaterials/BlueNoise.uasset" 231
"../../../Engine/Content/EngineMaterials/DefaultBloomKernel.uasset" 232
"../../../Engine/Content/EngineMaterials/DefaultBokeh.uasset" 233
"../../../Engine/Content/EngineMaterials/DefaultDiffuse.uasset" 234
"../../../Engine/Content/EngineMaterials/DefaultDeferredDecalMaterial.uasset" 235
"../../../Engine/Content/EngineMaterials/DefaultLightFunctionMaterial.uasset" 236
"../../../Engine/Content/EngineMaterials/DefaultPhysicalMaterial.uasset" 237
"../../../Engine/Content/Functions/Engine_MaterialFunctions02/Utility/BreakOutFloat2Components.uasset" 238
"../../../Engine/Content/EngineMaterials/DefaultPostProcessMaterial.uasset" 239
"../../../Engine/Content/EngineFonts/RobotoDistanceField.uasset" 240
"../../../Engine/Content/EngineMaterials/DefaultTextMaterialOpaque.uasset" 241
"../../../Engine/Content/EngineMaterials/DefaultWhiteGrid.uasset" 242
"../../../Engine/Content/EngineMaterials/DefaultWhiteGrid_Low.uasset" 243
"../../../Engine/Content/EngineMaterials/EmissiveMeshMaterial.uasset" 244
"../../../Engine/Content/EngineMaterials/GizmoMaterial.uasset" 245
"../../../Engine/Content/EngineMaterials/Good64x64TilingNoiseHighFreq.uasset" 246
"../../../Engine/Content/EngineMaterials/MiniFont.uasset" 247
"../../../Engine/Content/EngineMaterials/InvalidLightmapSettings.uasset" 248
"../../../Engine/Content/EngineMaterials/M_InvalidLightmapSettings.uasset" 249
"../../../Engine/Content/Functions/Engine_MaterialFunctions02/WorldPositionOffset/CameraOffset.uasset" 250
"../../../Engine/Content/EngineMaterials/PhAT_JointLimitMaterial.uasset" 251
"../../../Engine/Content/EngineMaterials/PreintegratedSkinBRDF.uasset" 252
"../../../Engine/Content/EngineMaterials/RemoveSurfaceMaterial.uasset" 253
"../../../Engine/Content/EngineMaterials/WeightMapPlaceholderTexture.uasset" 254
"../../../Engine/Content/EngineResources/WhiteSquareTexture.uasset" 255
"../../../Engine/Content/EngineMaterials/Widget3DPassThrough.uasset" 256
"../../../Engine/Content/EngineMaterials/Widget3DPassThrough_Masked.uasset" 257
"../../../Engine/Content/EngineMaterials/Widget3DPassThrough_Opaque.uasset" 258
"../../../Engine/Content/EngineMaterials/Widget3DPassThrough_Masked_OneSided.uasset" 259
"../../../Engine/Content/EngineMaterials/Widget3DPassThrough_Opaque_OneSided.uasset" 260
"../../../Engine/Content/EngineMaterials/Widget3DPassThrough_Translucent.uasset" 261
"../../../Engine/Content/EngineMaterials/Widget3DPassThrough_Translucent_OneSided.uasset" 262
"../../../Engine/Content/EngineMeshes/Cube.uasset" 263
"../../../Engine/Content/EngineMeshes/Cylinder.uasset" 264
"../../../Engine/Content/EngineMeshes/Sphere.uasset" 265
"../../../Engine/Content/EngineResources/Black.uasset" 266
"../../../Engine/Content/EngineResources/DefaultTexture.uasset" 267
"../../../Engine/Content/EngineResources/DefaultTextureCube.uasset" 268
"../../../Engine/Content/EngineResources/DefaultVolumeTexture2D.uasset" 269
"../../../Engine/Content/EngineResources/DefaultVolumeTexture.uasset" 270
"../../../Engine/Content/EngineResources/GradientTexture0.uasset" 271
"../../../Engine/Content/EngineSounds/Master.uasset" 272
"../../../Engine/Content/Functions/Engine_MaterialFunctions01/Shading/ConvertFromDiffSpec.uasset" 273
"../../../Engine/Content/Functions/Engine_MaterialFunctions01/Shading/PowerToRoughness.uasset" 274
"../../../Engine/Content/Maps/Templates/Thumbnails/Default.uasset" 275
"../../../Engine/Content/Maps/Templates/Thumbnails/TimeOfDay.uasset" 276
"../../../Engine/Content/Maps/Templates/Thumbnails/VR-Basic.uasset" 277
"../../../Engine/Content/MobileResources/T_MobileControls_texture.uasset" 278
"../../../Engine/Content/MobileResources/T_MobileMenu2.uasset" 279
"../../../Engine/Content/MobileResources/HUD/AnalogHat.uasset" 280
"../../../Engine/Content/MobileResources/HUD/VirtualJoystick_Background.uasset" 281
"../../../Engine/Content/MobileResources/HUD/VirtualJoystick_Thumb.uasset" 282
"../../../Engine/Content/MobileResources/HUD/DefaultVirtualJoysticks.uasset" 283
"../../../Engine/Content/MobileResources/HUD/LeftVirtualJoystickOnly.uasset" 284
"../../../Engine/Content/MobileResources/HUD/MobileHUDButton1_off.uasset" 285
"../../../Engine/Content/MobileResources/HUD/MobileHUDButton1_on.uasset" 286
"../../../Engine/Content/MobileResources/HUD/MobileHUDButton2_off.uasset" 287
"../../../Engine/Content/MobileResources/HUD/MobileHUDButton2_on.uasset" 288
"../../../Engine/Content/MobileResources/HUD/MobileHUDButton3.uasset" 289
"../../../Engine/Content/MobileResources/HUD/MobileHUDButtonFire.uasset" 290
"../../../Engine/Content/MobileResources/HUD/MobileHUDDirectionPad.uasset" 291
"../../../Engine/Content/MobileResources/HUD/MobileHUDDirectionPad2.uasset" 292
"../../../Engine/Content/MobileResources/HUD/MobileHUDDirectionPad3.uasset" 293
"../../../Engine/Content/MobileResources/HUD/MobileHUDDirectionStick.uasset" 294
"../../../Engine/Content/MobileResources/HUD/T_Castle_ThumbstickInner.uasset" 295
"../../../Engine/Content/MobileResources/HUD/T_Castle_ThumbstickOutter.uasset" 296
"../../../Engine/Content/Tutorial/ContentIntroCurve.uasset" 297
"../../../Engine/Content/Tutorial/Basics/LevelEditorAttract.uasset" 298
"../../../Engine/Content/Tutorial/Basics/TutorialAssets/icon_tab_Levels_40x.uasset" 299
"../../../Engine/Content/Tutorial/Basics/LevelEditorOverview.uasset" 300
"../../../Engine/Content/Tutorial/BlueprintTutorials/TutorialAssets/Blueprint_64x.uasset" 301
"../../../Engine/Content/Tutorial/BlueprintTutorials/BlueprintEditorTutorial.uasset" 302
"../../../Engine/Content/Tutorial/SubEditors/StaticMeshEditorTutorial.uasset" 303
"../../../Engine/Content/VREditor/LaserPointer/VR_LaserPower_01.uasset" 304
"../../../Engine/Content/VREditor/TransformGizmo/TransformGizmoMaterial.uasset" 305
"../../../Engine/Content/VREditor/TransformGizmo/TranslucentTransformGizmoMaterial.uasset" 306
"../../../Engine/Content/VREditor/TransformGizmo/BoundingBoxCorner.uasset" 307
"../../../Engine/Content/VREditor/TransformGizmo/BoundingBoxEdge.uasset" 308
"../../../Engine/Content/VREditor/TransformGizmo/PlaneTranslationHandle.uasset" 309
"../../../Engine/Content/VREditor/TransformGizmo/Main.uasset" 310
"../../../Engine/Content/VREditor/TransformGizmo/Xray.uasset" 311
"../../../Engine/Content/VREditor/TransformGizmo/SM_Sequencer_Key.uasset" 312
"../../../Engine/Content/VREditor/TransformGizmo/SM_Sequencer_Node.uasset" 313
"../../Plugins/2D/Paper2D/Content/DummySprite.uasset" 314
"../../Plugins/2D/Paper2D/Content/DefaultPaperTerrainMaterial.uasset" 315
"../../Plugins/2D/Paper2D/Content/MaskedUnlitSpriteMaterial.uasset" 316
"../../Plugins/2D/Paper2D/Content/OpaqueUnlitSpriteMaterial.uasset" 317
"../../Plugins/FX/Niagara/Content/Enums/ENiagaraBooleanLogicOps.uasset" 318
"../../Plugins/FX/Niagara/Content/Enums/ENiagaraCoordinateSpace.uasset" 319
"../../Plugins/FX/Niagara/Content/Enums/ENiagaraExpansionMode.uasset" 320
"../../Plugins/FX/Niagara/Content/Enums/ENiagaraOrientationAxis.uasset" 321
"../../Plugins/FX/Niagara/Content/Enums/ENiagaraRandomnessMode.uasset" 322
"../../../Engine/Content/Functions/Engine_MaterialFunctions02/Utility/BreakOutFloat4Components.uasset" 323
"../../../Engine/Content/Functions/Engine_MaterialFunctions02/Utility/MakeFloat2.uasset" 324
"../../../Engine/Content/Functions/Engine_MaterialFunctions02/Utility/MakeFloat3.uasset" 325
"../../Plugins/Runtime/Oculus/OculusVR/Content/Materials/OculusMR_ChromaKey.uasset" 326
"../../Plugins/Runtime/Oculus/OculusVR/Content/Materials/OculusMR_ChromaKey_Lit.uasset" 327
"../../Plugins/Runtime/Oculus/OculusVR/Content/Materials/OculusMR_OpaqueColoredMaterial.uasset" 328
"../../Plugins/Runtime/Oculus/OculusVR/Content/Materials/OculusMR_WhiteMaterial.uasset" 329
"../../../Engine/Content/EngineSky/C_Sky_Cloud_Color.uasset" 330
"../../../Engine/Content/EngineSky/C_Sky_Horizon_Color.uasset" 331
"../../../Engine/Content/EngineSky/C_Sky_Zenith_Color.uasset" 332
"../../../Engine/Content/EngineSky/T_Sky_Blue.uasset" 333
"../../../Engine/Content/EngineSky/T_Sky_Clouds_M.uasset" 334
"../../../Engine/Content/EngineSky/T_Sky_Stars.uasset" 335
"../../../Engine/Content/EngineSky/M_Sky_Panning_Clouds2.uasset" 336
"../../../Engine/Content/EngineSky/SM_SkySphere.uasset" 337
"../../../Engine/Content/EngineSky/BP_Sky_Sphere.uasset" 338
"C:/Users/aveng/Documents/GitHub/CarbonPush2/CarbonPushTwo/Content/Levels/End_Screen_BuiltData.uasset" 339
"../../../Engine/Content/MapTemplates/SM_Template_Map_Floor.uasset" 340
"C:/Users/aveng/Documents/GitHub/CarbonPush2/CarbonPushTwo/Content/Levels/End_Screen.umap" 341
"C:/Users/aveng/Documents/GitHub/CarbonPush2/CarbonPushTwo/Content/Blueprints/BP_CardboardBox.uasset" 342
"C:/Users/aveng/Documents/GitHub/CarbonPush2/CarbonPushTwo/Content/Materials/dark.uasset" 343
"C:/Users/aveng/Documents/GitHub/CarbonPush2/CarbonPushTwo/Content/StaticMeshes/SM_Cube.uasset" 344
"C:/Users/aveng/Documents/GitHub/CarbonPush2/CarbonPushTwo/Content/Blueprints/BP_MoveableObjects.uasset" 345
"C:/Users/aveng/Documents/GitHub/CarbonPush2/CarbonPushTwo/Content/Levels/Main_Screen_BuiltData.uasset" 346
"C:/Users/aveng/Documents/GitHub/CarbonPush2/CarbonPushTwo/Content/Levels/Main_Screen.umap" 347
"C:/Users/aveng/Documents/GitHub/CarbonPush2/CarbonPushTwo/Content/Levels/Rules_Screen_BuiltData.uasset" 348
"C:/Users/aveng/Documents/GitHub/CarbonPush2/CarbonPushTwo/Content/Levels/Rules_Screen.umap" 349
"C:/Users/aveng/Documents/GitHub/CarbonPush2/CarbonPushTwo/Content/Levels/Title_Screen_BuiltData.uasset" 350
"C:/Users/aveng/Documents/GitHub/CarbonPush2/CarbonPushTwo/Content/Levels/Title_Screen.umap" 351
